[0.020s] Invoking command in '/home/seoyoon/turtlebot3_ws/build/turtlebot3_node': CMAKE_PREFIX_PATH=/home/seoyoon/turtlebot3_ws/install/turtlebot3_msgs:/home/seoyoon/turtlebot3_ws/install/dynamixel_sdk:/home/seoyoon/turtlebot3_ws/install/turtlebot3:/home/seoyoon/turtlebot3_ws/install/turtlebot3_bringup:/home/seoyoon/turtlebot3_ws/install/turtlebot3_node:/home/seoyoon/turtlebot3_ws/install/turtlebot3_navigation2:/home/seoyoon/turtlebot3_ws/install/turtlebot3_description:/home/seoyoon/turtlebot3_ws/install/turtlebot3_cartographer:/home/seoyoon/turtlebot3_ws/install/dynamixel_sdk_examples:/home/seoyoon/turtlebot3_ws/install/dynamixel_sdk_custom_interfaces:/home/seoyoon/turtlebot3_ws/install/turtlebot3_teleop:/home/seoyoon/turtlebot3_ws/install/turtlebot3_example:/opt/ros/humble LD_LIBRARY_PATH=/home/seoyoon/turtlebot3_ws/install/turtlebot3_msgs/lib:/home/seoyoon/turtlebot3_ws/install/dynamixel_sdk/lib:/home/seoyoon/turtlebot3_ws/install/dynamixel_sdk_custom_interfaces/lib:/usr/lib/x86_64-linux-gnu/gazebo-11/plugins:/opt/ros/humble/opt/rviz_ogre_vendor/lib:/opt/ros/humble/lib/x86_64-linux-gnu:/opt/ros/humble/lib:/usr/lib/x86_64-linux-gnu/gazebo-11/plugins /usr/bin/cmake --build /home/seoyoon/turtlebot3_ws/build/turtlebot3_node -- -j8 -l8
[0.267s] [35m[1mConsolidate compiler generated dependencies of target turtlebot3_node_lib[0m
[0.268s] [ 85%] Built target turtlebot3_node_lib
[0.268s] [35m[1mConsolidate compiler generated dependencies of target turtlebot3_ros[0m
[0.268s] [100%] Built target turtlebot3_ros
[0.275s] Invoked command in '/home/seoyoon/turtlebot3_ws/build/turtlebot3_node' returned '0': CMAKE_PREFIX_PATH=/home/seoyoon/turtlebot3_ws/install/turtlebot3_msgs:/home/seoyoon/turtlebot3_ws/install/dynamixel_sdk:/home/seoyoon/turtlebot3_ws/install/turtlebot3:/home/seoyoon/turtlebot3_ws/install/turtlebot3_bringup:/home/seoyoon/turtlebot3_ws/install/turtlebot3_node:/home/seoyoon/turtlebot3_ws/install/turtlebot3_navigation2:/home/seoyoon/turtlebot3_ws/install/turtlebot3_description:/home/seoyoon/turtlebot3_ws/install/turtlebot3_cartographer:/home/seoyoon/turtlebot3_ws/install/dynamixel_sdk_examples:/home/seoyoon/turtlebot3_ws/install/dynamixel_sdk_custom_interfaces:/home/seoyoon/turtlebot3_ws/install/turtlebot3_teleop:/home/seoyoon/turtlebot3_ws/install/turtlebot3_example:/opt/ros/humble LD_LIBRARY_PATH=/home/seoyoon/turtlebot3_ws/install/turtlebot3_msgs/lib:/home/seoyoon/turtlebot3_ws/install/dynamixel_sdk/lib:/home/seoyoon/turtlebot3_ws/install/dynamixel_sdk_custom_interfaces/lib:/usr/lib/x86_64-linux-gnu/gazebo-11/plugins:/opt/ros/humble/opt/rviz_ogre_vendor/lib:/opt/ros/humble/lib/x86_64-linux-gnu:/opt/ros/humble/lib:/usr/lib/x86_64-linux-gnu/gazebo-11/plugins /usr/bin/cmake --build /home/seoyoon/turtlebot3_ws/build/turtlebot3_node -- -j8 -l8
[0.278s] Invoking command in '/home/seoyoon/turtlebot3_ws/build/turtlebot3_node': CMAKE_PREFIX_PATH=/home/seoyoon/turtlebot3_ws/install/turtlebot3_msgs:/home/seoyoon/turtlebot3_ws/install/dynamixel_sdk:/home/seoyoon/turtlebot3_ws/install/turtlebot3:/home/seoyoon/turtlebot3_ws/install/turtlebot3_bringup:/home/seoyoon/turtlebot3_ws/install/turtlebot3_node:/home/seoyoon/turtlebot3_ws/install/turtlebot3_navigation2:/home/seoyoon/turtlebot3_ws/install/turtlebot3_description:/home/seoyoon/turtlebot3_ws/install/turtlebot3_cartographer:/home/seoyoon/turtlebot3_ws/install/dynamixel_sdk_examples:/home/seoyoon/turtlebot3_ws/install/dynamixel_sdk_custom_interfaces:/home/seoyoon/turtlebot3_ws/install/turtlebot3_teleop:/home/seoyoon/turtlebot3_ws/install/turtlebot3_example:/opt/ros/humble LD_LIBRARY_PATH=/home/seoyoon/turtlebot3_ws/install/turtlebot3_msgs/lib:/home/seoyoon/turtlebot3_ws/install/dynamixel_sdk/lib:/home/seoyoon/turtlebot3_ws/install/dynamixel_sdk_custom_interfaces/lib:/usr/lib/x86_64-linux-gnu/gazebo-11/plugins:/opt/ros/humble/opt/rviz_ogre_vendor/lib:/opt/ros/humble/lib/x86_64-linux-gnu:/opt/ros/humble/lib:/usr/lib/x86_64-linux-gnu/gazebo-11/plugins /usr/bin/cmake --install /home/seoyoon/turtlebot3_ws/build/turtlebot3_node
[0.286s] -- Install configuration: ""
[0.286s] -- Execute custom install script
[0.286s] -- Up-to-date symlink: /home/seoyoon/turtlebot3_ws/install/turtlebot3_node/share/turtlebot3_node/param/burger.yaml
[0.286s] -- Up-to-date symlink: /home/seoyoon/turtlebot3_ws/install/turtlebot3_node/share/turtlebot3_node/param/waffle.yaml
[0.286s] -- Up-to-date symlink: /home/seoyoon/turtlebot3_ws/install/turtlebot3_node/share/turtlebot3_node/param/waffle_pi.yaml
[0.286s] -- Up-to-date symlink: /home/seoyoon/turtlebot3_ws/install/turtlebot3_node/lib/turtlebot3_node/turtlebot3_ros
[0.286s] -- Up-to-date symlink: /home/seoyoon/turtlebot3_ws/install/turtlebot3_node/share/ament_index/resource_index/package_run_dependencies/turtlebot3_node
[0.286s] -- Up-to-date symlink: /home/seoyoon/turtlebot3_ws/install/turtlebot3_node/share/ament_index/resource_index/parent_prefix_path/turtlebot3_node
[0.286s] -- Up-to-date symlink: /home/seoyoon/turtlebot3_ws/install/turtlebot3_node/share/turtlebot3_node/environment/ament_prefix_path.sh
[0.286s] -- Up-to-date symlink: /home/seoyoon/turtlebot3_ws/install/turtlebot3_node/share/turtlebot3_node/environment/ament_prefix_path.dsv
[0.286s] -- Up-to-date symlink: /home/seoyoon/turtlebot3_ws/install/turtlebot3_node/share/turtlebot3_node/environment/path.sh
[0.287s] -- Up-to-date symlink: /home/seoyoon/turtlebot3_ws/install/turtlebot3_node/share/turtlebot3_node/environment/path.dsv
[0.287s] -- Up-to-date symlink: /home/seoyoon/turtlebot3_ws/install/turtlebot3_node/share/turtlebot3_node/local_setup.bash
[0.287s] -- Up-to-date symlink: /home/seoyoon/turtlebot3_ws/install/turtlebot3_node/share/turtlebot3_node/local_setup.sh
[0.287s] -- Up-to-date symlink: /home/seoyoon/turtlebot3_ws/install/turtlebot3_node/share/turtlebot3_node/local_setup.zsh
[0.287s] -- Up-to-date symlink: /home/seoyoon/turtlebot3_ws/install/turtlebot3_node/share/turtlebot3_node/local_setup.dsv
[0.287s] -- Symlinking: /home/seoyoon/turtlebot3_ws/install/turtlebot3_node/share/turtlebot3_node/package.dsv
[0.297s] -- Up-to-date symlink: /home/seoyoon/turtlebot3_ws/install/turtlebot3_node/share/ament_index/resource_index/packages/turtlebot3_node
[0.297s] -- Up-to-date symlink: /home/seoyoon/turtlebot3_ws/install/turtlebot3_node/share/turtlebot3_node/cmake/ament_cmake_export_dependencies-extras.cmake
[0.297s] -- Up-to-date symlink: /home/seoyoon/turtlebot3_ws/install/turtlebot3_node/share/turtlebot3_node/cmake/ament_cmake_export_include_directories-extras.cmake
[0.297s] -- Up-to-date symlink: /home/seoyoon/turtlebot3_ws/install/turtlebot3_node/share/turtlebot3_node/cmake/turtlebot3_nodeConfig.cmake
[0.297s] -- Up-to-date symlink: /home/seoyoon/turtlebot3_ws/install/turtlebot3_node/share/turtlebot3_node/cmake/turtlebot3_nodeConfig-version.cmake
[0.297s] -- Up-to-date symlink: /home/seoyoon/turtlebot3_ws/install/turtlebot3_node/share/turtlebot3_node/package.xml
[0.311s] Invoked command in '/home/seoyoon/turtlebot3_ws/build/turtlebot3_node' returned '0': CMAKE_PREFIX_PATH=/home/seoyoon/turtlebot3_ws/install/turtlebot3_msgs:/home/seoyoon/turtlebot3_ws/install/dynamixel_sdk:/home/seoyoon/turtlebot3_ws/install/turtlebot3:/home/seoyoon/turtlebot3_ws/install/turtlebot3_bringup:/home/seoyoon/turtlebot3_ws/install/turtlebot3_node:/home/seoyoon/turtlebot3_ws/install/turtlebot3_navigation2:/home/seoyoon/turtlebot3_ws/install/turtlebot3_description:/home/seoyoon/turtlebot3_ws/install/turtlebot3_cartographer:/home/seoyoon/turtlebot3_ws/install/dynamixel_sdk_examples:/home/seoyoon/turtlebot3_ws/install/dynamixel_sdk_custom_interfaces:/home/seoyoon/turtlebot3_ws/install/turtlebot3_teleop:/home/seoyoon/turtlebot3_ws/install/turtlebot3_example:/opt/ros/humble LD_LIBRARY_PATH=/home/seoyoon/turtlebot3_ws/install/turtlebot3_msgs/lib:/home/seoyoon/turtlebot3_ws/install/dynamixel_sdk/lib:/home/seoyoon/turtlebot3_ws/install/dynamixel_sdk_custom_interfaces/lib:/usr/lib/x86_64-linux-gnu/gazebo-11/plugins:/opt/ros/humble/opt/rviz_ogre_vendor/lib:/opt/ros/humble/lib/x86_64-linux-gnu:/opt/ros/humble/lib:/usr/lib/x86_64-linux-gnu/gazebo-11/plugins /usr/bin/cmake --install /home/seoyoon/turtlebot3_ws/build/turtlebot3_node
