[1.304s] Invoking command in '/home/seoyoon/turtlebot3_ws/build/turtlebot3_autorace_mission': PYTHONPATH=/home/seoyoon/turtlebot3_ws/build/turtlebot3_autorace_mission/prefix_override:/usr/lib/python3/dist-packages/colcon_core/task/python/colcon_distutils_commands:/home/seoyoon/turtlebot3_ws/install/turtlebot3_autorace_mission/lib/python3.10/site-packages:${PYTHONPATH} /usr/bin/python3 -W ignore:setup.py install is deprecated -W ignore:easy_install command is deprecated setup.py develop --uninstall --editable --build-directory /home/seoyoon/turtlebot3_ws/build/turtlebot3_autorace_mission/build
[1.688s] running develop
[1.977s] Removing /home/seoyoon/turtlebot3_ws/install/turtlebot3_autorace_mission/lib/python3.10/site-packages/turtlebot3-autorace-mission.egg-link (link to .)
[2.019s] Invoked command in '/home/seoyoon/turtlebot3_ws/build/turtlebot3_autorace_mission' returned '0': PYTHONPATH=/home/seoyoon/turtlebot3_ws/build/turtlebot3_autorace_mission/prefix_override:/usr/lib/python3/dist-packages/colcon_core/task/python/colcon_distutils_commands:/home/seoyoon/turtlebot3_ws/install/turtlebot3_autorace_mission/lib/python3.10/site-packages:${PYTHONPATH} /usr/bin/python3 -W ignore:setup.py install is deprecated -W ignore:easy_install command is deprecated setup.py develop --uninstall --editable --build-directory /home/seoyoon/turtlebot3_ws/build/turtlebot3_autorace_mission/build
[2.021s] Invoking command in '/home/seoyoon/turtlebot3_ws/src/turtlebot3_autorace/turtlebot3_autorace_mission': PYTHONPATH=/home/seoyoon/turtlebot3_ws/build/turtlebot3_autorace_mission/prefix_override:/usr/lib/python3/dist-packages/colcon_core/task/python/colcon_distutils_commands:/home/seoyoon/turtlebot3_ws/install/turtlebot3_autorace_mission/lib/python3.10/site-packages:${PYTHONPATH} /usr/bin/python3 -W ignore:setup.py install is deprecated -W ignore:easy_install command is deprecated setup.py egg_info --egg-base ../../../build/turtlebot3_autorace_mission build --build-base /home/seoyoon/turtlebot3_ws/build/turtlebot3_autorace_mission/build install --record /home/seoyoon/turtlebot3_ws/build/turtlebot3_autorace_mission/install.log --single-version-externally-managed install_data --force
[2.378s] running egg_info
[2.379s] writing ../../../build/turtlebot3_autorace_mission/turtlebot3_autorace_mission.egg-info/PKG-INFO
[2.381s] writing dependency_links to ../../../build/turtlebot3_autorace_mission/turtlebot3_autorace_mission.egg-info/dependency_links.txt
[2.381s] writing entry points to ../../../build/turtlebot3_autorace_mission/turtlebot3_autorace_mission.egg-info/entry_points.txt
[2.381s] writing requirements to ../../../build/turtlebot3_autorace_mission/turtlebot3_autorace_mission.egg-info/requires.txt
[2.381s] writing top-level names to ../../../build/turtlebot3_autorace_mission/turtlebot3_autorace_mission.egg-info/top_level.txt
[2.383s] reading manifest file '../../../build/turtlebot3_autorace_mission/turtlebot3_autorace_mission.egg-info/SOURCES.txt'
[2.384s] writing manifest file '../../../build/turtlebot3_autorace_mission/turtlebot3_autorace_mission.egg-info/SOURCES.txt'
[2.384s] running build
[2.385s] running build_py
[2.385s] creating /home/seoyoon/turtlebot3_ws/build/turtlebot3_autorace_mission/build
[2.385s] creating /home/seoyoon/turtlebot3_ws/build/turtlebot3_autorace_mission/build/lib
[2.385s] creating /home/seoyoon/turtlebot3_ws/build/turtlebot3_autorace_mission/build/lib/turtlebot3_autorace_mission
[2.385s] copying turtlebot3_autorace_mission/mission_tunnel.py -> /home/seoyoon/turtlebot3_ws/build/turtlebot3_autorace_mission/build/lib/turtlebot3_autorace_mission
[2.385s] copying turtlebot3_autorace_mission/control_lane.py -> /home/seoyoon/turtlebot3_ws/build/turtlebot3_autorace_mission/build/lib/turtlebot3_autorace_mission
[2.386s] copying turtlebot3_autorace_mission/avoid_construction.py -> /home/seoyoon/turtlebot3_ws/build/turtlebot3_autorace_mission/build/lib/turtlebot3_autorace_mission
[2.386s] copying turtlebot3_autorace_mission/__init__.py -> /home/seoyoon/turtlebot3_ws/build/turtlebot3_autorace_mission/build/lib/turtlebot3_autorace_mission
[2.386s] running install
[2.387s] running install_lib
[2.387s] creating /home/seoyoon/turtlebot3_ws/install/turtlebot3_autorace_mission/lib/python3.10/site-packages/turtlebot3_autorace_mission
[2.387s] copying /home/seoyoon/turtlebot3_ws/build/turtlebot3_autorace_mission/build/lib/turtlebot3_autorace_mission/mission_tunnel.py -> /home/seoyoon/turtlebot3_ws/install/turtlebot3_autorace_mission/lib/python3.10/site-packages/turtlebot3_autorace_mission
[2.387s] copying /home/seoyoon/turtlebot3_ws/build/turtlebot3_autorace_mission/build/lib/turtlebot3_autorace_mission/control_lane.py -> /home/seoyoon/turtlebot3_ws/install/turtlebot3_autorace_mission/lib/python3.10/site-packages/turtlebot3_autorace_mission
[2.388s] copying /home/seoyoon/turtlebot3_ws/build/turtlebot3_autorace_mission/build/lib/turtlebot3_autorace_mission/avoid_construction.py -> /home/seoyoon/turtlebot3_ws/install/turtlebot3_autorace_mission/lib/python3.10/site-packages/turtlebot3_autorace_mission
[2.388s] copying /home/seoyoon/turtlebot3_ws/build/turtlebot3_autorace_mission/build/lib/turtlebot3_autorace_mission/__init__.py -> /home/seoyoon/turtlebot3_ws/install/turtlebot3_autorace_mission/lib/python3.10/site-packages/turtlebot3_autorace_mission
[2.389s] byte-compiling /home/seoyoon/turtlebot3_ws/install/turtlebot3_autorace_mission/lib/python3.10/site-packages/turtlebot3_autorace_mission/mission_tunnel.py to mission_tunnel.cpython-310.pyc
[2.389s] byte-compiling /home/seoyoon/turtlebot3_ws/install/turtlebot3_autorace_mission/lib/python3.10/site-packages/turtlebot3_autorace_mission/control_lane.py to control_lane.cpython-310.pyc
[2.396s] byte-compiling /home/seoyoon/turtlebot3_ws/install/turtlebot3_autorace_mission/lib/python3.10/site-packages/turtlebot3_autorace_mission/avoid_construction.py to avoid_construction.cpython-310.pyc
[2.399s] byte-compiling /home/seoyoon/turtlebot3_ws/install/turtlebot3_autorace_mission/lib/python3.10/site-packages/turtlebot3_autorace_mission/__init__.py to __init__.cpython-310.pyc
[2.399s] running install_data
[2.400s] copying resource/turtlebot3_autorace_mission -> /home/seoyoon/turtlebot3_ws/install/turtlebot3_autorace_mission/share/ament_index/resource_index/packages
[2.400s] copying package.xml -> /home/seoyoon/turtlebot3_ws/install/turtlebot3_autorace_mission/share/turtlebot3_autorace_mission
[2.400s] copying launch/mission_construction.launch.py -> /home/seoyoon/turtlebot3_ws/install/turtlebot3_autorace_mission/share/turtlebot3_autorace_mission/launch
[2.400s] copying launch/control_lane.launch.py -> /home/seoyoon/turtlebot3_ws/install/turtlebot3_autorace_mission/share/turtlebot3_autorace_mission/launch
[2.400s] copying launch/mission_tunnel.launch.py -> /home/seoyoon/turtlebot3_ws/install/turtlebot3_autorace_mission/share/turtlebot3_autorace_mission/launch
[2.400s] copying param/navigation.yaml -> /home/seoyoon/turtlebot3_ws/install/turtlebot3_autorace_mission/share/turtlebot3_autorace_mission/param
[2.400s] copying map/map.yaml -> /home/seoyoon/turtlebot3_ws/install/turtlebot3_autorace_mission/share/turtlebot3_autorace_mission/map
[2.400s] copying map/map.pgm -> /home/seoyoon/turtlebot3_ws/install/turtlebot3_autorace_mission/share/turtlebot3_autorace_mission/map
[2.400s] running install_egg_info
[2.400s] Copying ../../../build/turtlebot3_autorace_mission/turtlebot3_autorace_mission.egg-info to /home/seoyoon/turtlebot3_ws/install/turtlebot3_autorace_mission/lib/python3.10/site-packages/turtlebot3_autorace_mission-1.2.2-py3.10.egg-info
[2.403s] running install_scripts
[2.421s] Installing avoid_construction script to /home/seoyoon/turtlebot3_ws/install/turtlebot3_autorace_mission/lib/turtlebot3_autorace_mission
[2.421s] Installing control_lane script to /home/seoyoon/turtlebot3_ws/install/turtlebot3_autorace_mission/lib/turtlebot3_autorace_mission
[2.422s] Installing mission_tunnel script to /home/seoyoon/turtlebot3_ws/install/turtlebot3_autorace_mission/lib/turtlebot3_autorace_mission
[2.422s] writing list of installed files to '/home/seoyoon/turtlebot3_ws/build/turtlebot3_autorace_mission/install.log'
[2.756s] Invoked command in '/home/seoyoon/turtlebot3_ws/src/turtlebot3_autorace/turtlebot3_autorace_mission' returned '0': PYTHONPATH=/home/seoyoon/turtlebot3_ws/build/turtlebot3_autorace_mission/prefix_override:/usr/lib/python3/dist-packages/colcon_core/task/python/colcon_distutils_commands:/home/seoyoon/turtlebot3_ws/install/turtlebot3_autorace_mission/lib/python3.10/site-packages:${PYTHONPATH} /usr/bin/python3 -W ignore:setup.py install is deprecated -W ignore:easy_install command is deprecated setup.py egg_info --egg-base ../../../build/turtlebot3_autorace_mission build --build-base /home/seoyoon/turtlebot3_ws/build/turtlebot3_autorace_mission/build install --record /home/seoyoon/turtlebot3_ws/build/turtlebot3_autorace_mission/install.log --single-version-externally-managed install_data --force
