[1.310s] Invoking command in '/home/seoyoon/turtlebot3_ws/build/turtlebot3_autorace_camera': PYTHONPATH=/home/seoyoon/turtlebot3_ws/build/turtlebot3_autorace_camera/prefix_override:/usr/lib/python3/dist-packages/colcon_core/task/python/colcon_distutils_commands:/home/seoyoon/turtlebot3_ws/install/turtlebot3_autorace_camera/lib/python3.10/site-packages:${PYTHONPATH} /usr/bin/python3 -W ignore:setup.py install is deprecated -W ignore:easy_install command is deprecated setup.py develop --uninstall --editable --build-directory /home/seoyoon/turtlebot3_ws/build/turtlebot3_autorace_camera/build
[1.757s] running develop
[2.053s] Removing /home/seoyoon/turtlebot3_ws/install/turtlebot3_autorace_camera/lib/python3.10/site-packages/turtlebot3-autorace-camera.egg-link (link to .)
[2.089s] Invoked command in '/home/seoyoon/turtlebot3_ws/build/turtlebot3_autorace_camera' returned '0': PYTHONPATH=/home/seoyoon/turtlebot3_ws/build/turtlebot3_autorace_camera/prefix_override:/usr/lib/python3/dist-packages/colcon_core/task/python/colcon_distutils_commands:/home/seoyoon/turtlebot3_ws/install/turtlebot3_autorace_camera/lib/python3.10/site-packages:${PYTHONPATH} /usr/bin/python3 -W ignore:setup.py install is deprecated -W ignore:easy_install command is deprecated setup.py develop --uninstall --editable --build-directory /home/seoyoon/turtlebot3_ws/build/turtlebot3_autorace_camera/build
[2.090s] Invoking command in '/home/seoyoon/turtlebot3_ws/src/turtlebot3_autorace/turtlebot3_autorace_camera': PYTHONPATH=/home/seoyoon/turtlebot3_ws/build/turtlebot3_autorace_camera/prefix_override:/usr/lib/python3/dist-packages/colcon_core/task/python/colcon_distutils_commands:/home/seoyoon/turtlebot3_ws/install/turtlebot3_autorace_camera/lib/python3.10/site-packages:${PYTHONPATH} /usr/bin/python3 -W ignore:setup.py install is deprecated -W ignore:easy_install command is deprecated setup.py egg_info --egg-base ../../../build/turtlebot3_autorace_camera build --build-base /home/seoyoon/turtlebot3_ws/build/turtlebot3_autorace_camera/build install --record /home/seoyoon/turtlebot3_ws/build/turtlebot3_autorace_camera/install.log --single-version-externally-managed install_data --force
[2.439s] running egg_info
[2.441s] writing ../../../build/turtlebot3_autorace_camera/turtlebot3_autorace_camera.egg-info/PKG-INFO
[2.441s] writing dependency_links to ../../../build/turtlebot3_autorace_camera/turtlebot3_autorace_camera.egg-info/dependency_links.txt
[2.441s] writing entry points to ../../../build/turtlebot3_autorace_camera/turtlebot3_autorace_camera.egg-info/entry_points.txt
[2.441s] writing requirements to ../../../build/turtlebot3_autorace_camera/turtlebot3_autorace_camera.egg-info/requires.txt
[2.441s] writing top-level names to ../../../build/turtlebot3_autorace_camera/turtlebot3_autorace_camera.egg-info/top_level.txt
[2.448s] reading manifest file '../../../build/turtlebot3_autorace_camera/turtlebot3_autorace_camera.egg-info/SOURCES.txt'
[2.448s] writing manifest file '../../../build/turtlebot3_autorace_camera/turtlebot3_autorace_camera.egg-info/SOURCES.txt'
[2.448s] running build
[2.448s] running build_py
[2.448s] creating /home/seoyoon/turtlebot3_ws/build/turtlebot3_autorace_camera/build
[2.449s] creating /home/seoyoon/turtlebot3_ws/build/turtlebot3_autorace_camera/build/lib
[2.449s] creating /home/seoyoon/turtlebot3_ws/build/turtlebot3_autorace_camera/build/lib/turtlebot3_autorace_camera
[2.449s] copying turtlebot3_autorace_camera/image_projection.py -> /home/seoyoon/turtlebot3_ws/build/turtlebot3_autorace_camera/build/lib/turtlebot3_autorace_camera
[2.449s] copying turtlebot3_autorace_camera/image_compensation.py -> /home/seoyoon/turtlebot3_ws/build/turtlebot3_autorace_camera/build/lib/turtlebot3_autorace_camera
[2.449s] copying turtlebot3_autorace_camera/__init__.py -> /home/seoyoon/turtlebot3_ws/build/turtlebot3_autorace_camera/build/lib/turtlebot3_autorace_camera
[2.449s] running install
[2.449s] running install_lib
[2.449s] creating /home/seoyoon/turtlebot3_ws/install/turtlebot3_autorace_camera/lib/python3.10/site-packages/turtlebot3_autorace_camera
[2.449s] copying /home/seoyoon/turtlebot3_ws/build/turtlebot3_autorace_camera/build/lib/turtlebot3_autorace_camera/image_projection.py -> /home/seoyoon/turtlebot3_ws/install/turtlebot3_autorace_camera/lib/python3.10/site-packages/turtlebot3_autorace_camera
[2.449s] copying /home/seoyoon/turtlebot3_ws/build/turtlebot3_autorace_camera/build/lib/turtlebot3_autorace_camera/image_compensation.py -> /home/seoyoon/turtlebot3_ws/install/turtlebot3_autorace_camera/lib/python3.10/site-packages/turtlebot3_autorace_camera
[2.449s] copying /home/seoyoon/turtlebot3_ws/build/turtlebot3_autorace_camera/build/lib/turtlebot3_autorace_camera/__init__.py -> /home/seoyoon/turtlebot3_ws/install/turtlebot3_autorace_camera/lib/python3.10/site-packages/turtlebot3_autorace_camera
[2.449s] byte-compiling /home/seoyoon/turtlebot3_ws/install/turtlebot3_autorace_camera/lib/python3.10/site-packages/turtlebot3_autorace_camera/image_projection.py to image_projection.cpython-310.pyc
[2.452s] byte-compiling /home/seoyoon/turtlebot3_ws/install/turtlebot3_autorace_camera/lib/python3.10/site-packages/turtlebot3_autorace_camera/image_compensation.py to image_compensation.cpython-310.pyc
[2.452s] byte-compiling /home/seoyoon/turtlebot3_ws/install/turtlebot3_autorace_camera/lib/python3.10/site-packages/turtlebot3_autorace_camera/__init__.py to __init__.cpython-310.pyc
[2.452s] running install_data
[2.452s] copying resource/turtlebot3_autorace_camera -> /home/seoyoon/turtlebot3_ws/install/turtlebot3_autorace_camera/share/ament_index/resource_index/packages
[2.452s] copying package.xml -> /home/seoyoon/turtlebot3_ws/install/turtlebot3_autorace_camera/share/turtlebot3_autorace_camera
[2.452s] copying launch/extrinsic_camera_calibration.launch.py -> /home/seoyoon/turtlebot3_ws/install/turtlebot3_autorace_camera/share/turtlebot3_autorace_camera/launch
[2.452s] copying launch/intrinsic_camera_calibration.launch.py -> /home/seoyoon/turtlebot3_ws/install/turtlebot3_autorace_camera/share/turtlebot3_autorace_camera/launch
[2.452s] copying calibration/extrinsic_calibration/compensation.yaml -> /home/seoyoon/turtlebot3_ws/install/turtlebot3_autorace_camera/share/turtlebot3_autorace_camera/calibration/extrinsic_calibration
[2.452s] copying calibration/extrinsic_calibration/projection.yaml -> /home/seoyoon/turtlebot3_ws/install/turtlebot3_autorace_camera/share/turtlebot3_autorace_camera/calibration/extrinsic_calibration
[2.453s] running install_egg_info
[2.460s] Copying ../../../build/turtlebot3_autorace_camera/turtlebot3_autorace_camera.egg-info to /home/seoyoon/turtlebot3_ws/install/turtlebot3_autorace_camera/lib/python3.10/site-packages/turtlebot3_autorace_camera-1.2.2-py3.10.egg-info
[2.460s] running install_scripts
[2.482s] Installing image_compensation script to /home/seoyoon/turtlebot3_ws/install/turtlebot3_autorace_camera/lib/turtlebot3_autorace_camera
[2.482s] Installing image_projection script to /home/seoyoon/turtlebot3_ws/install/turtlebot3_autorace_camera/lib/turtlebot3_autorace_camera
[2.482s] writing list of installed files to '/home/seoyoon/turtlebot3_ws/build/turtlebot3_autorace_camera/install.log'
[2.769s] Invoked command in '/home/seoyoon/turtlebot3_ws/src/turtlebot3_autorace/turtlebot3_autorace_camera' returned '0': PYTHONPATH=/home/seoyoon/turtlebot3_ws/build/turtlebot3_autorace_camera/prefix_override:/usr/lib/python3/dist-packages/colcon_core/task/python/colcon_distutils_commands:/home/seoyoon/turtlebot3_ws/install/turtlebot3_autorace_camera/lib/python3.10/site-packages:${PYTHONPATH} /usr/bin/python3 -W ignore:setup.py install is deprecated -W ignore:easy_install command is deprecated setup.py egg_info --egg-base ../../../build/turtlebot3_autorace_camera build --build-base /home/seoyoon/turtlebot3_ws/build/turtlebot3_autorace_camera/build install --record /home/seoyoon/turtlebot3_ws/build/turtlebot3_autorace_camera/install.log --single-version-externally-managed install_data --force
