[0.113s] Invoking command in '/home/seoyoon/turtlebot3_ws/build/turtlebot3_navigation2': CMAKE_PREFIX_PATH=${CMAKE_PREFIX_PATH}:/home/seoyoon/turtlebot3_ws/install/turtlebot3_teleop:/home/seoyoon/turtlebot3_ws/install/turtlebot3_example:/home/seoyoon/turtlebot3_ws/install/turtlebot3_autorace_mission:/home/seoyoon/turtlebot3_ws/install/turtlebot3_autorace_detect:/home/seoyoon/turtlebot3_ws/install/turtlebot3_autorace_camera:/opt/ros/humble /usr/bin/cmake --build /home/seoyoon/turtlebot3_ws/build/turtlebot3_navigation2 -- -j8 -l8
[0.374s] Invoked command in '/home/seoyoon/turtlebot3_ws/build/turtlebot3_navigation2' returned '0': CMAKE_PREFIX_PATH=${CMAKE_PREFIX_PATH}:/home/seoyoon/turtlebot3_ws/install/turtlebot3_teleop:/home/seoyoon/turtlebot3_ws/install/turtlebot3_example:/home/seoyoon/turtlebot3_ws/install/turtlebot3_autorace_mission:/home/seoyoon/turtlebot3_ws/install/turtlebot3_autorace_detect:/home/seoyoon/turtlebot3_ws/install/turtlebot3_autorace_camera:/opt/ros/humble /usr/bin/cmake --build /home/seoyoon/turtlebot3_ws/build/turtlebot3_navigation2 -- -j8 -l8
[0.375s] Invoking command in '/home/seoyoon/turtlebot3_ws/build/turtlebot3_navigation2': CMAKE_PREFIX_PATH=${CMAKE_PREFIX_PATH}:/home/seoyoon/turtlebot3_ws/install/turtlebot3_teleop:/home/seoyoon/turtlebot3_ws/install/turtlebot3_example:/home/seoyoon/turtlebot3_ws/install/turtlebot3_autorace_mission:/home/seoyoon/turtlebot3_ws/install/turtlebot3_autorace_detect:/home/seoyoon/turtlebot3_ws/install/turtlebot3_autorace_camera:/opt/ros/humble /usr/bin/cmake --install /home/seoyoon/turtlebot3_ws/build/turtlebot3_navigation2
[0.383s] -- Install configuration: ""
[0.384s] -- Execute custom install script
[0.384s] -- Up-to-date symlink: /home/seoyoon/turtlebot3_ws/install/turtlebot3_navigation2/share/turtlebot3_navigation2/launch/navigation2.launch.py
[0.384s] -- Up-to-date symlink: /home/seoyoon/turtlebot3_ws/install/turtlebot3_navigation2/share/turtlebot3_navigation2/map/map.pgm
[0.384s] -- Up-to-date symlink: /home/seoyoon/turtlebot3_ws/install/turtlebot3_navigation2/share/turtlebot3_navigation2/map/map.yaml
[0.385s] -- Up-to-date symlink: /home/seoyoon/turtlebot3_ws/install/turtlebot3_navigation2/share/turtlebot3_navigation2/param/burger.yaml
[0.385s] -- Up-to-date symlink: /home/seoyoon/turtlebot3_ws/install/turtlebot3_navigation2/share/turtlebot3_navigation2/param/burger_cam.yaml
[0.385s] -- Up-to-date symlink: /home/seoyoon/turtlebot3_ws/install/turtlebot3_navigation2/share/turtlebot3_navigation2/param/humble/burger.yaml
[0.385s] -- Up-to-date symlink: /home/seoyoon/turtlebot3_ws/install/turtlebot3_navigation2/share/turtlebot3_navigation2/param/humble/burger_cam.yaml
[0.385s] -- Up-to-date symlink: /home/seoyoon/turtlebot3_ws/install/turtlebot3_navigation2/share/turtlebot3_navigation2/param/humble/waffle.yaml
[0.385s] -- Up-to-date symlink: /home/seoyoon/turtlebot3_ws/install/turtlebot3_navigation2/share/turtlebot3_navigation2/param/humble/waffle_pi.yaml
[0.385s] -- Up-to-date symlink: /home/seoyoon/turtlebot3_ws/install/turtlebot3_navigation2/share/turtlebot3_navigation2/param/waffle.yaml
[0.386s] -- Up-to-date symlink: /home/seoyoon/turtlebot3_ws/install/turtlebot3_navigation2/share/turtlebot3_navigation2/param/waffle_pi.yaml
[0.386s] -- Up-to-date symlink: /home/seoyoon/turtlebot3_ws/install/turtlebot3_navigation2/share/turtlebot3_navigation2/rviz/tb3_navigation2.rviz
[0.386s] -- Up-to-date symlink: /home/seoyoon/turtlebot3_ws/install/turtlebot3_navigation2/share/ament_index/resource_index/package_run_dependencies/turtlebot3_navigation2
[0.386s] -- Up-to-date symlink: /home/seoyoon/turtlebot3_ws/install/turtlebot3_navigation2/share/ament_index/resource_index/parent_prefix_path/turtlebot3_navigation2
[0.386s] -- Up-to-date symlink: /home/seoyoon/turtlebot3_ws/install/turtlebot3_navigation2/share/turtlebot3_navigation2/environment/ament_prefix_path.sh
[0.386s] -- Up-to-date symlink: /home/seoyoon/turtlebot3_ws/install/turtlebot3_navigation2/share/turtlebot3_navigation2/environment/ament_prefix_path.dsv
[0.387s] -- Up-to-date symlink: /home/seoyoon/turtlebot3_ws/install/turtlebot3_navigation2/share/turtlebot3_navigation2/environment/path.sh
[0.387s] -- Up-to-date symlink: /home/seoyoon/turtlebot3_ws/install/turtlebot3_navigation2/share/turtlebot3_navigation2/environment/path.dsv
[0.387s] -- Up-to-date symlink: /home/seoyoon/turtlebot3_ws/install/turtlebot3_navigation2/share/turtlebot3_navigation2/local_setup.bash
[0.388s] -- Up-to-date symlink: /home/seoyoon/turtlebot3_ws/install/turtlebot3_navigation2/share/turtlebot3_navigation2/local_setup.sh
[0.388s] -- Up-to-date symlink: /home/seoyoon/turtlebot3_ws/install/turtlebot3_navigation2/share/turtlebot3_navigation2/local_setup.zsh
[0.388s] -- Up-to-date symlink: /home/seoyoon/turtlebot3_ws/install/turtlebot3_navigation2/share/turtlebot3_navigation2/local_setup.dsv
[0.388s] -- Symlinking: /home/seoyoon/turtlebot3_ws/install/turtlebot3_navigation2/share/turtlebot3_navigation2/package.dsv
[0.399s] -- Up-to-date symlink: /home/seoyoon/turtlebot3_ws/install/turtlebot3_navigation2/share/ament_index/resource_index/packages/turtlebot3_navigation2
[0.399s] -- Up-to-date symlink: /home/seoyoon/turtlebot3_ws/install/turtlebot3_navigation2/share/turtlebot3_navigation2/cmake/turtlebot3_navigation2Config.cmake
[0.399s] -- Up-to-date symlink: /home/seoyoon/turtlebot3_ws/install/turtlebot3_navigation2/share/turtlebot3_navigation2/cmake/turtlebot3_navigation2Config-version.cmake
[0.399s] -- Up-to-date symlink: /home/seoyoon/turtlebot3_ws/install/turtlebot3_navigation2/share/turtlebot3_navigation2/package.xml
[0.408s] Invoked command in '/home/seoyoon/turtlebot3_ws/build/turtlebot3_navigation2' returned '0': CMAKE_PREFIX_PATH=${CMAKE_PREFIX_PATH}:/home/seoyoon/turtlebot3_ws/install/turtlebot3_teleop:/home/seoyoon/turtlebot3_ws/install/turtlebot3_example:/home/seoyoon/turtlebot3_ws/install/turtlebot3_autorace_mission:/home/seoyoon/turtlebot3_ws/install/turtlebot3_autorace_detect:/home/seoyoon/turtlebot3_ws/install/turtlebot3_autorace_camera:/opt/ros/humble /usr/bin/cmake --install /home/seoyoon/turtlebot3_ws/build/turtlebot3_navigation2
