[0.033s] Invoking command in '/home/seoyoon/turtlebot3_ws/build/dynamixel_sdk': CMAKE_PREFIX_PATH=${CMAKE_PREFIX_PATH}:/home/seoyoon/turtlebot3_ws/install/turtlebot3_teleop:/home/seoyoon/turtlebot3_ws/install/turtlebot3_example:/opt/ros/humble /usr/bin/cmake --build /home/seoyoon/turtlebot3_ws/build/dynamixel_sdk -- -j8 -l8
[0.807s] [  0%] Built target ament_cmake_python_symlink_dynamixel_sdk
[0.807s] [100%] Built target dynamixel_sdk
[0.807s] running egg_info
[0.807s] writing dynamixel_sdk.egg-info/PKG-INFO
[0.807s] writing dependency_links to dynamixel_sdk.egg-info/dependency_links.txt
[0.807s] writing top-level names to dynamixel_sdk.egg-info/top_level.txt
[0.807s] reading manifest file 'dynamixel_sdk.egg-info/SOURCES.txt'
[0.807s] writing manifest file 'dynamixel_sdk.egg-info/SOURCES.txt'
[0.807s] [100%] Built target ament_cmake_python_build_dynamixel_sdk_egg
[0.825s] Invoked command in '/home/seoyoon/turtlebot3_ws/build/dynamixel_sdk' returned '0': CMAKE_PREFIX_PATH=${CMAKE_PREFIX_PATH}:/home/seoyoon/turtlebot3_ws/install/turtlebot3_teleop:/home/seoyoon/turtlebot3_ws/install/turtlebot3_example:/opt/ros/humble /usr/bin/cmake --build /home/seoyoon/turtlebot3_ws/build/dynamixel_sdk -- -j8 -l8
[0.827s] Invoking command in '/home/seoyoon/turtlebot3_ws/build/dynamixel_sdk': CMAKE_PREFIX_PATH=${CMAKE_PREFIX_PATH}:/home/seoyoon/turtlebot3_ws/install/turtlebot3_teleop:/home/seoyoon/turtlebot3_ws/install/turtlebot3_example:/opt/ros/humble /usr/bin/cmake --install /home/seoyoon/turtlebot3_ws/build/dynamixel_sdk
[0.835s] -- Install configuration: ""
[0.836s] -- Execute custom install script
[0.836s] -- Up-to-date symlink: /home/seoyoon/turtlebot3_ws/install/dynamixel_sdk/include//dynamixel_sdk/dynamixel_sdk.h
[0.836s] -- Up-to-date symlink: /home/seoyoon/turtlebot3_ws/install/dynamixel_sdk/include//dynamixel_sdk/group_bulk_read.h
[0.836s] -- Up-to-date symlink: /home/seoyoon/turtlebot3_ws/install/dynamixel_sdk/include//dynamixel_sdk/group_bulk_write.h
[0.837s] -- Up-to-date symlink: /home/seoyoon/turtlebot3_ws/install/dynamixel_sdk/include//dynamixel_sdk/group_fast_bulk_read.h
[0.837s] -- Up-to-date symlink: /home/seoyoon/turtlebot3_ws/install/dynamixel_sdk/include//dynamixel_sdk/group_fast_sync_read.h
[0.837s] -- Up-to-date symlink: /home/seoyoon/turtlebot3_ws/install/dynamixel_sdk/include//dynamixel_sdk/group_handler.h
[0.838s] -- Up-to-date symlink: /home/seoyoon/turtlebot3_ws/install/dynamixel_sdk/include//dynamixel_sdk/group_sync_read.h
[0.838s] -- Up-to-date symlink: /home/seoyoon/turtlebot3_ws/install/dynamixel_sdk/include//dynamixel_sdk/group_sync_write.h
[0.838s] -- Up-to-date symlink: /home/seoyoon/turtlebot3_ws/install/dynamixel_sdk/include//dynamixel_sdk/packet_handler.h
[0.838s] -- Up-to-date symlink: /home/seoyoon/turtlebot3_ws/install/dynamixel_sdk/include//dynamixel_sdk/port_handler.h
[0.838s] -- Up-to-date symlink: /home/seoyoon/turtlebot3_ws/install/dynamixel_sdk/include//dynamixel_sdk/port_handler_arduino.h
[0.838s] -- Up-to-date symlink: /home/seoyoon/turtlebot3_ws/install/dynamixel_sdk/include//dynamixel_sdk/port_handler_linux.h
[0.838s] -- Up-to-date symlink: /home/seoyoon/turtlebot3_ws/install/dynamixel_sdk/include//dynamixel_sdk/port_handler_mac.h
[0.838s] -- Up-to-date symlink: /home/seoyoon/turtlebot3_ws/install/dynamixel_sdk/include//dynamixel_sdk/port_handler_windows.h
[0.839s] -- Up-to-date symlink: /home/seoyoon/turtlebot3_ws/install/dynamixel_sdk/include//dynamixel_sdk/protocol1_packet_handler.h
[0.839s] -- Up-to-date symlink: /home/seoyoon/turtlebot3_ws/install/dynamixel_sdk/include//dynamixel_sdk/protocol2_packet_handler.h
[0.839s] -- Up-to-date symlink: /home/seoyoon/turtlebot3_ws/install/dynamixel_sdk/share/dynamixel_sdk/environment/pythonpath.sh
[0.839s] -- Up-to-date symlink: /home/seoyoon/turtlebot3_ws/install/dynamixel_sdk/share/dynamixel_sdk/environment/pythonpath.dsv
[0.839s] -- Up-to-date symlink: /home/seoyoon/turtlebot3_ws/install/dynamixel_sdk/local/lib/python3.10/dist-packages/dynamixel_sdk-3.8.4-py3.10.egg-info/PKG-INFO
[0.840s] -- Up-to-date symlink: /home/seoyoon/turtlebot3_ws/install/dynamixel_sdk/local/lib/python3.10/dist-packages/dynamixel_sdk-3.8.4-py3.10.egg-info/SOURCES.txt
[0.840s] -- Up-to-date symlink: /home/seoyoon/turtlebot3_ws/install/dynamixel_sdk/local/lib/python3.10/dist-packages/dynamixel_sdk-3.8.4-py3.10.egg-info/dependency_links.txt
[0.840s] -- Up-to-date symlink: /home/seoyoon/turtlebot3_ws/install/dynamixel_sdk/local/lib/python3.10/dist-packages/dynamixel_sdk-3.8.4-py3.10.egg-info/top_level.txt
[0.841s] -- Up-to-date symlink: /home/seoyoon/turtlebot3_ws/install/dynamixel_sdk/local/lib/python3.10/dist-packages/dynamixel_sdk/__init__.py
[0.841s] -- Up-to-date symlink: /home/seoyoon/turtlebot3_ws/install/dynamixel_sdk/local/lib/python3.10/dist-packages/dynamixel_sdk/group_bulk_read.cpp
[0.841s] -- Up-to-date symlink: /home/seoyoon/turtlebot3_ws/install/dynamixel_sdk/local/lib/python3.10/dist-packages/dynamixel_sdk/group_bulk_read.py
[0.842s] -- Up-to-date symlink: /home/seoyoon/turtlebot3_ws/install/dynamixel_sdk/local/lib/python3.10/dist-packages/dynamixel_sdk/group_bulk_write.cpp
[0.842s] -- Up-to-date symlink: /home/seoyoon/turtlebot3_ws/install/dynamixel_sdk/local/lib/python3.10/dist-packages/dynamixel_sdk/group_bulk_write.py
[0.843s] -- Up-to-date symlink: /home/seoyoon/turtlebot3_ws/install/dynamixel_sdk/local/lib/python3.10/dist-packages/dynamixel_sdk/group_fast_bulk_read.cpp
[0.843s] -- Up-to-date symlink: /home/seoyoon/turtlebot3_ws/install/dynamixel_sdk/local/lib/python3.10/dist-packages/dynamixel_sdk/group_fast_sync_read.cpp
[0.843s] -- Up-to-date symlink: /home/seoyoon/turtlebot3_ws/install/dynamixel_sdk/local/lib/python3.10/dist-packages/dynamixel_sdk/group_handler.cpp
[0.843s] -- Up-to-date symlink: /home/seoyoon/turtlebot3_ws/install/dynamixel_sdk/local/lib/python3.10/dist-packages/dynamixel_sdk/group_sync_read.cpp
[0.843s] -- Up-to-date symlink: /home/seoyoon/turtlebot3_ws/install/dynamixel_sdk/local/lib/python3.10/dist-packages/dynamixel_sdk/group_sync_read.py
[0.844s] -- Up-to-date symlink: /home/seoyoon/turtlebot3_ws/install/dynamixel_sdk/local/lib/python3.10/dist-packages/dynamixel_sdk/group_sync_write.cpp
[0.844s] -- Up-to-date symlink: /home/seoyoon/turtlebot3_ws/install/dynamixel_sdk/local/lib/python3.10/dist-packages/dynamixel_sdk/group_sync_write.py
[0.845s] -- Up-to-date symlink: /home/seoyoon/turtlebot3_ws/install/dynamixel_sdk/local/lib/python3.10/dist-packages/dynamixel_sdk/packet_handler.cpp
[0.845s] -- Up-to-date symlink: /home/seoyoon/turtlebot3_ws/install/dynamixel_sdk/local/lib/python3.10/dist-packages/dynamixel_sdk/packet_handler.py
[0.847s] -- Up-to-date symlink: /home/seoyoon/turtlebot3_ws/install/dynamixel_sdk/local/lib/python3.10/dist-packages/dynamixel_sdk/port_handler.cpp
[0.849s] -- Up-to-date symlink: /home/seoyoon/turtlebot3_ws/install/dynamixel_sdk/local/lib/python3.10/dist-packages/dynamixel_sdk/port_handler.py
[0.849s] -- Up-to-date symlink: /home/seoyoon/turtlebot3_ws/install/dynamixel_sdk/local/lib/python3.10/dist-packages/dynamixel_sdk/port_handler_arduino.cpp
[0.851s] -- Up-to-date symlink: /home/seoyoon/turtlebot3_ws/install/dynamixel_sdk/local/lib/python3.10/dist-packages/dynamixel_sdk/port_handler_linux.cpp
[0.851s] -- Up-to-date symlink: /home/seoyoon/turtlebot3_ws/install/dynamixel_sdk/local/lib/python3.10/dist-packages/dynamixel_sdk/port_handler_mac.cpp
[0.851s] -- Up-to-date symlink: /home/seoyoon/turtlebot3_ws/install/dynamixel_sdk/local/lib/python3.10/dist-packages/dynamixel_sdk/port_handler_windows.cpp
[0.852s] -- Up-to-date symlink: /home/seoyoon/turtlebot3_ws/install/dynamixel_sdk/local/lib/python3.10/dist-packages/dynamixel_sdk/protocol1_packet_handler.cpp
[0.852s] -- Up-to-date symlink: /home/seoyoon/turtlebot3_ws/install/dynamixel_sdk/local/lib/python3.10/dist-packages/dynamixel_sdk/protocol1_packet_handler.py
[0.852s] -- Up-to-date symlink: /home/seoyoon/turtlebot3_ws/install/dynamixel_sdk/local/lib/python3.10/dist-packages/dynamixel_sdk/protocol2_packet_handler.cpp
[0.852s] -- Up-to-date symlink: /home/seoyoon/turtlebot3_ws/install/dynamixel_sdk/local/lib/python3.10/dist-packages/dynamixel_sdk/protocol2_packet_handler.py
[0.852s] -- Up-to-date symlink: /home/seoyoon/turtlebot3_ws/install/dynamixel_sdk/local/lib/python3.10/dist-packages/dynamixel_sdk/robotis_def.py
[0.859s] -- Up-to-date symlink: /home/seoyoon/turtlebot3_ws/install/dynamixel_sdk/share/dynamixel_sdk/environment/library_path.sh
[0.859s] -- Up-to-date symlink: /home/seoyoon/turtlebot3_ws/install/dynamixel_sdk/share/dynamixel_sdk/environment/library_path.dsv
[0.860s] -- Up-to-date symlink: /home/seoyoon/turtlebot3_ws/install/dynamixel_sdk/share/ament_index/resource_index/package_run_dependencies/dynamixel_sdk
[0.860s] -- Up-to-date symlink: /home/seoyoon/turtlebot3_ws/install/dynamixel_sdk/share/ament_index/resource_index/parent_prefix_path/dynamixel_sdk
[0.860s] -- Up-to-date symlink: /home/seoyoon/turtlebot3_ws/install/dynamixel_sdk/share/dynamixel_sdk/environment/ament_prefix_path.sh
[0.860s] -- Up-to-date symlink: /home/seoyoon/turtlebot3_ws/install/dynamixel_sdk/share/dynamixel_sdk/environment/ament_prefix_path.dsv
[0.860s] -- Up-to-date symlink: /home/seoyoon/turtlebot3_ws/install/dynamixel_sdk/share/dynamixel_sdk/environment/path.sh
[0.860s] -- Up-to-date symlink: /home/seoyoon/turtlebot3_ws/install/dynamixel_sdk/share/dynamixel_sdk/environment/path.dsv
[0.866s] -- Up-to-date symlink: /home/seoyoon/turtlebot3_ws/install/dynamixel_sdk/share/dynamixel_sdk/local_setup.bash
[0.866s] -- Up-to-date symlink: /home/seoyoon/turtlebot3_ws/install/dynamixel_sdk/share/dynamixel_sdk/local_setup.sh
[0.866s] -- Up-to-date symlink: /home/seoyoon/turtlebot3_ws/install/dynamixel_sdk/share/dynamixel_sdk/local_setup.zsh
[0.867s] -- Up-to-date symlink: /home/seoyoon/turtlebot3_ws/install/dynamixel_sdk/share/dynamixel_sdk/local_setup.dsv
[0.867s] -- Symlinking: /home/seoyoon/turtlebot3_ws/install/dynamixel_sdk/share/dynamixel_sdk/package.dsv
[0.879s] -- Up-to-date symlink: /home/seoyoon/turtlebot3_ws/install/dynamixel_sdk/share/ament_index/resource_index/packages/dynamixel_sdk
[0.880s] -- Up-to-date symlink: /home/seoyoon/turtlebot3_ws/install/dynamixel_sdk/share/dynamixel_sdk/cmake/ament_cmake_export_targets-extras.cmake
[0.880s] -- Up-to-date symlink: /home/seoyoon/turtlebot3_ws/install/dynamixel_sdk/share/dynamixel_sdk/cmake/ament_cmake_export_include_directories-extras.cmake
[0.880s] -- Up-to-date symlink: /home/seoyoon/turtlebot3_ws/install/dynamixel_sdk/share/dynamixel_sdk/cmake/ament_cmake_export_libraries-extras.cmake
[0.880s] -- Up-to-date symlink: /home/seoyoon/turtlebot3_ws/install/dynamixel_sdk/share/dynamixel_sdk/cmake/dynamixel_sdkConfig.cmake
[0.880s] -- Up-to-date symlink: /home/seoyoon/turtlebot3_ws/install/dynamixel_sdk/share/dynamixel_sdk/cmake/dynamixel_sdkConfig-version.cmake
[0.880s] -- Up-to-date symlink: /home/seoyoon/turtlebot3_ws/install/dynamixel_sdk/share/dynamixel_sdk/package.xml
[0.881s] -- Up-to-date: /home/seoyoon/turtlebot3_ws/install/dynamixel_sdk/lib/libdynamixel_sdk.so
[0.911s] Listing '/home/seoyoon/turtlebot3_ws/install/dynamixel_sdk/local/lib/python3.10/dist-packages/dynamixel_sdk'...
[0.914s] -- Up-to-date: /home/seoyoon/turtlebot3_ws/install/dynamixel_sdk/share/dynamixel_sdk/cmake/dynamixel_sdkExport.cmake
[0.915s] -- Up-to-date: /home/seoyoon/turtlebot3_ws/install/dynamixel_sdk/share/dynamixel_sdk/cmake/dynamixel_sdkExport-noconfig.cmake
[0.943s] Invoked command in '/home/seoyoon/turtlebot3_ws/build/dynamixel_sdk' returned '0': CMAKE_PREFIX_PATH=${CMAKE_PREFIX_PATH}:/home/seoyoon/turtlebot3_ws/install/turtlebot3_teleop:/home/seoyoon/turtlebot3_ws/install/turtlebot3_example:/opt/ros/humble /usr/bin/cmake --install /home/seoyoon/turtlebot3_ws/build/dynamixel_sdk
