[0.675s] Invoking command in '/home/seoyoon/turtlebot3_ws/build/goal_publisher_pkg': PYTHONPATH=/home/seoyoon/turtlebot3_ws/build/goal_publisher_pkg/prefix_override:/usr/lib/python3/dist-packages/colcon_core/task/python/colcon_distutils_commands:/home/seoyoon/turtlebot3_ws/install/goal_publisher_pkg/lib/python3.10/site-packages:${PYTHONPATH} /usr/bin/python3 -W ignore:setup.py install is deprecated -W ignore:easy_install command is deprecated setup.py develop --editable --build-directory /home/seoyoon/turtlebot3_ws/build/goal_publisher_pkg/build --no-deps symlink_data
[0.880s] running develop
[1.016s] running egg_info
[1.016s] creating goal_publisher_pkg.egg-info
[1.016s] writing goal_publisher_pkg.egg-info/PKG-INFO
[1.016s] writing dependency_links to goal_publisher_pkg.egg-info/dependency_links.txt
[1.016s] writing entry points to goal_publisher_pkg.egg-info/entry_points.txt
[1.016s] writing requirements to goal_publisher_pkg.egg-info/requires.txt
[1.016s] writing top-level names to goal_publisher_pkg.egg-info/top_level.txt
[1.016s] writing manifest file 'goal_publisher_pkg.egg-info/SOURCES.txt'
[1.017s] reading manifest file 'goal_publisher_pkg.egg-info/SOURCES.txt'
[1.018s] writing manifest file 'goal_publisher_pkg.egg-info/SOURCES.txt'
[1.019s] running build_ext
[1.019s] Creating /home/seoyoon/turtlebot3_ws/install/goal_publisher_pkg/lib/python3.10/site-packages/goal-publisher-pkg.egg-link (link to .)
[1.019s] Installing goal_publisher script to /home/seoyoon/turtlebot3_ws/install/goal_publisher_pkg/lib/goal_publisher_pkg
[1.020s] 
[1.020s] Installed /home/seoyoon/turtlebot3_ws/build/goal_publisher_pkg
[1.020s] running symlink_data
[1.020s] creating /home/seoyoon/turtlebot3_ws/install/goal_publisher_pkg/share/ament_index
[1.020s] creating /home/seoyoon/turtlebot3_ws/install/goal_publisher_pkg/share/ament_index/resource_index
[1.020s] creating /home/seoyoon/turtlebot3_ws/install/goal_publisher_pkg/share/ament_index/resource_index/packages
[1.020s] symbolically linking /home/seoyoon/turtlebot3_ws/build/goal_publisher_pkg/resource/goal_publisher_pkg -> /home/seoyoon/turtlebot3_ws/install/goal_publisher_pkg/share/ament_index/resource_index/packages
[1.020s] symbolically linking /home/seoyoon/turtlebot3_ws/build/goal_publisher_pkg/package.xml -> /home/seoyoon/turtlebot3_ws/install/goal_publisher_pkg/share/goal_publisher_pkg
[1.041s] Invoked command in '/home/seoyoon/turtlebot3_ws/build/goal_publisher_pkg' returned '0': PYTHONPATH=/home/seoyoon/turtlebot3_ws/build/goal_publisher_pkg/prefix_override:/usr/lib/python3/dist-packages/colcon_core/task/python/colcon_distutils_commands:/home/seoyoon/turtlebot3_ws/install/goal_publisher_pkg/lib/python3.10/site-packages:${PYTHONPATH} /usr/bin/python3 -W ignore:setup.py install is deprecated -W ignore:easy_install command is deprecated setup.py develop --editable --build-directory /home/seoyoon/turtlebot3_ws/build/goal_publisher_pkg/build --no-deps symlink_data
