[1.061s] Invoking command in '/home/seoyoon/turtlebot3_ws/src/turtlebot3/turtlebot3_example': CMAKE_PREFIX_PATH=/home/seoyoon/turtlebot3_ws/install/turtlebot3_msgs:/home/seoyoon/turtlebot3_ws/install/turtlebot3:/home/seoyoon/turtlebot3_ws/install/turtlebot3_simulations:/home/seoyoon/turtlebot3_ws/install/turtlebot3_bringup:/home/seoyoon/turtlebot3_ws/install/turtlebot3_node:/home/seoyoon/turtlebot3_ws/install/turtlebot3_navigation2:/home/seoyoon/turtlebot3_ws/install/turtlebot3_fake_node:/home/seoyoon/turtlebot3_ws/install/turtlebot3_manipulation_gazebo:/home/seoyoon/turtlebot3_ws/install/turtlebot3_gazebo:/home/seoyoon/turtlebot3_ws/install/turtlebot3_description:/home/seoyoon/turtlebot3_ws/install/turtlebot3_cartographer:/home/seoyoon/turtlebot3_ws/install/turtlebot3_autorace:/home/seoyoon/turtlebot3_ws/install/dynamixel_sdk_examples:/home/seoyoon/turtlebot3_ws/install/dynamixel_sdk_custom_interfaces:/home/seoyoon/turtlebot3_ws/install/dynamixel_sdk LD_LIBRARY_PATH=/home/seoyoon/turtlebot3_ws/install/turtlebot3_msgs/lib:/home/seoyoon/turtlebot3_ws/install/dynamixel_sdk_custom_interfaces/lib:/home/seoyoon/turtlebot3_ws/install/dynamixel_sdk/lib:/usr/lib/x86_64-linux-gnu/gazebo-11/plugins:/opt/ros/humble/opt/rviz_ogre_vendor/lib:/opt/ros/humble/lib/x86_64-linux-gnu:/opt/ros/humble/lib:/usr/lib/x86_64-linux-gnu/gazebo-11/plugins PYTHONPATH=/home/seoyoon/turtlebot3_ws/build/turtlebot3_example/prefix_override:/usr/lib/python3/dist-packages/colcon_core/task/python/colcon_distutils_commands:/home/seoyoon/turtlebot3_ws/install/turtlebot3_example/lib/python3.10/site-packages:${PYTHONPATH} /usr/bin/python3 -W ignore:setup.py install is deprecated -W ignore:easy_install command is deprecated setup.py egg_info --egg-base ../../../build/turtlebot3_example build --build-base /home/seoyoon/turtlebot3_ws/build/turtlebot3_example/build install --record /home/seoyoon/turtlebot3_ws/build/turtlebot3_example/install.log --single-version-externally-managed install_data
[1.256s] running egg_info
[1.256s] writing ../../../build/turtlebot3_example/turtlebot3_example.egg-info/PKG-INFO
[1.257s] writing dependency_links to ../../../build/turtlebot3_example/turtlebot3_example.egg-info/dependency_links.txt
[1.257s] writing entry points to ../../../build/turtlebot3_example/turtlebot3_example.egg-info/entry_points.txt
[1.257s] writing requirements to ../../../build/turtlebot3_example/turtlebot3_example.egg-info/requires.txt
[1.257s] writing top-level names to ../../../build/turtlebot3_example/turtlebot3_example.egg-info/top_level.txt
[1.259s] reading manifest file '../../../build/turtlebot3_example/turtlebot3_example.egg-info/SOURCES.txt'
[1.260s] writing manifest file '../../../build/turtlebot3_example/turtlebot3_example.egg-info/SOURCES.txt'
[1.260s] running build
[1.260s] running build_py
[1.262s] running install
[1.263s] running install_lib
[1.266s] running install_data
[1.266s] running install_egg_info
[1.267s] removing '/home/seoyoon/turtlebot3_ws/install/turtlebot3_example/lib/python3.10/site-packages/turtlebot3_example-2.3.1-py3.10.egg-info' (and everything under it)
[1.267s] Copying ../../../build/turtlebot3_example/turtlebot3_example.egg-info to /home/seoyoon/turtlebot3_ws/install/turtlebot3_example/lib/python3.10/site-packages/turtlebot3_example-2.3.1-py3.10.egg-info
[1.268s] running install_scripts
[1.284s] Installing turtlebot3_absolute_move script to /home/seoyoon/turtlebot3_ws/install/turtlebot3_example/lib/turtlebot3_example
[1.284s] Installing turtlebot3_interactive_marker script to /home/seoyoon/turtlebot3_ws/install/turtlebot3_example/lib/turtlebot3_example
[1.284s] Installing turtlebot3_obstacle_detection script to /home/seoyoon/turtlebot3_ws/install/turtlebot3_example/lib/turtlebot3_example
[1.285s] Installing turtlebot3_patrol_client script to /home/seoyoon/turtlebot3_ws/install/turtlebot3_example/lib/turtlebot3_example
[1.285s] Installing turtlebot3_patrol_server script to /home/seoyoon/turtlebot3_ws/install/turtlebot3_example/lib/turtlebot3_example
[1.285s] Installing turtlebot3_relative_move script to /home/seoyoon/turtlebot3_ws/install/turtlebot3_example/lib/turtlebot3_example
[1.285s] writing list of installed files to '/home/seoyoon/turtlebot3_ws/build/turtlebot3_example/install.log'
[1.306s] Invoked command in '/home/seoyoon/turtlebot3_ws/src/turtlebot3/turtlebot3_example' returned '0': CMAKE_PREFIX_PATH=/home/seoyoon/turtlebot3_ws/install/turtlebot3_msgs:/home/seoyoon/turtlebot3_ws/install/turtlebot3:/home/seoyoon/turtlebot3_ws/install/turtlebot3_simulations:/home/seoyoon/turtlebot3_ws/install/turtlebot3_bringup:/home/seoyoon/turtlebot3_ws/install/turtlebot3_node:/home/seoyoon/turtlebot3_ws/install/turtlebot3_navigation2:/home/seoyoon/turtlebot3_ws/install/turtlebot3_fake_node:/home/seoyoon/turtlebot3_ws/install/turtlebot3_manipulation_gazebo:/home/seoyoon/turtlebot3_ws/install/turtlebot3_gazebo:/home/seoyoon/turtlebot3_ws/install/turtlebot3_description:/home/seoyoon/turtlebot3_ws/install/turtlebot3_cartographer:/home/seoyoon/turtlebot3_ws/install/turtlebot3_autorace:/home/seoyoon/turtlebot3_ws/install/dynamixel_sdk_examples:/home/seoyoon/turtlebot3_ws/install/dynamixel_sdk_custom_interfaces:/home/seoyoon/turtlebot3_ws/install/dynamixel_sdk LD_LIBRARY_PATH=/home/seoyoon/turtlebot3_ws/install/turtlebot3_msgs/lib:/home/seoyoon/turtlebot3_ws/install/dynamixel_sdk_custom_interfaces/lib:/home/seoyoon/turtlebot3_ws/install/dynamixel_sdk/lib:/usr/lib/x86_64-linux-gnu/gazebo-11/plugins:/opt/ros/humble/opt/rviz_ogre_vendor/lib:/opt/ros/humble/lib/x86_64-linux-gnu:/opt/ros/humble/lib:/usr/lib/x86_64-linux-gnu/gazebo-11/plugins PYTHONPATH=/home/seoyoon/turtlebot3_ws/build/turtlebot3_example/prefix_override:/usr/lib/python3/dist-packages/colcon_core/task/python/colcon_distutils_commands:/home/seoyoon/turtlebot3_ws/install/turtlebot3_example/lib/python3.10/site-packages:${PYTHONPATH} /usr/bin/python3 -W ignore:setup.py install is deprecated -W ignore:easy_install command is deprecated setup.py egg_info --egg-base ../../../build/turtlebot3_example build --build-base /home/seoyoon/turtlebot3_ws/build/turtlebot3_example/build install --record /home/seoyoon/turtlebot3_ws/build/turtlebot3_example/install.log --single-version-externally-managed install_data
