[1.629s] Invoking command in '/home/seoyoon/turtlebot3_ws/build/turtlebot3_autorace_detect': PYTHONPATH=/home/seoyoon/turtlebot3_ws/build/turtlebot3_autorace_detect/prefix_override:/usr/lib/python3/dist-packages/colcon_core/task/python/colcon_distutils_commands:/home/seoyoon/turtlebot3_ws/install/turtlebot3_autorace_detect/lib/python3.10/site-packages:${PYTHONPATH} /usr/bin/python3 -W ignore:setup.py install is deprecated -W ignore:easy_install command is deprecated setup.py develop --editable --build-directory /home/seoyoon/turtlebot3_ws/build/turtlebot3_autorace_detect/build --no-deps symlink_data
[2.037s] running develop
[2.254s] running egg_info
[2.254s] writing turtlebot3_autorace_detect.egg-info/PKG-INFO
[2.254s] writing dependency_links to turtlebot3_autorace_detect.egg-info/dependency_links.txt
[2.255s] writing entry points to turtlebot3_autorace_detect.egg-info/entry_points.txt
[2.255s] writing requirements to turtlebot3_autorace_detect.egg-info/requires.txt
[2.255s] writing top-level names to turtlebot3_autorace_detect.egg-info/top_level.txt
[2.256s] reading manifest file 'turtlebot3_autorace_detect.egg-info/SOURCES.txt'
[2.258s] writing manifest file 'turtlebot3_autorace_detect.egg-info/SOURCES.txt'
[2.260s] running build_ext
[2.260s] Creating /home/seoyoon/turtlebot3_ws/install/turtlebot3_autorace_detect/lib/python3.10/site-packages/turtlebot3-autorace-detect.egg-link (link to .)
[2.261s] Installing detect_construction_sign script to /home/seoyoon/turtlebot3_ws/install/turtlebot3_autorace_detect/lib/turtlebot3_autorace_detect
[2.261s] Installing detect_intersection_sign script to /home/seoyoon/turtlebot3_ws/install/turtlebot3_autorace_detect/lib/turtlebot3_autorace_detect
[2.261s] Installing detect_lane script to /home/seoyoon/turtlebot3_ws/install/turtlebot3_autorace_detect/lib/turtlebot3_autorace_detect
[2.261s] Installing detect_level_crossing script to /home/seoyoon/turtlebot3_ws/install/turtlebot3_autorace_detect/lib/turtlebot3_autorace_detect
[2.261s] Installing detect_level_crossing_sign script to /home/seoyoon/turtlebot3_ws/install/turtlebot3_autorace_detect/lib/turtlebot3_autorace_detect
[2.261s] Installing detect_parking script to /home/seoyoon/turtlebot3_ws/install/turtlebot3_autorace_detect/lib/turtlebot3_autorace_detect
[2.261s] Installing detect_parking_sign script to /home/seoyoon/turtlebot3_ws/install/turtlebot3_autorace_detect/lib/turtlebot3_autorace_detect
[2.261s] Installing detect_traffic_light script to /home/seoyoon/turtlebot3_ws/install/turtlebot3_autorace_detect/lib/turtlebot3_autorace_detect
[2.262s] Installing detect_tunnel_sign script to /home/seoyoon/turtlebot3_ws/install/turtlebot3_autorace_detect/lib/turtlebot3_autorace_detect
[2.262s] 
[2.262s] Installed /home/seoyoon/turtlebot3_ws/build/turtlebot3_autorace_detect
[2.262s] running symlink_data
[2.262s] symbolically linking /home/seoyoon/turtlebot3_ws/build/turtlebot3_autorace_detect/launch/detect_parking.launch.py -> /home/seoyoon/turtlebot3_ws/install/turtlebot3_autorace_detect/share/turtlebot3_autorace_detect/launch
[2.289s] Invoked command in '/home/seoyoon/turtlebot3_ws/build/turtlebot3_autorace_detect' returned '0': PYTHONPATH=/home/seoyoon/turtlebot3_ws/build/turtlebot3_autorace_detect/prefix_override:/usr/lib/python3/dist-packages/colcon_core/task/python/colcon_distutils_commands:/home/seoyoon/turtlebot3_ws/install/turtlebot3_autorace_detect/lib/python3.10/site-packages:${PYTHONPATH} /usr/bin/python3 -W ignore:setup.py install is deprecated -W ignore:easy_install command is deprecated setup.py develop --editable --build-directory /home/seoyoon/turtlebot3_ws/build/turtlebot3_autorace_detect/build --no-deps symlink_data
