[1.542s] Invoking command in '/home/seoyoon/turtlebot3_ws/src/turtlebot3_autorace/turtlebot3_autorace_camera': PYTHONPATH=/home/seoyoon/turtlebot3_ws/build/turtlebot3_autorace_camera/prefix_override:/usr/lib/python3/dist-packages/colcon_core/task/python/colcon_distutils_commands:/home/seoyoon/turtlebot3_ws/install/turtlebot3_autorace_camera/lib/python3.10/site-packages:${PYTHONPATH} /usr/bin/python3 -W ignore:setup.py install is deprecated -W ignore:easy_install command is deprecated setup.py egg_info --egg-base ../../../build/turtlebot3_autorace_camera build --build-base /home/seoyoon/turtlebot3_ws/build/turtlebot3_autorace_camera/build install --record /home/seoyoon/turtlebot3_ws/build/turtlebot3_autorace_camera/install.log --single-version-externally-managed install_data
[1.867s] running egg_info
[1.868s] writing ../../../build/turtlebot3_autorace_camera/turtlebot3_autorace_camera.egg-info/PKG-INFO
[1.869s] writing dependency_links to ../../../build/turtlebot3_autorace_camera/turtlebot3_autorace_camera.egg-info/dependency_links.txt
[1.869s] writing entry points to ../../../build/turtlebot3_autorace_camera/turtlebot3_autorace_camera.egg-info/entry_points.txt
[1.869s] writing requirements to ../../../build/turtlebot3_autorace_camera/turtlebot3_autorace_camera.egg-info/requires.txt
[1.869s] writing top-level names to ../../../build/turtlebot3_autorace_camera/turtlebot3_autorace_camera.egg-info/top_level.txt
[1.871s] reading manifest file '../../../build/turtlebot3_autorace_camera/turtlebot3_autorace_camera.egg-info/SOURCES.txt'
[1.872s] writing manifest file '../../../build/turtlebot3_autorace_camera/turtlebot3_autorace_camera.egg-info/SOURCES.txt'
[1.872s] running build
[1.872s] running build_py
[1.873s] running install
[1.873s] running install_lib
[1.874s] running install_data
[1.875s] copying calibration/extrinsic_calibration/projection.yaml -> /home/seoyoon/turtlebot3_ws/install/turtlebot3_autorace_camera/share/turtlebot3_autorace_camera/calibration/extrinsic_calibration
[1.875s] running install_egg_info
[1.877s] removing '/home/seoyoon/turtlebot3_ws/install/turtlebot3_autorace_camera/lib/python3.10/site-packages/turtlebot3_autorace_camera-1.2.2-py3.10.egg-info' (and everything under it)
[1.877s] Copying ../../../build/turtlebot3_autorace_camera/turtlebot3_autorace_camera.egg-info to /home/seoyoon/turtlebot3_ws/install/turtlebot3_autorace_camera/lib/python3.10/site-packages/turtlebot3_autorace_camera-1.2.2-py3.10.egg-info
[1.879s] running install_scripts
[1.901s] Installing image_compensation script to /home/seoyoon/turtlebot3_ws/install/turtlebot3_autorace_camera/lib/turtlebot3_autorace_camera
[1.902s] Installing image_projection script to /home/seoyoon/turtlebot3_ws/install/turtlebot3_autorace_camera/lib/turtlebot3_autorace_camera
[1.902s] writing list of installed files to '/home/seoyoon/turtlebot3_ws/build/turtlebot3_autorace_camera/install.log'
[1.933s] Invoked command in '/home/seoyoon/turtlebot3_ws/src/turtlebot3_autorace/turtlebot3_autorace_camera' returned '0': PYTHONPATH=/home/seoyoon/turtlebot3_ws/build/turtlebot3_autorace_camera/prefix_override:/usr/lib/python3/dist-packages/colcon_core/task/python/colcon_distutils_commands:/home/seoyoon/turtlebot3_ws/install/turtlebot3_autorace_camera/lib/python3.10/site-packages:${PYTHONPATH} /usr/bin/python3 -W ignore:setup.py install is deprecated -W ignore:easy_install command is deprecated setup.py egg_info --egg-base ../../../build/turtlebot3_autorace_camera build --build-base /home/seoyoon/turtlebot3_ws/build/turtlebot3_autorace_camera/build install --record /home/seoyoon/turtlebot3_ws/build/turtlebot3_autorace_camera/install.log --single-version-externally-managed install_data
