-- Found ament_cmake: 1.3.11 (/opt/ros/humble/share/ament_cmake/cmake)
-- Override CMake install command with custom implementation using symlinks instead of copying resources
-- Configuring done
-- Generating done
-- Build files have been written to: /home/seoyoon/turtlebot3_ws/build/turtlebot3_autorace
-- Install configuration: ""
-- Execute custom install script
-- Up-to-date symlink: /home/seoyoon/turtlebot3_ws/install/turtlebot3_autorace/share/ament_index/resource_index/package_run_dependencies/turtlebot3_autorace
-- Up-to-date symlink: /home/seoyoon/turtlebot3_ws/install/turtlebot3_autorace/share/ament_index/resource_index/parent_prefix_path/turtlebot3_autorace
-- Up-to-date symlink: /home/seoyoon/turtlebot3_ws/install/turtlebot3_autorace/share/turtlebot3_autorace/environment/ament_prefix_path.sh
-- Up-to-date symlink: /home/seoyoon/turtlebot3_ws/install/turtlebot3_autorace/share/turtlebot3_autorace/environment/ament_prefix_path.dsv
-- Up-to-date symlink: /home/seoyoon/turtlebot3_ws/install/turtlebot3_autorace/share/turtlebot3_autorace/environment/path.sh
-- Up-to-date symlink: /home/seoyoon/turtlebot3_ws/install/turtlebot3_autorace/share/turtlebot3_autorace/environment/path.dsv
-- Up-to-date symlink: /home/seoyoon/turtlebot3_ws/install/turtlebot3_autorace/share/turtlebot3_autorace/local_setup.bash
-- Up-to-date symlink: /home/seoyoon/turtlebot3_ws/install/turtlebot3_autorace/share/turtlebot3_autorace/local_setup.sh
-- Up-to-date symlink: /home/seoyoon/turtlebot3_ws/install/turtlebot3_autorace/share/turtlebot3_autorace/local_setup.zsh
-- Up-to-date symlink: /home/seoyoon/turtlebot3_ws/install/turtlebot3_autorace/share/turtlebot3_autorace/local_setup.dsv
-- Symlinking: /home/seoyoon/turtlebot3_ws/install/turtlebot3_autorace/share/turtlebot3_autorace/package.dsv
-- Up-to-date symlink: /home/seoyoon/turtlebot3_ws/install/turtlebot3_autorace/share/ament_index/resource_index/packages/turtlebot3_autorace
-- Up-to-date symlink: /home/seoyoon/turtlebot3_ws/install/turtlebot3_autorace/share/turtlebot3_autorace/cmake/turtlebot3_autoraceConfig.cmake
-- Up-to-date symlink: /home/seoyoon/turtlebot3_ws/install/turtlebot3_autorace/share/turtlebot3_autorace/cmake/turtlebot3_autoraceConfig-version.cmake
-- Up-to-date symlink: /home/seoyoon/turtlebot3_ws/install/turtlebot3_autorace/share/turtlebot3_autorace/package.xml
