[1.291s] Invoking command in '/home/seoyoon/turtlebot3_ws/build/turtlebot3_autorace_mission': PYTHONPATH=/home/seoyoon/turtlebot3_ws/build/turtlebot3_autorace_mission/prefix_override:/usr/lib/python3/dist-packages/colcon_core/task/python/colcon_distutils_commands:/home/seoyoon/turtlebot3_ws/install/turtlebot3_autorace_mission/lib/python3.10/site-packages:${PYTHONPATH} /usr/bin/python3 -W ignore:setup.py install is deprecated -W ignore:easy_install command is deprecated setup.py develop --editable --build-directory /home/seoyoon/turtlebot3_ws/build/turtlebot3_autorace_mission/build --no-deps symlink_data --force
[1.678s] running develop
[1.948s] running egg_info
[1.948s] writing turtlebot3_autorace_mission.egg-info/PKG-INFO
[1.948s] writing dependency_links to turtlebot3_autorace_mission.egg-info/dependency_links.txt
[1.948s] writing entry points to turtlebot3_autorace_mission.egg-info/entry_points.txt
[1.948s] writing requirements to turtlebot3_autorace_mission.egg-info/requires.txt
[1.948s] writing top-level names to turtlebot3_autorace_mission.egg-info/top_level.txt
[1.948s] reading manifest file 'turtlebot3_autorace_mission.egg-info/SOURCES.txt'
[1.948s] writing manifest file 'turtlebot3_autorace_mission.egg-info/SOURCES.txt'
[1.949s] running build_ext
[1.949s] Creating /home/seoyoon/turtlebot3_ws/install/turtlebot3_autorace_mission/lib/python3.10/site-packages/turtlebot3-autorace-mission.egg-link (link to .)
[1.951s] Installing avoid_construction script to /home/seoyoon/turtlebot3_ws/install/turtlebot3_autorace_mission/lib/turtlebot3_autorace_mission
[1.951s] Installing control_lane script to /home/seoyoon/turtlebot3_ws/install/turtlebot3_autorace_mission/lib/turtlebot3_autorace_mission
[1.951s] Installing mission_tunnel script to /home/seoyoon/turtlebot3_ws/install/turtlebot3_autorace_mission/lib/turtlebot3_autorace_mission
[1.952s] 
[1.952s] Installed /home/seoyoon/turtlebot3_ws/build/turtlebot3_autorace_mission
[1.952s] running symlink_data
[1.952s] symbolically linking /home/seoyoon/turtlebot3_ws/build/turtlebot3_autorace_mission/resource/turtlebot3_autorace_mission -> /home/seoyoon/turtlebot3_ws/install/turtlebot3_autorace_mission/share/ament_index/resource_index/packages
[1.952s] symbolically linking /home/seoyoon/turtlebot3_ws/build/turtlebot3_autorace_mission/package.xml -> /home/seoyoon/turtlebot3_ws/install/turtlebot3_autorace_mission/share/turtlebot3_autorace_mission
[1.952s] symbolically linking /home/seoyoon/turtlebot3_ws/build/turtlebot3_autorace_mission/launch/mission_construction.launch.py -> /home/seoyoon/turtlebot3_ws/install/turtlebot3_autorace_mission/share/turtlebot3_autorace_mission/launch
[1.953s] symbolically linking /home/seoyoon/turtlebot3_ws/build/turtlebot3_autorace_mission/launch/control_lane.launch.py -> /home/seoyoon/turtlebot3_ws/install/turtlebot3_autorace_mission/share/turtlebot3_autorace_mission/launch
[1.953s] symbolically linking /home/seoyoon/turtlebot3_ws/build/turtlebot3_autorace_mission/launch/mission_tunnel.launch.py -> /home/seoyoon/turtlebot3_ws/install/turtlebot3_autorace_mission/share/turtlebot3_autorace_mission/launch
[1.953s] symbolically linking /home/seoyoon/turtlebot3_ws/build/turtlebot3_autorace_mission/param/navigation.yaml -> /home/seoyoon/turtlebot3_ws/install/turtlebot3_autorace_mission/share/turtlebot3_autorace_mission/param
[1.953s] symbolically linking /home/seoyoon/turtlebot3_ws/build/turtlebot3_autorace_mission/map/map.yaml -> /home/seoyoon/turtlebot3_ws/install/turtlebot3_autorace_mission/share/turtlebot3_autorace_mission/map
[1.953s] symbolically linking /home/seoyoon/turtlebot3_ws/build/turtlebot3_autorace_mission/map/map.pgm -> /home/seoyoon/turtlebot3_ws/install/turtlebot3_autorace_mission/share/turtlebot3_autorace_mission/map
[1.995s] Invoked command in '/home/seoyoon/turtlebot3_ws/build/turtlebot3_autorace_mission' returned '0': PYTHONPATH=/home/seoyoon/turtlebot3_ws/build/turtlebot3_autorace_mission/prefix_override:/usr/lib/python3/dist-packages/colcon_core/task/python/colcon_distutils_commands:/home/seoyoon/turtlebot3_ws/install/turtlebot3_autorace_mission/lib/python3.10/site-packages:${PYTHONPATH} /usr/bin/python3 -W ignore:setup.py install is deprecated -W ignore:easy_install command is deprecated setup.py develop --editable --build-directory /home/seoyoon/turtlebot3_ws/build/turtlebot3_autorace_mission/build --no-deps symlink_data --force
