[1.317s] Invoking command in '/home/seoyoon/turtlebot3_ws/build/turtlebot3_autorace_camera': PYTHONPATH=/home/seoyoon/turtlebot3_ws/build/turtlebot3_autorace_camera/prefix_override:/usr/lib/python3/dist-packages/colcon_core/task/python/colcon_distutils_commands:/home/seoyoon/turtlebot3_ws/install/turtlebot3_autorace_camera/lib/python3.10/site-packages:${PYTHONPATH} /usr/bin/python3 -W ignore:setup.py install is deprecated -W ignore:easy_install command is deprecated setup.py develop --editable --build-directory /home/seoyoon/turtlebot3_ws/build/turtlebot3_autorace_camera/build --no-deps symlink_data --force
[1.766s] running develop
[1.975s] running egg_info
[1.975s] writing turtlebot3_autorace_camera.egg-info/PKG-INFO
[1.975s] writing dependency_links to turtlebot3_autorace_camera.egg-info/dependency_links.txt
[1.975s] writing entry points to turtlebot3_autorace_camera.egg-info/entry_points.txt
[1.976s] writing requirements to turtlebot3_autorace_camera.egg-info/requires.txt
[1.976s] writing top-level names to turtlebot3_autorace_camera.egg-info/top_level.txt
[1.982s] reading manifest file 'turtlebot3_autorace_camera.egg-info/SOURCES.txt'
[1.982s] writing manifest file 'turtlebot3_autorace_camera.egg-info/SOURCES.txt'
[1.982s] running build_ext
[1.983s] Creating /home/seoyoon/turtlebot3_ws/install/turtlebot3_autorace_camera/lib/python3.10/site-packages/turtlebot3-autorace-camera.egg-link (link to .)
[1.983s] Installing image_compensation script to /home/seoyoon/turtlebot3_ws/install/turtlebot3_autorace_camera/lib/turtlebot3_autorace_camera
[1.983s] Installing image_projection script to /home/seoyoon/turtlebot3_ws/install/turtlebot3_autorace_camera/lib/turtlebot3_autorace_camera
[1.984s] 
[1.984s] Installed /home/seoyoon/turtlebot3_ws/build/turtlebot3_autorace_camera
[1.984s] running symlink_data
[1.984s] symbolically linking /home/seoyoon/turtlebot3_ws/build/turtlebot3_autorace_camera/resource/turtlebot3_autorace_camera -> /home/seoyoon/turtlebot3_ws/install/turtlebot3_autorace_camera/share/ament_index/resource_index/packages
[1.984s] symbolically linking /home/seoyoon/turtlebot3_ws/build/turtlebot3_autorace_camera/package.xml -> /home/seoyoon/turtlebot3_ws/install/turtlebot3_autorace_camera/share/turtlebot3_autorace_camera
[1.986s] symbolically linking /home/seoyoon/turtlebot3_ws/build/turtlebot3_autorace_camera/launch/extrinsic_camera_calibration.launch.py -> /home/seoyoon/turtlebot3_ws/install/turtlebot3_autorace_camera/share/turtlebot3_autorace_camera/launch
[1.986s] symbolically linking /home/seoyoon/turtlebot3_ws/build/turtlebot3_autorace_camera/launch/intrinsic_camera_calibration.launch.py -> /home/seoyoon/turtlebot3_ws/install/turtlebot3_autorace_camera/share/turtlebot3_autorace_camera/launch
[1.987s] symbolically linking /home/seoyoon/turtlebot3_ws/build/turtlebot3_autorace_camera/calibration/extrinsic_calibration/compensation.yaml -> /home/seoyoon/turtlebot3_ws/install/turtlebot3_autorace_camera/share/turtlebot3_autorace_camera/calibration/extrinsic_calibration
[1.987s] symbolically linking /home/seoyoon/turtlebot3_ws/build/turtlebot3_autorace_camera/calibration/extrinsic_calibration/projection.yaml -> /home/seoyoon/turtlebot3_ws/install/turtlebot3_autorace_camera/share/turtlebot3_autorace_camera/calibration/extrinsic_calibration
[2.024s] Invoked command in '/home/seoyoon/turtlebot3_ws/build/turtlebot3_autorace_camera' returned '0': PYTHONPATH=/home/seoyoon/turtlebot3_ws/build/turtlebot3_autorace_camera/prefix_override:/usr/lib/python3/dist-packages/colcon_core/task/python/colcon_distutils_commands:/home/seoyoon/turtlebot3_ws/install/turtlebot3_autorace_camera/lib/python3.10/site-packages:${PYTHONPATH} /usr/bin/python3 -W ignore:setup.py install is deprecated -W ignore:easy_install command is deprecated setup.py develop --editable --build-directory /home/seoyoon/turtlebot3_ws/build/turtlebot3_autorace_camera/build --no-deps symlink_data --force
