[0.520s] Invoking command in '/home/seoyoon/turtlebot3_ws/build/turtlebot3_example': CMAKE_PREFIX_PATH=/home/seoyoon/turtlebot3_ws/install/turtlebot3_msgs:/home/seoyoon/turtlebot3_ws/install/turtlebot3_simulations:/home/seoyoon/turtlebot3_ws/install/turtlebot3_fake_node:/home/seoyoon/turtlebot3_ws/install/turtlebot3_manipulation_gazebo:/home/seoyoon/turtlebot3_ws/install/turtlebot3_gazebo:/home/seoyoon/turtlebot3_ws/install/turtlebot3:/home/seoyoon/turtlebot3_ws/install/turtlebot3_bringup:/home/seoyoon/turtlebot3_ws/install/turtlebot3_node:/home/seoyoon/turtlebot3_ws/install/turtlebot3_navigation2:/home/seoyoon/turtlebot3_ws/install/turtlebot3_description:/home/seoyoon/turtlebot3_ws/install/turtlebot3_cartographer:/home/seoyoon/turtlebot3_ws/install/dynamixel_sdk_examples:/home/seoyoon/turtlebot3_ws/install/dynamixel_sdk_custom_interfaces:/home/seoyoon/turtlebot3_ws/install/dynamixel_sdk LD_LIBRARY_PATH=/home/seoyoon/turtlebot3_ws/install/turtlebot3_msgs/lib:/home/seoyoon/turtlebot3_ws/install/dynamixel_sdk_custom_interfaces/lib:/home/seoyoon/turtlebot3_ws/install/dynamixel_sdk/lib:/usr/lib/x86_64-linux-gnu/gazebo-11/plugins:/opt/ros/humble/opt/rviz_ogre_vendor/lib:/opt/ros/humble/lib/x86_64-linux-gnu:/opt/ros/humble/lib:/usr/lib/x86_64-linux-gnu/gazebo-11/plugins PYTHONPATH=/home/seoyoon/turtlebot3_ws/build/turtlebot3_example/prefix_override:/usr/lib/python3/dist-packages/colcon_core/task/python/colcon_distutils_commands:/home/seoyoon/turtlebot3_ws/install/turtlebot3_example/lib/python3.10/site-packages:${PYTHONPATH} /usr/bin/python3 -W ignore:setup.py install is deprecated -W ignore:easy_install command is deprecated setup.py develop --editable --build-directory /home/seoyoon/turtlebot3_ws/build/turtlebot3_example/build --no-deps symlink_data
[0.713s] running develop
[0.840s] running egg_info
[0.840s] writing turtlebot3_example.egg-info/PKG-INFO
[0.840s] writing dependency_links to turtlebot3_example.egg-info/dependency_links.txt
[0.840s] writing entry points to turtlebot3_example.egg-info/entry_points.txt
[0.840s] writing requirements to turtlebot3_example.egg-info/requires.txt
[0.840s] writing top-level names to turtlebot3_example.egg-info/top_level.txt
[0.842s] reading manifest file 'turtlebot3_example.egg-info/SOURCES.txt'
[0.842s] writing manifest file 'turtlebot3_example.egg-info/SOURCES.txt'
[0.843s] running build_ext
[0.843s] Creating /home/seoyoon/turtlebot3_ws/install/turtlebot3_example/lib/python3.10/site-packages/turtlebot3-example.egg-link (link to .)
[0.844s] Installing turtlebot3_absolute_move script to /home/seoyoon/turtlebot3_ws/install/turtlebot3_example/lib/turtlebot3_example
[0.844s] Installing turtlebot3_interactive_marker script to /home/seoyoon/turtlebot3_ws/install/turtlebot3_example/lib/turtlebot3_example
[0.844s] Installing turtlebot3_obstacle_detection script to /home/seoyoon/turtlebot3_ws/install/turtlebot3_example/lib/turtlebot3_example
[0.844s] Installing turtlebot3_patrol_client script to /home/seoyoon/turtlebot3_ws/install/turtlebot3_example/lib/turtlebot3_example
[0.844s] Installing turtlebot3_patrol_server script to /home/seoyoon/turtlebot3_ws/install/turtlebot3_example/lib/turtlebot3_example
[0.844s] Installing turtlebot3_relative_move script to /home/seoyoon/turtlebot3_ws/install/turtlebot3_example/lib/turtlebot3_example
[0.844s] 
[0.844s] Installed /home/seoyoon/turtlebot3_ws/build/turtlebot3_example
[0.844s] running symlink_data
[0.866s] Invoked command in '/home/seoyoon/turtlebot3_ws/build/turtlebot3_example' returned '0': CMAKE_PREFIX_PATH=/home/seoyoon/turtlebot3_ws/install/turtlebot3_msgs:/home/seoyoon/turtlebot3_ws/install/turtlebot3_simulations:/home/seoyoon/turtlebot3_ws/install/turtlebot3_fake_node:/home/seoyoon/turtlebot3_ws/install/turtlebot3_manipulation_gazebo:/home/seoyoon/turtlebot3_ws/install/turtlebot3_gazebo:/home/seoyoon/turtlebot3_ws/install/turtlebot3:/home/seoyoon/turtlebot3_ws/install/turtlebot3_bringup:/home/seoyoon/turtlebot3_ws/install/turtlebot3_node:/home/seoyoon/turtlebot3_ws/install/turtlebot3_navigation2:/home/seoyoon/turtlebot3_ws/install/turtlebot3_description:/home/seoyoon/turtlebot3_ws/install/turtlebot3_cartographer:/home/seoyoon/turtlebot3_ws/install/dynamixel_sdk_examples:/home/seoyoon/turtlebot3_ws/install/dynamixel_sdk_custom_interfaces:/home/seoyoon/turtlebot3_ws/install/dynamixel_sdk LD_LIBRARY_PATH=/home/seoyoon/turtlebot3_ws/install/turtlebot3_msgs/lib:/home/seoyoon/turtlebot3_ws/install/dynamixel_sdk_custom_interfaces/lib:/home/seoyoon/turtlebot3_ws/install/dynamixel_sdk/lib:/usr/lib/x86_64-linux-gnu/gazebo-11/plugins:/opt/ros/humble/opt/rviz_ogre_vendor/lib:/opt/ros/humble/lib/x86_64-linux-gnu:/opt/ros/humble/lib:/usr/lib/x86_64-linux-gnu/gazebo-11/plugins PYTHONPATH=/home/seoyoon/turtlebot3_ws/build/turtlebot3_example/prefix_override:/usr/lib/python3/dist-packages/colcon_core/task/python/colcon_distutils_commands:/home/seoyoon/turtlebot3_ws/install/turtlebot3_example/lib/python3.10/site-packages:${PYTHONPATH} /usr/bin/python3 -W ignore:setup.py install is deprecated -W ignore:easy_install command is deprecated setup.py develop --editable --build-directory /home/seoyoon/turtlebot3_ws/build/turtlebot3_example/build --no-deps symlink_data
