[1.501s] Invoking command in '/home/seoyoon/turtlebot3_ws/build/turtlebot3_autorace_camera': PYTHONPATH=/home/seoyoon/turtlebot3_ws/build/turtlebot3_autorace_camera/prefix_override:/usr/lib/python3/dist-packages/colcon_core/task/python/colcon_distutils_commands:/home/seoyoon/turtlebot3_ws/install/turtlebot3_autorace_camera/lib/python3.10/site-packages:${PYTHONPATH} /usr/bin/python3 -W ignore:setup.py install is deprecated -W ignore:easy_install command is deprecated setup.py develop --editable --build-directory /home/seoyoon/turtlebot3_ws/build/turtlebot3_autorace_camera/build --no-deps symlink_data
[1.841s] running develop
[2.081s] running egg_info
[2.081s] creating turtlebot3_autorace_camera.egg-info
[2.081s] writing turtlebot3_autorace_camera.egg-info/PKG-INFO
[2.081s] writing dependency_links to turtlebot3_autorace_camera.egg-info/dependency_links.txt
[2.081s] writing entry points to turtlebot3_autorace_camera.egg-info/entry_points.txt
[2.081s] writing requirements to turtlebot3_autorace_camera.egg-info/requires.txt
[2.081s] writing top-level names to turtlebot3_autorace_camera.egg-info/top_level.txt
[2.081s] writing manifest file 'turtlebot3_autorace_camera.egg-info/SOURCES.txt'
[2.082s] reading manifest file 'turtlebot3_autorace_camera.egg-info/SOURCES.txt'
[2.083s] writing manifest file 'turtlebot3_autorace_camera.egg-info/SOURCES.txt'
[2.084s] running build_ext
[2.084s] Creating /home/seoyoon/turtlebot3_ws/install/turtlebot3_autorace_camera/lib/python3.10/site-packages/turtlebot3-autorace-camera.egg-link (link to .)
[2.085s] Installing image_compensation script to /home/seoyoon/turtlebot3_ws/install/turtlebot3_autorace_camera/lib/turtlebot3_autorace_camera
[2.085s] Installing image_projection script to /home/seoyoon/turtlebot3_ws/install/turtlebot3_autorace_camera/lib/turtlebot3_autorace_camera
[2.085s] 
[2.085s] Installed /home/seoyoon/turtlebot3_ws/build/turtlebot3_autorace_camera
[2.085s] running symlink_data
[2.085s] creating /home/seoyoon/turtlebot3_ws/install/turtlebot3_autorace_camera/share/ament_index
[2.085s] creating /home/seoyoon/turtlebot3_ws/install/turtlebot3_autorace_camera/share/ament_index/resource_index
[2.085s] creating /home/seoyoon/turtlebot3_ws/install/turtlebot3_autorace_camera/share/ament_index/resource_index/packages
[2.085s] symbolically linking /home/seoyoon/turtlebot3_ws/build/turtlebot3_autorace_camera/resource/turtlebot3_autorace_camera -> /home/seoyoon/turtlebot3_ws/install/turtlebot3_autorace_camera/share/ament_index/resource_index/packages
[2.085s] symbolically linking /home/seoyoon/turtlebot3_ws/build/turtlebot3_autorace_camera/package.xml -> /home/seoyoon/turtlebot3_ws/install/turtlebot3_autorace_camera/share/turtlebot3_autorace_camera
[2.085s] creating /home/seoyoon/turtlebot3_ws/install/turtlebot3_autorace_camera/share/turtlebot3_autorace_camera/launch
[2.085s] symbolically linking /home/seoyoon/turtlebot3_ws/build/turtlebot3_autorace_camera/launch/extrinsic_camera_calibration.launch.py -> /home/seoyoon/turtlebot3_ws/install/turtlebot3_autorace_camera/share/turtlebot3_autorace_camera/launch
[2.085s] symbolically linking /home/seoyoon/turtlebot3_ws/build/turtlebot3_autorace_camera/launch/intrinsic_camera_calibration.launch.py -> /home/seoyoon/turtlebot3_ws/install/turtlebot3_autorace_camera/share/turtlebot3_autorace_camera/launch
[2.085s] creating /home/seoyoon/turtlebot3_ws/install/turtlebot3_autorace_camera/share/turtlebot3_autorace_camera/calibration
[2.085s] creating /home/seoyoon/turtlebot3_ws/install/turtlebot3_autorace_camera/share/turtlebot3_autorace_camera/calibration/extrinsic_calibration
[2.085s] symbolically linking /home/seoyoon/turtlebot3_ws/build/turtlebot3_autorace_camera/calibration/extrinsic_calibration/compensation.yaml -> /home/seoyoon/turtlebot3_ws/install/turtlebot3_autorace_camera/share/turtlebot3_autorace_camera/calibration/extrinsic_calibration
[2.086s] symbolically linking /home/seoyoon/turtlebot3_ws/build/turtlebot3_autorace_camera/calibration/extrinsic_calibration/projection.yaml -> /home/seoyoon/turtlebot3_ws/install/turtlebot3_autorace_camera/share/turtlebot3_autorace_camera/calibration/extrinsic_calibration
[2.108s] Invoked command in '/home/seoyoon/turtlebot3_ws/build/turtlebot3_autorace_camera' returned '0': PYTHONPATH=/home/seoyoon/turtlebot3_ws/build/turtlebot3_autorace_camera/prefix_override:/usr/lib/python3/dist-packages/colcon_core/task/python/colcon_distutils_commands:/home/seoyoon/turtlebot3_ws/install/turtlebot3_autorace_camera/lib/python3.10/site-packages:${PYTHONPATH} /usr/bin/python3 -W ignore:setup.py install is deprecated -W ignore:easy_install command is deprecated setup.py develop --editable --build-directory /home/seoyoon/turtlebot3_ws/build/turtlebot3_autorace_camera/build --no-deps symlink_data
