[1.497s] Invoking command in '/home/seoyoon/turtlebot3_ws/build/turtlebot3_autorace_detect': PYTHONPATH=/home/seoyoon/turtlebot3_ws/build/turtlebot3_autorace_detect/prefix_override:/usr/lib/python3/dist-packages/colcon_core/task/python/colcon_distutils_commands:/home/seoyoon/turtlebot3_ws/install/turtlebot3_autorace_detect/lib/python3.10/site-packages:${PYTHONPATH} /usr/bin/python3 -W ignore:setup.py install is deprecated -W ignore:easy_install command is deprecated setup.py develop --editable --build-directory /home/seoyoon/turtlebot3_ws/build/turtlebot3_autorace_detect/build --no-deps symlink_data
[1.863s] running develop
[2.094s] running egg_info
[2.094s] writing turtlebot3_autorace_detect.egg-info/PKG-INFO
[2.094s] writing dependency_links to turtlebot3_autorace_detect.egg-info/dependency_links.txt
[2.094s] writing entry points to turtlebot3_autorace_detect.egg-info/entry_points.txt
[2.096s] writing requirements to turtlebot3_autorace_detect.egg-info/requires.txt
[2.096s] writing top-level names to turtlebot3_autorace_detect.egg-info/top_level.txt
[2.097s] reading manifest file 'turtlebot3_autorace_detect.egg-info/SOURCES.txt'
[2.100s] writing manifest file 'turtlebot3_autorace_detect.egg-info/SOURCES.txt'
[2.101s] running build_ext
[2.102s] Creating /home/seoyoon/turtlebot3_ws/install/turtlebot3_autorace_detect/lib/python3.10/site-packages/turtlebot3-autorace-detect.egg-link (link to .)
[2.103s] Installing detect_construction_sign script to /home/seoyoon/turtlebot3_ws/install/turtlebot3_autorace_detect/lib/turtlebot3_autorace_detect
[2.103s] Installing detect_intersection_sign script to /home/seoyoon/turtlebot3_ws/install/turtlebot3_autorace_detect/lib/turtlebot3_autorace_detect
[2.103s] Installing detect_lane script to /home/seoyoon/turtlebot3_ws/install/turtlebot3_autorace_detect/lib/turtlebot3_autorace_detect
[2.103s] Installing detect_level_crossing script to /home/seoyoon/turtlebot3_ws/install/turtlebot3_autorace_detect/lib/turtlebot3_autorace_detect
[2.104s] Installing detect_level_crossing_sign script to /home/seoyoon/turtlebot3_ws/install/turtlebot3_autorace_detect/lib/turtlebot3_autorace_detect
[2.104s] Installing detect_parking script to /home/seoyoon/turtlebot3_ws/install/turtlebot3_autorace_detect/lib/turtlebot3_autorace_detect
[2.104s] Installing detect_parking_sign script to /home/seoyoon/turtlebot3_ws/install/turtlebot3_autorace_detect/lib/turtlebot3_autorace_detect
[2.104s] Installing detect_traffic_light script to /home/seoyoon/turtlebot3_ws/install/turtlebot3_autorace_detect/lib/turtlebot3_autorace_detect
[2.104s] Installing detect_tunnel_sign script to /home/seoyoon/turtlebot3_ws/install/turtlebot3_autorace_detect/lib/turtlebot3_autorace_detect
[2.104s] 
[2.104s] Installed /home/seoyoon/turtlebot3_ws/build/turtlebot3_autorace_detect
[2.104s] running symlink_data
[2.165s] Invoked command in '/home/seoyoon/turtlebot3_ws/build/turtlebot3_autorace_detect' returned '0': PYTHONPATH=/home/seoyoon/turtlebot3_ws/build/turtlebot3_autorace_detect/prefix_override:/usr/lib/python3/dist-packages/colcon_core/task/python/colcon_distutils_commands:/home/seoyoon/turtlebot3_ws/install/turtlebot3_autorace_detect/lib/python3.10/site-packages:${PYTHONPATH} /usr/bin/python3 -W ignore:setup.py install is deprecated -W ignore:easy_install command is deprecated setup.py develop --editable --build-directory /home/seoyoon/turtlebot3_ws/build/turtlebot3_autorace_detect/build --no-deps symlink_data
