[3.596s] Invoking command in '/home/seoyoon/turtlebot3_ws/build/turtlebot3_autorace_mission': PYTHONPATH=/home/seoyoon/turtlebot3_ws/build/turtlebot3_autorace_mission/prefix_override:/usr/lib/python3/dist-packages/colcon_core/task/python/colcon_distutils_commands:/home/seoyoon/turtlebot3_ws/install/turtlebot3_autorace_mission/lib/python3.10/site-packages:${PYTHONPATH} /usr/bin/python3 -W ignore:setup.py install is deprecated -W ignore:easy_install command is deprecated setup.py develop --editable --build-directory /home/seoyoon/turtlebot3_ws/build/turtlebot3_autorace_mission/build --no-deps symlink_data
[5.003s] running develop
[5.954s] running egg_info
[5.955s] writing turtlebot3_autorace_mission.egg-info/PKG-INFO
[5.957s] writing dependency_links to turtlebot3_autorace_mission.egg-info/dependency_links.txt
[5.962s] writing entry points to turtlebot3_autorace_mission.egg-info/entry_points.txt
[5.967s] writing requirements to turtlebot3_autorace_mission.egg-info/requires.txt
[5.967s] writing top-level names to turtlebot3_autorace_mission.egg-info/top_level.txt
[5.978s] reading manifest file 'turtlebot3_autorace_mission.egg-info/SOURCES.txt'
[5.982s] writing manifest file 'turtlebot3_autorace_mission.egg-info/SOURCES.txt'
[5.992s] running build_ext
[5.996s] Creating /home/seoyoon/turtlebot3_ws/install/turtlebot3_autorace_mission/lib/python3.10/site-packages/turtlebot3-autorace-mission.egg-link (link to .)
[6.002s] Installing avoid_construction script to /home/seoyoon/turtlebot3_ws/install/turtlebot3_autorace_mission/lib/turtlebot3_autorace_mission
[6.002s] Installing control_lane script to /home/seoyoon/turtlebot3_ws/install/turtlebot3_autorace_mission/lib/turtlebot3_autorace_mission
[6.002s] Installing control_parking script to /home/seoyoon/turtlebot3_ws/install/turtlebot3_autorace_mission/lib/turtlebot3_autorace_mission
[6.003s] Installing mission_tunnel script to /home/seoyoon/turtlebot3_ws/install/turtlebot3_autorace_mission/lib/turtlebot3_autorace_mission
[6.003s] 
[6.009s] Installed /home/seoyoon/turtlebot3_ws/build/turtlebot3_autorace_mission
[6.009s] running symlink_data
[6.171s] Invoked command in '/home/seoyoon/turtlebot3_ws/build/turtlebot3_autorace_mission' returned '0': PYTHONPATH=/home/seoyoon/turtlebot3_ws/build/turtlebot3_autorace_mission/prefix_override:/usr/lib/python3/dist-packages/colcon_core/task/python/colcon_distutils_commands:/home/seoyoon/turtlebot3_ws/install/turtlebot3_autorace_mission/lib/python3.10/site-packages:${PYTHONPATH} /usr/bin/python3 -W ignore:setup.py install is deprecated -W ignore:easy_install command is deprecated setup.py develop --editable --build-directory /home/seoyoon/turtlebot3_ws/build/turtlebot3_autorace_mission/build --no-deps symlink_data
