[0.011s] Invoking command in '/home/seoyoon/turtlebot3_ws/build/turtlebot3_bringup': AMENT_PREFIX_PATH=/home/seoyoon/turtlebot3_ws/install/turtlebot3_node:/home/seoyoon/turtlebot3_ws/install/turtlebot3_msgs:/home/seoyoon/turtlebot3_ws/install/turtlebot3_description:/home/seoyoon/turtlebot3_ws/install/dynamixel_sdk:${AMENT_PREFIX_PATH} CMAKE_PREFIX_PATH=/home/seoyoon/turtlebot3_ws/install/turtlebot3_node:/home/seoyoon/turtlebot3_ws/install/turtlebot3_msgs:/home/seoyoon/turtlebot3_ws/install/turtlebot3_description:/home/seoyoon/turtlebot3_ws/install/dynamixel_sdk:/opt/ros/humble LD_LIBRARY_PATH=/home/seoyoon/turtlebot3_ws/install/turtlebot3_msgs/lib:/home/seoyoon/turtlebot3_ws/install/dynamixel_sdk/lib:${LD_LIBRARY_PATH} PYTHONPATH=/home/seoyoon/turtlebot3_ws/install/turtlebot3_msgs/local/lib/python3.10/dist-packages:/home/seoyoon/turtlebot3_ws/install/dynamixel_sdk/local/lib/python3.10/dist-packages:${PYTHONPATH} /usr/bin/cmake /home/seoyoon/turtlebot3_ws/src/turtlebot3/turtlebot3_bringup -DAMENT_CMAKE_SYMLINK_INSTALL=1 -DCMAKE_INSTALL_PREFIX=/home/seoyoon/turtlebot3_ws/install/turtlebot3_bringup
[0.050s] -- The C compiler identification is GNU 11.4.0
[0.092s] -- The CXX compiler identification is GNU 11.4.0
[0.097s] -- Detecting C compiler ABI info
[0.152s] -- Detecting C compiler ABI info - done
[0.158s] -- Check for working C compiler: /usr/bin/cc - skipped
[0.158s] -- Detecting C compile features
[0.159s] -- Detecting C compile features - done
[0.161s] -- Detecting CXX compiler ABI info
[0.219s] -- Detecting CXX compiler ABI info - done
[0.224s] -- Check for working CXX compiler: /usr/bin/c++ - skipped
[0.224s] -- Detecting CXX compile features
[0.225s] -- Detecting CXX compile features - done
[0.227s] -- Found ament_cmake: 1.3.11 (/opt/ros/humble/share/ament_cmake/cmake)
[0.347s] -- Found Python3: /usr/bin/python3 (found version "3.10.12") found components: Interpreter 
[0.393s] -- Override CMake install command with custom implementation using symlinks instead of copying resources
[0.458s] -- Configuring done
[0.459s] -- Generating done
[0.460s] -- Build files have been written to: /home/seoyoon/turtlebot3_ws/build/turtlebot3_bringup
[0.463s] Invoked command in '/home/seoyoon/turtlebot3_ws/build/turtlebot3_bringup' returned '0': AMENT_PREFIX_PATH=/home/seoyoon/turtlebot3_ws/install/turtlebot3_node:/home/seoyoon/turtlebot3_ws/install/turtlebot3_msgs:/home/seoyoon/turtlebot3_ws/install/turtlebot3_description:/home/seoyoon/turtlebot3_ws/install/dynamixel_sdk:${AMENT_PREFIX_PATH} CMAKE_PREFIX_PATH=/home/seoyoon/turtlebot3_ws/install/turtlebot3_node:/home/seoyoon/turtlebot3_ws/install/turtlebot3_msgs:/home/seoyoon/turtlebot3_ws/install/turtlebot3_description:/home/seoyoon/turtlebot3_ws/install/dynamixel_sdk:/opt/ros/humble LD_LIBRARY_PATH=/home/seoyoon/turtlebot3_ws/install/turtlebot3_msgs/lib:/home/seoyoon/turtlebot3_ws/install/dynamixel_sdk/lib:${LD_LIBRARY_PATH} PYTHONPATH=/home/seoyoon/turtlebot3_ws/install/turtlebot3_msgs/local/lib/python3.10/dist-packages:/home/seoyoon/turtlebot3_ws/install/dynamixel_sdk/local/lib/python3.10/dist-packages:${PYTHONPATH} /usr/bin/cmake /home/seoyoon/turtlebot3_ws/src/turtlebot3/turtlebot3_bringup -DAMENT_CMAKE_SYMLINK_INSTALL=1 -DCMAKE_INSTALL_PREFIX=/home/seoyoon/turtlebot3_ws/install/turtlebot3_bringup
[0.464s] Invoking command in '/home/seoyoon/turtlebot3_ws/build/turtlebot3_bringup': AMENT_PREFIX_PATH=/home/seoyoon/turtlebot3_ws/install/turtlebot3_node:/home/seoyoon/turtlebot3_ws/install/turtlebot3_msgs:/home/seoyoon/turtlebot3_ws/install/turtlebot3_description:/home/seoyoon/turtlebot3_ws/install/dynamixel_sdk:${AMENT_PREFIX_PATH} CMAKE_PREFIX_PATH=/home/seoyoon/turtlebot3_ws/install/turtlebot3_node:/home/seoyoon/turtlebot3_ws/install/turtlebot3_msgs:/home/seoyoon/turtlebot3_ws/install/turtlebot3_description:/home/seoyoon/turtlebot3_ws/install/dynamixel_sdk:/opt/ros/humble LD_LIBRARY_PATH=/home/seoyoon/turtlebot3_ws/install/turtlebot3_msgs/lib:/home/seoyoon/turtlebot3_ws/install/dynamixel_sdk/lib:${LD_LIBRARY_PATH} PYTHONPATH=/home/seoyoon/turtlebot3_ws/install/turtlebot3_msgs/local/lib/python3.10/dist-packages:/home/seoyoon/turtlebot3_ws/install/dynamixel_sdk/local/lib/python3.10/dist-packages:${PYTHONPATH} /usr/bin/cmake --build /home/seoyoon/turtlebot3_ws/build/turtlebot3_bringup -- -j8 -l8
[0.492s] Invoked command in '/home/seoyoon/turtlebot3_ws/build/turtlebot3_bringup' returned '0': AMENT_PREFIX_PATH=/home/seoyoon/turtlebot3_ws/install/turtlebot3_node:/home/seoyoon/turtlebot3_ws/install/turtlebot3_msgs:/home/seoyoon/turtlebot3_ws/install/turtlebot3_description:/home/seoyoon/turtlebot3_ws/install/dynamixel_sdk:${AMENT_PREFIX_PATH} CMAKE_PREFIX_PATH=/home/seoyoon/turtlebot3_ws/install/turtlebot3_node:/home/seoyoon/turtlebot3_ws/install/turtlebot3_msgs:/home/seoyoon/turtlebot3_ws/install/turtlebot3_description:/home/seoyoon/turtlebot3_ws/install/dynamixel_sdk:/opt/ros/humble LD_LIBRARY_PATH=/home/seoyoon/turtlebot3_ws/install/turtlebot3_msgs/lib:/home/seoyoon/turtlebot3_ws/install/dynamixel_sdk/lib:${LD_LIBRARY_PATH} PYTHONPATH=/home/seoyoon/turtlebot3_ws/install/turtlebot3_msgs/local/lib/python3.10/dist-packages:/home/seoyoon/turtlebot3_ws/install/dynamixel_sdk/local/lib/python3.10/dist-packages:${PYTHONPATH} /usr/bin/cmake --build /home/seoyoon/turtlebot3_ws/build/turtlebot3_bringup -- -j8 -l8
[0.494s] Invoking command in '/home/seoyoon/turtlebot3_ws/build/turtlebot3_bringup': AMENT_PREFIX_PATH=/home/seoyoon/turtlebot3_ws/install/turtlebot3_node:/home/seoyoon/turtlebot3_ws/install/turtlebot3_msgs:/home/seoyoon/turtlebot3_ws/install/turtlebot3_description:/home/seoyoon/turtlebot3_ws/install/dynamixel_sdk:${AMENT_PREFIX_PATH} CMAKE_PREFIX_PATH=/home/seoyoon/turtlebot3_ws/install/turtlebot3_node:/home/seoyoon/turtlebot3_ws/install/turtlebot3_msgs:/home/seoyoon/turtlebot3_ws/install/turtlebot3_description:/home/seoyoon/turtlebot3_ws/install/dynamixel_sdk:/opt/ros/humble LD_LIBRARY_PATH=/home/seoyoon/turtlebot3_ws/install/turtlebot3_msgs/lib:/home/seoyoon/turtlebot3_ws/install/dynamixel_sdk/lib:${LD_LIBRARY_PATH} PYTHONPATH=/home/seoyoon/turtlebot3_ws/install/turtlebot3_msgs/local/lib/python3.10/dist-packages:/home/seoyoon/turtlebot3_ws/install/dynamixel_sdk/local/lib/python3.10/dist-packages:${PYTHONPATH} /usr/bin/cmake --install /home/seoyoon/turtlebot3_ws/build/turtlebot3_bringup
[0.499s] -- Install configuration: ""
[0.499s] -- Execute custom install script
[0.500s] -- Symlinking: /home/seoyoon/turtlebot3_ws/install/turtlebot3_bringup/share/turtlebot3_bringup/launch/camera.launch.py
[0.507s] -- Symlinking: /home/seoyoon/turtlebot3_ws/install/turtlebot3_bringup/share/turtlebot3_bringup/launch/robot.launch.py
[0.514s] -- Symlinking: /home/seoyoon/turtlebot3_ws/install/turtlebot3_bringup/share/turtlebot3_bringup/launch/rviz2.launch.py
[0.519s] -- Symlinking: /home/seoyoon/turtlebot3_ws/install/turtlebot3_bringup/share/turtlebot3_bringup/launch/turtlebot3_state_publisher.launch.py
[0.527s] -- Symlinking: /home/seoyoon/turtlebot3_ws/install/turtlebot3_bringup/share/turtlebot3_bringup/param/burger.yaml
[0.537s] -- Symlinking: /home/seoyoon/turtlebot3_ws/install/turtlebot3_bringup/share/turtlebot3_bringup/param/humble/burger.yaml
[0.543s] -- Symlinking: /home/seoyoon/turtlebot3_ws/install/turtlebot3_bringup/share/turtlebot3_bringup/param/humble/waffle.yaml
[0.549s] -- Symlinking: /home/seoyoon/turtlebot3_ws/install/turtlebot3_bringup/share/turtlebot3_bringup/param/humble/waffle_pi.yaml
[0.555s] -- Symlinking: /home/seoyoon/turtlebot3_ws/install/turtlebot3_bringup/share/turtlebot3_bringup/param/waffle.yaml
[0.562s] -- Symlinking: /home/seoyoon/turtlebot3_ws/install/turtlebot3_bringup/share/turtlebot3_bringup/param/waffle_pi.yaml
[0.568s] -- Symlinking: /home/seoyoon/turtlebot3_ws/install/turtlebot3_bringup/share/turtlebot3_bringup/script/99-turtlebot3-cdc.rules
[0.575s] -- Symlinking: /home/seoyoon/turtlebot3_ws/install/turtlebot3_bringup/share/turtlebot3_bringup/script/create_udev_rules
[0.581s] -- Symlinking: /home/seoyoon/turtlebot3_ws/install/turtlebot3_bringup/share/ament_index/resource_index/package_run_dependencies/turtlebot3_bringup
[0.587s] -- Symlinking: /home/seoyoon/turtlebot3_ws/install/turtlebot3_bringup/share/ament_index/resource_index/parent_prefix_path/turtlebot3_bringup
[0.594s] -- Symlinking: /home/seoyoon/turtlebot3_ws/install/turtlebot3_bringup/share/turtlebot3_bringup/environment/ament_prefix_path.sh
[0.600s] -- Symlinking: /home/seoyoon/turtlebot3_ws/install/turtlebot3_bringup/share/turtlebot3_bringup/environment/ament_prefix_path.dsv
[0.606s] -- Symlinking: /home/seoyoon/turtlebot3_ws/install/turtlebot3_bringup/share/turtlebot3_bringup/environment/path.sh
[0.612s] -- Symlinking: /home/seoyoon/turtlebot3_ws/install/turtlebot3_bringup/share/turtlebot3_bringup/environment/path.dsv
[0.618s] -- Symlinking: /home/seoyoon/turtlebot3_ws/install/turtlebot3_bringup/share/turtlebot3_bringup/local_setup.bash
[0.624s] -- Symlinking: /home/seoyoon/turtlebot3_ws/install/turtlebot3_bringup/share/turtlebot3_bringup/local_setup.sh
[0.629s] -- Symlinking: /home/seoyoon/turtlebot3_ws/install/turtlebot3_bringup/share/turtlebot3_bringup/local_setup.zsh
[0.635s] -- Symlinking: /home/seoyoon/turtlebot3_ws/install/turtlebot3_bringup/share/turtlebot3_bringup/local_setup.dsv
[0.641s] -- Symlinking: /home/seoyoon/turtlebot3_ws/install/turtlebot3_bringup/share/turtlebot3_bringup/package.dsv
[0.647s] -- Symlinking: /home/seoyoon/turtlebot3_ws/install/turtlebot3_bringup/share/ament_index/resource_index/packages/turtlebot3_bringup
[0.653s] -- Symlinking: /home/seoyoon/turtlebot3_ws/install/turtlebot3_bringup/share/turtlebot3_bringup/cmake/turtlebot3_bringupConfig.cmake
[0.660s] -- Symlinking: /home/seoyoon/turtlebot3_ws/install/turtlebot3_bringup/share/turtlebot3_bringup/cmake/turtlebot3_bringupConfig-version.cmake
[0.666s] -- Symlinking: /home/seoyoon/turtlebot3_ws/install/turtlebot3_bringup/share/turtlebot3_bringup/package.xml
[0.674s] Invoked command in '/home/seoyoon/turtlebot3_ws/build/turtlebot3_bringup' returned '0': AMENT_PREFIX_PATH=/home/seoyoon/turtlebot3_ws/install/turtlebot3_node:/home/seoyoon/turtlebot3_ws/install/turtlebot3_msgs:/home/seoyoon/turtlebot3_ws/install/turtlebot3_description:/home/seoyoon/turtlebot3_ws/install/dynamixel_sdk:${AMENT_PREFIX_PATH} CMAKE_PREFIX_PATH=/home/seoyoon/turtlebot3_ws/install/turtlebot3_node:/home/seoyoon/turtlebot3_ws/install/turtlebot3_msgs:/home/seoyoon/turtlebot3_ws/install/turtlebot3_description:/home/seoyoon/turtlebot3_ws/install/dynamixel_sdk:/opt/ros/humble LD_LIBRARY_PATH=/home/seoyoon/turtlebot3_ws/install/turtlebot3_msgs/lib:/home/seoyoon/turtlebot3_ws/install/dynamixel_sdk/lib:${LD_LIBRARY_PATH} PYTHONPATH=/home/seoyoon/turtlebot3_ws/install/turtlebot3_msgs/local/lib/python3.10/dist-packages:/home/seoyoon/turtlebot3_ws/install/dynamixel_sdk/local/lib/python3.10/dist-packages:${PYTHONPATH} /usr/bin/cmake --install /home/seoyoon/turtlebot3_ws/build/turtlebot3_bringup
