[0.008s] Invoking command in '/home/seoyoon/turtlebot3_ws/build/turtlebot3_autorace': AMENT_PREFIX_PATH=/home/seoyoon/turtlebot3_ws/install/turtlebot3_autorace_mission:/home/seoyoon/turtlebot3_ws/install/turtlebot3_autorace_detect:/home/seoyoon/turtlebot3_ws/install/turtlebot3_autorace_camera:${AMENT_PREFIX_PATH} CMAKE_PREFIX_PATH=${CMAKE_PREFIX_PATH}:/home/seoyoon/turtlebot3_ws/install/turtlebot3_teleop:/home/seoyoon/turtlebot3_ws/install/turtlebot3_example:/opt/ros/humble PYTHONPATH=/home/seoyoon/turtlebot3_ws/build/turtlebot3_autorace_mission:/home/seoyoon/turtlebot3_ws/install/turtlebot3_autorace_mission/lib/python3.10/site-packages:/home/seoyoon/turtlebot3_ws/build/turtlebot3_autorace_detect:/home/seoyoon/turtlebot3_ws/install/turtlebot3_autorace_detect/lib/python3.10/site-packages:/home/seoyoon/turtlebot3_ws/build/turtlebot3_autorace_camera:/home/seoyoon/turtlebot3_ws/install/turtlebot3_autorace_camera/lib/python3.10/site-packages:${PYTHONPATH} /usr/bin/cmake /home/seoyoon/turtlebot3_ws/src/turtlebot3_autorace/turtlebot3_autorace -DAMENT_CMAKE_SYMLINK_INSTALL=1 -DCMAKE_INSTALL_PREFIX=/home/seoyoon/turtlebot3_ws/install/turtlebot3_autorace
[0.076s] -- The C compiler identification is GNU 11.4.0
[0.142s] -- The CXX compiler identification is GNU 11.4.0
[0.150s] -- Detecting C compiler ABI info
[0.203s] -- Detecting C compiler ABI info - done
[0.208s] -- Check for working C compiler: /usr/bin/cc - skipped
[0.209s] -- Detecting C compile features
[0.209s] -- Detecting C compile features - done
[0.212s] -- Detecting CXX compiler ABI info
[0.278s] -- Detecting CXX compiler ABI info - done
[0.284s] -- Check for working CXX compiler: /usr/bin/c++ - skipped
[0.285s] -- Detecting CXX compile features
[0.285s] -- Detecting CXX compile features - done
[0.288s] -- Found ament_cmake: 1.3.11 (/opt/ros/humble/share/ament_cmake/cmake)
[0.419s] -- Found Python3: /usr/bin/python3 (found version "3.10.12") found components: Interpreter 
[0.473s] -- Override CMake install command with custom implementation using symlinks instead of copying resources
[0.574s] -- Configuring done
[0.575s] -- Generating done
[0.576s] -- Build files have been written to: /home/seoyoon/turtlebot3_ws/build/turtlebot3_autorace
[0.579s] Invoked command in '/home/seoyoon/turtlebot3_ws/build/turtlebot3_autorace' returned '0': AMENT_PREFIX_PATH=/home/seoyoon/turtlebot3_ws/install/turtlebot3_autorace_mission:/home/seoyoon/turtlebot3_ws/install/turtlebot3_autorace_detect:/home/seoyoon/turtlebot3_ws/install/turtlebot3_autorace_camera:${AMENT_PREFIX_PATH} CMAKE_PREFIX_PATH=${CMAKE_PREFIX_PATH}:/home/seoyoon/turtlebot3_ws/install/turtlebot3_teleop:/home/seoyoon/turtlebot3_ws/install/turtlebot3_example:/opt/ros/humble PYTHONPATH=/home/seoyoon/turtlebot3_ws/build/turtlebot3_autorace_mission:/home/seoyoon/turtlebot3_ws/install/turtlebot3_autorace_mission/lib/python3.10/site-packages:/home/seoyoon/turtlebot3_ws/build/turtlebot3_autorace_detect:/home/seoyoon/turtlebot3_ws/install/turtlebot3_autorace_detect/lib/python3.10/site-packages:/home/seoyoon/turtlebot3_ws/build/turtlebot3_autorace_camera:/home/seoyoon/turtlebot3_ws/install/turtlebot3_autorace_camera/lib/python3.10/site-packages:${PYTHONPATH} /usr/bin/cmake /home/seoyoon/turtlebot3_ws/src/turtlebot3_autorace/turtlebot3_autorace -DAMENT_CMAKE_SYMLINK_INSTALL=1 -DCMAKE_INSTALL_PREFIX=/home/seoyoon/turtlebot3_ws/install/turtlebot3_autorace
[0.580s] Invoking command in '/home/seoyoon/turtlebot3_ws/build/turtlebot3_autorace': AMENT_PREFIX_PATH=/home/seoyoon/turtlebot3_ws/install/turtlebot3_autorace_mission:/home/seoyoon/turtlebot3_ws/install/turtlebot3_autorace_detect:/home/seoyoon/turtlebot3_ws/install/turtlebot3_autorace_camera:${AMENT_PREFIX_PATH} CMAKE_PREFIX_PATH=${CMAKE_PREFIX_PATH}:/home/seoyoon/turtlebot3_ws/install/turtlebot3_teleop:/home/seoyoon/turtlebot3_ws/install/turtlebot3_example:/opt/ros/humble PYTHONPATH=/home/seoyoon/turtlebot3_ws/build/turtlebot3_autorace_mission:/home/seoyoon/turtlebot3_ws/install/turtlebot3_autorace_mission/lib/python3.10/site-packages:/home/seoyoon/turtlebot3_ws/build/turtlebot3_autorace_detect:/home/seoyoon/turtlebot3_ws/install/turtlebot3_autorace_detect/lib/python3.10/site-packages:/home/seoyoon/turtlebot3_ws/build/turtlebot3_autorace_camera:/home/seoyoon/turtlebot3_ws/install/turtlebot3_autorace_camera/lib/python3.10/site-packages:${PYTHONPATH} /usr/bin/cmake --build /home/seoyoon/turtlebot3_ws/build/turtlebot3_autorace -- -j8 -l8
[0.608s] Invoked command in '/home/seoyoon/turtlebot3_ws/build/turtlebot3_autorace' returned '0': AMENT_PREFIX_PATH=/home/seoyoon/turtlebot3_ws/install/turtlebot3_autorace_mission:/home/seoyoon/turtlebot3_ws/install/turtlebot3_autorace_detect:/home/seoyoon/turtlebot3_ws/install/turtlebot3_autorace_camera:${AMENT_PREFIX_PATH} CMAKE_PREFIX_PATH=${CMAKE_PREFIX_PATH}:/home/seoyoon/turtlebot3_ws/install/turtlebot3_teleop:/home/seoyoon/turtlebot3_ws/install/turtlebot3_example:/opt/ros/humble PYTHONPATH=/home/seoyoon/turtlebot3_ws/build/turtlebot3_autorace_mission:/home/seoyoon/turtlebot3_ws/install/turtlebot3_autorace_mission/lib/python3.10/site-packages:/home/seoyoon/turtlebot3_ws/build/turtlebot3_autorace_detect:/home/seoyoon/turtlebot3_ws/install/turtlebot3_autorace_detect/lib/python3.10/site-packages:/home/seoyoon/turtlebot3_ws/build/turtlebot3_autorace_camera:/home/seoyoon/turtlebot3_ws/install/turtlebot3_autorace_camera/lib/python3.10/site-packages:${PYTHONPATH} /usr/bin/cmake --build /home/seoyoon/turtlebot3_ws/build/turtlebot3_autorace -- -j8 -l8
[0.609s] Invoking command in '/home/seoyoon/turtlebot3_ws/build/turtlebot3_autorace': AMENT_PREFIX_PATH=/home/seoyoon/turtlebot3_ws/install/turtlebot3_autorace_mission:/home/seoyoon/turtlebot3_ws/install/turtlebot3_autorace_detect:/home/seoyoon/turtlebot3_ws/install/turtlebot3_autorace_camera:${AMENT_PREFIX_PATH} CMAKE_PREFIX_PATH=${CMAKE_PREFIX_PATH}:/home/seoyoon/turtlebot3_ws/install/turtlebot3_teleop:/home/seoyoon/turtlebot3_ws/install/turtlebot3_example:/opt/ros/humble PYTHONPATH=/home/seoyoon/turtlebot3_ws/build/turtlebot3_autorace_mission:/home/seoyoon/turtlebot3_ws/install/turtlebot3_autorace_mission/lib/python3.10/site-packages:/home/seoyoon/turtlebot3_ws/build/turtlebot3_autorace_detect:/home/seoyoon/turtlebot3_ws/install/turtlebot3_autorace_detect/lib/python3.10/site-packages:/home/seoyoon/turtlebot3_ws/build/turtlebot3_autorace_camera:/home/seoyoon/turtlebot3_ws/install/turtlebot3_autorace_camera/lib/python3.10/site-packages:${PYTHONPATH} /usr/bin/cmake --install /home/seoyoon/turtlebot3_ws/build/turtlebot3_autorace
[0.614s] -- Install configuration: ""
[0.615s] -- Execute custom install script
[0.615s] -- Symlinking: /home/seoyoon/turtlebot3_ws/install/turtlebot3_autorace/share/ament_index/resource_index/package_run_dependencies/turtlebot3_autorace
[0.622s] -- Symlinking: /home/seoyoon/turtlebot3_ws/install/turtlebot3_autorace/share/ament_index/resource_index/parent_prefix_path/turtlebot3_autorace
[0.633s] -- Symlinking: /home/seoyoon/turtlebot3_ws/install/turtlebot3_autorace/share/turtlebot3_autorace/environment/ament_prefix_path.sh
[0.642s] -- Symlinking: /home/seoyoon/turtlebot3_ws/install/turtlebot3_autorace/share/turtlebot3_autorace/environment/ament_prefix_path.dsv
[0.648s] -- Symlinking: /home/seoyoon/turtlebot3_ws/install/turtlebot3_autorace/share/turtlebot3_autorace/environment/path.sh
[0.655s] -- Symlinking: /home/seoyoon/turtlebot3_ws/install/turtlebot3_autorace/share/turtlebot3_autorace/environment/path.dsv
[0.661s] -- Symlinking: /home/seoyoon/turtlebot3_ws/install/turtlebot3_autorace/share/turtlebot3_autorace/local_setup.bash
[0.667s] -- Symlinking: /home/seoyoon/turtlebot3_ws/install/turtlebot3_autorace/share/turtlebot3_autorace/local_setup.sh
[0.674s] -- Symlinking: /home/seoyoon/turtlebot3_ws/install/turtlebot3_autorace/share/turtlebot3_autorace/local_setup.zsh
[0.680s] -- Symlinking: /home/seoyoon/turtlebot3_ws/install/turtlebot3_autorace/share/turtlebot3_autorace/local_setup.dsv
[0.688s] -- Symlinking: /home/seoyoon/turtlebot3_ws/install/turtlebot3_autorace/share/turtlebot3_autorace/package.dsv
[0.696s] -- Symlinking: /home/seoyoon/turtlebot3_ws/install/turtlebot3_autorace/share/ament_index/resource_index/packages/turtlebot3_autorace
[0.703s] -- Symlinking: /home/seoyoon/turtlebot3_ws/install/turtlebot3_autorace/share/turtlebot3_autorace/cmake/turtlebot3_autoraceConfig.cmake
[0.709s] -- Symlinking: /home/seoyoon/turtlebot3_ws/install/turtlebot3_autorace/share/turtlebot3_autorace/cmake/turtlebot3_autoraceConfig-version.cmake
[0.716s] -- Symlinking: /home/seoyoon/turtlebot3_ws/install/turtlebot3_autorace/share/turtlebot3_autorace/package.xml
[0.724s] Invoked command in '/home/seoyoon/turtlebot3_ws/build/turtlebot3_autorace' returned '0': AMENT_PREFIX_PATH=/home/seoyoon/turtlebot3_ws/install/turtlebot3_autorace_mission:/home/seoyoon/turtlebot3_ws/install/turtlebot3_autorace_detect:/home/seoyoon/turtlebot3_ws/install/turtlebot3_autorace_camera:${AMENT_PREFIX_PATH} CMAKE_PREFIX_PATH=${CMAKE_PREFIX_PATH}:/home/seoyoon/turtlebot3_ws/install/turtlebot3_teleop:/home/seoyoon/turtlebot3_ws/install/turtlebot3_example:/opt/ros/humble PYTHONPATH=/home/seoyoon/turtlebot3_ws/build/turtlebot3_autorace_mission:/home/seoyoon/turtlebot3_ws/install/turtlebot3_autorace_mission/lib/python3.10/site-packages:/home/seoyoon/turtlebot3_ws/build/turtlebot3_autorace_detect:/home/seoyoon/turtlebot3_ws/install/turtlebot3_autorace_detect/lib/python3.10/site-packages:/home/seoyoon/turtlebot3_ws/build/turtlebot3_autorace_camera:/home/seoyoon/turtlebot3_ws/install/turtlebot3_autorace_camera/lib/python3.10/site-packages:${PYTHONPATH} /usr/bin/cmake --install /home/seoyoon/turtlebot3_ws/build/turtlebot3_autorace
