[0.901s] Invoking command in '/home/seoyoon/turtlebot3_ws/build/turtlebot3_teleop': PYTHONPATH=/home/seoyoon/turtlebot3_ws/build/turtlebot3_teleop/prefix_override:/usr/lib/python3/dist-packages/colcon_core/task/python/colcon_distutils_commands:/home/seoyoon/turtlebot3_ws/install/turtlebot3_teleop/lib/python3.10/site-packages:${PYTHONPATH} /usr/bin/python3 -W ignore:setup.py install is deprecated -W ignore:easy_install command is deprecated setup.py develop --uninstall --editable --build-directory /home/seoyoon/turtlebot3_ws/build/turtlebot3_teleop/build
[1.212s] running develop
[1.393s] Removing /home/seoyoon/turtlebot3_ws/install/turtlebot3_teleop/lib/python3.10/site-packages/turtlebot3-teleop.egg-link (link to .)
[1.423s] Invoked command in '/home/seoyoon/turtlebot3_ws/build/turtlebot3_teleop' returned '0': PYTHONPATH=/home/seoyoon/turtlebot3_ws/build/turtlebot3_teleop/prefix_override:/usr/lib/python3/dist-packages/colcon_core/task/python/colcon_distutils_commands:/home/seoyoon/turtlebot3_ws/install/turtlebot3_teleop/lib/python3.10/site-packages:${PYTHONPATH} /usr/bin/python3 -W ignore:setup.py install is deprecated -W ignore:easy_install command is deprecated setup.py develop --uninstall --editable --build-directory /home/seoyoon/turtlebot3_ws/build/turtlebot3_teleop/build
[1.425s] Invoking command in '/home/seoyoon/turtlebot3_ws/src/turtlebot3/turtlebot3_teleop': PYTHONPATH=/home/seoyoon/turtlebot3_ws/build/turtlebot3_teleop/prefix_override:/usr/lib/python3/dist-packages/colcon_core/task/python/colcon_distutils_commands:/home/seoyoon/turtlebot3_ws/install/turtlebot3_teleop/lib/python3.10/site-packages:${PYTHONPATH} /usr/bin/python3 -W ignore:setup.py install is deprecated -W ignore:easy_install command is deprecated setup.py egg_info --egg-base ../../../build/turtlebot3_teleop build --build-base /home/seoyoon/turtlebot3_ws/build/turtlebot3_teleop/build install --record /home/seoyoon/turtlebot3_ws/build/turtlebot3_teleop/install.log --single-version-externally-managed install_data --force
[1.742s] running egg_info
[1.743s] writing ../../../build/turtlebot3_teleop/turtlebot3_teleop.egg-info/PKG-INFO
[1.743s] writing dependency_links to ../../../build/turtlebot3_teleop/turtlebot3_teleop.egg-info/dependency_links.txt
[1.743s] writing entry points to ../../../build/turtlebot3_teleop/turtlebot3_teleop.egg-info/entry_points.txt
[1.743s] writing requirements to ../../../build/turtlebot3_teleop/turtlebot3_teleop.egg-info/requires.txt
[1.743s] writing top-level names to ../../../build/turtlebot3_teleop/turtlebot3_teleop.egg-info/top_level.txt
[1.744s] reading manifest file '../../../build/turtlebot3_teleop/turtlebot3_teleop.egg-info/SOURCES.txt'
[1.745s] writing manifest file '../../../build/turtlebot3_teleop/turtlebot3_teleop.egg-info/SOURCES.txt'
[1.745s] running build
[1.745s] running build_py
[1.745s] creating /home/seoyoon/turtlebot3_ws/build/turtlebot3_teleop/build
[1.745s] creating /home/seoyoon/turtlebot3_ws/build/turtlebot3_teleop/build/lib
[1.745s] creating /home/seoyoon/turtlebot3_ws/build/turtlebot3_teleop/build/lib/turtlebot3_teleop
[1.745s] copying turtlebot3_teleop/__init__.py -> /home/seoyoon/turtlebot3_ws/build/turtlebot3_teleop/build/lib/turtlebot3_teleop
[1.745s] creating /home/seoyoon/turtlebot3_ws/build/turtlebot3_teleop/build/lib/turtlebot3_teleop/script
[1.746s] copying turtlebot3_teleop/script/teleop_keyboard.py -> /home/seoyoon/turtlebot3_ws/build/turtlebot3_teleop/build/lib/turtlebot3_teleop/script
[1.746s] copying turtlebot3_teleop/script/__init__.py -> /home/seoyoon/turtlebot3_ws/build/turtlebot3_teleop/build/lib/turtlebot3_teleop/script
[1.746s] running install
[1.746s] running install_lib
[1.747s] creating /home/seoyoon/turtlebot3_ws/install/turtlebot3_teleop/lib/python3.10/site-packages/turtlebot3_teleop
[1.747s] creating /home/seoyoon/turtlebot3_ws/install/turtlebot3_teleop/lib/python3.10/site-packages/turtlebot3_teleop/script
[1.747s] copying /home/seoyoon/turtlebot3_ws/build/turtlebot3_teleop/build/lib/turtlebot3_teleop/script/teleop_keyboard.py -> /home/seoyoon/turtlebot3_ws/install/turtlebot3_teleop/lib/python3.10/site-packages/turtlebot3_teleop/script
[1.747s] copying /home/seoyoon/turtlebot3_ws/build/turtlebot3_teleop/build/lib/turtlebot3_teleop/script/__init__.py -> /home/seoyoon/turtlebot3_ws/install/turtlebot3_teleop/lib/python3.10/site-packages/turtlebot3_teleop/script
[1.747s] copying /home/seoyoon/turtlebot3_ws/build/turtlebot3_teleop/build/lib/turtlebot3_teleop/__init__.py -> /home/seoyoon/turtlebot3_ws/install/turtlebot3_teleop/lib/python3.10/site-packages/turtlebot3_teleop
[1.748s] byte-compiling /home/seoyoon/turtlebot3_ws/install/turtlebot3_teleop/lib/python3.10/site-packages/turtlebot3_teleop/script/teleop_keyboard.py to teleop_keyboard.cpython-310.pyc
[1.749s] byte-compiling /home/seoyoon/turtlebot3_ws/install/turtlebot3_teleop/lib/python3.10/site-packages/turtlebot3_teleop/script/__init__.py to __init__.cpython-310.pyc
[1.749s] byte-compiling /home/seoyoon/turtlebot3_ws/install/turtlebot3_teleop/lib/python3.10/site-packages/turtlebot3_teleop/__init__.py to __init__.cpython-310.pyc
[1.749s] running install_data
[1.749s] copying resource/turtlebot3_teleop -> /home/seoyoon/turtlebot3_ws/install/turtlebot3_teleop/share/ament_index/resource_index/packages
[1.749s] copying package.xml -> /home/seoyoon/turtlebot3_ws/install/turtlebot3_teleop/share/turtlebot3_teleop
[1.749s] running install_egg_info
[1.751s] Copying ../../../build/turtlebot3_teleop/turtlebot3_teleop.egg-info to /home/seoyoon/turtlebot3_ws/install/turtlebot3_teleop/lib/python3.10/site-packages/turtlebot3_teleop-2.3.1-py3.10.egg-info
[1.752s] running install_scripts
[1.774s] Installing teleop_keyboard script to /home/seoyoon/turtlebot3_ws/install/turtlebot3_teleop/lib/turtlebot3_teleop
[1.774s] writing list of installed files to '/home/seoyoon/turtlebot3_ws/build/turtlebot3_teleop/install.log'
[1.805s] Invoked command in '/home/seoyoon/turtlebot3_ws/src/turtlebot3/turtlebot3_teleop' returned '0': PYTHONPATH=/home/seoyoon/turtlebot3_ws/build/turtlebot3_teleop/prefix_override:/usr/lib/python3/dist-packages/colcon_core/task/python/colcon_distutils_commands:/home/seoyoon/turtlebot3_ws/install/turtlebot3_teleop/lib/python3.10/site-packages:${PYTHONPATH} /usr/bin/python3 -W ignore:setup.py install is deprecated -W ignore:easy_install command is deprecated setup.py egg_info --egg-base ../../../build/turtlebot3_teleop build --build-base /home/seoyoon/turtlebot3_ws/build/turtlebot3_teleop/build install --record /home/seoyoon/turtlebot3_ws/build/turtlebot3_teleop/install.log --single-version-externally-managed install_data --force
