[0.050s] Invoking command in '/home/seoyoon/turtlebot3_ws/build/turtlebot3_node': CMAKE_PREFIX_PATH=/home/seoyoon/turtlebot3_ws/install/turtlebot3_msgs:/home/seoyoon/turtlebot3_ws/install/dynamixel_sdk:/home/seoyoon/turtlebot3_ws/install/turtlebot3:/home/seoyoon/turtlebot3_ws/install/turtlebot3_simulations:/home/seoyoon/turtlebot3_ws/install/turtlebot3_bringup:/home/seoyoon/turtlebot3_ws/install/turtlebot3_node:/home/seoyoon/turtlebot3_ws/install/turtlebot3_navigation2:/home/seoyoon/turtlebot3_ws/install/turtlebot3_fake_node:/home/seoyoon/turtlebot3_ws/install/turtlebot3_manipulation_gazebo:/home/seoyoon/turtlebot3_ws/install/turtlebot3_gazebo:/home/seoyoon/turtlebot3_ws/install/turtlebot3_description:/home/seoyoon/turtlebot3_ws/install/turtlebot3_cartographer:/home/seoyoon/turtlebot3_ws/install/turtlebot3_autorace:/home/seoyoon/turtlebot3_ws/install/dynamixel_sdk_examples:/home/seoyoon/turtlebot3_ws/install/dynamixel_sdk_custom_interfaces:/home/seoyoon/turtlebot3_ws/install/turtlebot3_teleop:/home/seoyoon/turtlebot3_ws/install/turtlebot3_example:/home/seoyoon/turtlebot3_ws/install/turtlebot3_autorace_mission:/home/seoyoon/turtlebot3_ws/install/turtlebot3_autorace_detect:/home/seoyoon/turtlebot3_ws/install/turtlebot3_autorace_camera:/opt/ros/humble LD_LIBRARY_PATH=/home/seoyoon/turtlebot3_ws/install/turtlebot3_msgs/lib:/home/seoyoon/turtlebot3_ws/install/dynamixel_sdk/lib:/home/seoyoon/turtlebot3_ws/install/dynamixel_sdk_custom_interfaces/lib:/usr/lib/x86_64-linux-gnu/gazebo-11/plugins:/opt/ros/humble/opt/rviz_ogre_vendor/lib:/opt/ros/humble/lib/x86_64-linux-gnu:/opt/ros/humble/lib:/usr/lib/x86_64-linux-gnu/gazebo-11/plugins /usr/bin/cmake /home/seoyoon/turtlebot3_ws/src/turtlebot3/turtlebot3_node -DCMAKE_INSTALL_PREFIX=/home/seoyoon/turtlebot3_ws/install/turtlebot3_node
[0.066s] -- Found ament_cmake: 1.3.11 (/opt/ros/humble/share/ament_cmake/cmake)
[0.191s] -- Override CMake install command with custom implementation using symlinks instead of copying resources
[0.198s] -- Found dynamixel_sdk: 3.8.4 (/home/seoyoon/turtlebot3_ws/install/dynamixel_sdk/share/dynamixel_sdk/cmake)
[0.200s] -- Found geometry_msgs: 4.8.0 (/opt/ros/humble/share/geometry_msgs/cmake)
[0.224s] -- Found rosidl_generator_c: 3.1.6 (/opt/ros/humble/share/rosidl_generator_c/cmake)
[0.226s] -- Found rosidl_adapter: 3.1.6 (/opt/ros/humble/share/rosidl_adapter/cmake)
[0.230s] -- Found rosidl_generator_cpp: 3.1.6 (/opt/ros/humble/share/rosidl_generator_cpp/cmake)
[0.237s] -- Using all available rosidl_typesupport_c: rosidl_typesupport_fastrtps_c;rosidl_typesupport_introspection_c
[0.247s] -- Using all available rosidl_typesupport_cpp: rosidl_typesupport_fastrtps_cpp;rosidl_typesupport_introspection_cpp
[0.273s] -- Found message_filters: 4.3.7 (/opt/ros/humble/share/message_filters/cmake)
[0.295s] -- Found rmw_implementation_cmake: 6.1.2 (/opt/ros/humble/share/rmw_implementation_cmake/cmake)
[0.296s] -- Found rmw_fastrtps_cpp: 6.2.7 (/opt/ros/humble/share/rmw_fastrtps_cpp/cmake)
[0.396s] -- Using RMW implementation 'rmw_fastrtps_cpp' as default
[0.442s] -- Found nav_msgs: 4.8.0 (/opt/ros/humble/share/nav_msgs/cmake)
[0.471s] -- Found sensor_msgs: 4.8.0 (/opt/ros/humble/share/sensor_msgs/cmake)
[0.491s] -- Found std_srvs: 4.8.0 (/opt/ros/humble/share/std_srvs/cmake)
[0.509s] -- Found tf2: 0.25.12 (/opt/ros/humble/share/tf2/cmake)
[0.518s] -- Found tf2_ros: 0.25.12 (/opt/ros/humble/share/tf2_ros/cmake)
[0.646s] -- Found turtlebot3_msgs: 2.4.0 (/home/seoyoon/turtlebot3_ws/install/turtlebot3_msgs/share/turtlebot3_msgs/cmake)
[0.768s] -- Configuring done
[0.794s] -- Generating done
[0.803s] -- Build files have been written to: /home/seoyoon/turtlebot3_ws/build/turtlebot3_node
[0.811s] Invoked command in '/home/seoyoon/turtlebot3_ws/build/turtlebot3_node' returned '0': CMAKE_PREFIX_PATH=/home/seoyoon/turtlebot3_ws/install/turtlebot3_msgs:/home/seoyoon/turtlebot3_ws/install/dynamixel_sdk:/home/seoyoon/turtlebot3_ws/install/turtlebot3:/home/seoyoon/turtlebot3_ws/install/turtlebot3_simulations:/home/seoyoon/turtlebot3_ws/install/turtlebot3_bringup:/home/seoyoon/turtlebot3_ws/install/turtlebot3_node:/home/seoyoon/turtlebot3_ws/install/turtlebot3_navigation2:/home/seoyoon/turtlebot3_ws/install/turtlebot3_fake_node:/home/seoyoon/turtlebot3_ws/install/turtlebot3_manipulation_gazebo:/home/seoyoon/turtlebot3_ws/install/turtlebot3_gazebo:/home/seoyoon/turtlebot3_ws/install/turtlebot3_description:/home/seoyoon/turtlebot3_ws/install/turtlebot3_cartographer:/home/seoyoon/turtlebot3_ws/install/turtlebot3_autorace:/home/seoyoon/turtlebot3_ws/install/dynamixel_sdk_examples:/home/seoyoon/turtlebot3_ws/install/dynamixel_sdk_custom_interfaces:/home/seoyoon/turtlebot3_ws/install/turtlebot3_teleop:/home/seoyoon/turtlebot3_ws/install/turtlebot3_example:/home/seoyoon/turtlebot3_ws/install/turtlebot3_autorace_mission:/home/seoyoon/turtlebot3_ws/install/turtlebot3_autorace_detect:/home/seoyoon/turtlebot3_ws/install/turtlebot3_autorace_camera:/opt/ros/humble LD_LIBRARY_PATH=/home/seoyoon/turtlebot3_ws/install/turtlebot3_msgs/lib:/home/seoyoon/turtlebot3_ws/install/dynamixel_sdk/lib:/home/seoyoon/turtlebot3_ws/install/dynamixel_sdk_custom_interfaces/lib:/usr/lib/x86_64-linux-gnu/gazebo-11/plugins:/opt/ros/humble/opt/rviz_ogre_vendor/lib:/opt/ros/humble/lib/x86_64-linux-gnu:/opt/ros/humble/lib:/usr/lib/x86_64-linux-gnu/gazebo-11/plugins /usr/bin/cmake /home/seoyoon/turtlebot3_ws/src/turtlebot3/turtlebot3_node -DCMAKE_INSTALL_PREFIX=/home/seoyoon/turtlebot3_ws/install/turtlebot3_node
[0.812s] Invoking command in '/home/seoyoon/turtlebot3_ws/build/turtlebot3_node': CMAKE_PREFIX_PATH=/home/seoyoon/turtlebot3_ws/install/turtlebot3_msgs:/home/seoyoon/turtlebot3_ws/install/dynamixel_sdk:/home/seoyoon/turtlebot3_ws/install/turtlebot3:/home/seoyoon/turtlebot3_ws/install/turtlebot3_simulations:/home/seoyoon/turtlebot3_ws/install/turtlebot3_bringup:/home/seoyoon/turtlebot3_ws/install/turtlebot3_node:/home/seoyoon/turtlebot3_ws/install/turtlebot3_navigation2:/home/seoyoon/turtlebot3_ws/install/turtlebot3_fake_node:/home/seoyoon/turtlebot3_ws/install/turtlebot3_manipulation_gazebo:/home/seoyoon/turtlebot3_ws/install/turtlebot3_gazebo:/home/seoyoon/turtlebot3_ws/install/turtlebot3_description:/home/seoyoon/turtlebot3_ws/install/turtlebot3_cartographer:/home/seoyoon/turtlebot3_ws/install/turtlebot3_autorace:/home/seoyoon/turtlebot3_ws/install/dynamixel_sdk_examples:/home/seoyoon/turtlebot3_ws/install/dynamixel_sdk_custom_interfaces:/home/seoyoon/turtlebot3_ws/install/turtlebot3_teleop:/home/seoyoon/turtlebot3_ws/install/turtlebot3_example:/home/seoyoon/turtlebot3_ws/install/turtlebot3_autorace_mission:/home/seoyoon/turtlebot3_ws/install/turtlebot3_autorace_detect:/home/seoyoon/turtlebot3_ws/install/turtlebot3_autorace_camera:/opt/ros/humble LD_LIBRARY_PATH=/home/seoyoon/turtlebot3_ws/install/turtlebot3_msgs/lib:/home/seoyoon/turtlebot3_ws/install/dynamixel_sdk/lib:/home/seoyoon/turtlebot3_ws/install/dynamixel_sdk_custom_interfaces/lib:/usr/lib/x86_64-linux-gnu/gazebo-11/plugins:/opt/ros/humble/opt/rviz_ogre_vendor/lib:/opt/ros/humble/lib/x86_64-linux-gnu:/opt/ros/humble/lib:/usr/lib/x86_64-linux-gnu/gazebo-11/plugins /usr/bin/cmake --build /home/seoyoon/turtlebot3_ws/build/turtlebot3_node -- -j8 -l8
[0.849s] [35m[1mConsolidate compiler generated dependencies of target turtlebot3_node_lib[0m
[0.872s] [ 85%] Built target turtlebot3_node_lib
[0.881s] [35m[1mConsolidate compiler generated dependencies of target turtlebot3_ros[0m
[0.894s] [100%] Built target turtlebot3_ros
[0.902s] Invoked command in '/home/seoyoon/turtlebot3_ws/build/turtlebot3_node' returned '0': CMAKE_PREFIX_PATH=/home/seoyoon/turtlebot3_ws/install/turtlebot3_msgs:/home/seoyoon/turtlebot3_ws/install/dynamixel_sdk:/home/seoyoon/turtlebot3_ws/install/turtlebot3:/home/seoyoon/turtlebot3_ws/install/turtlebot3_simulations:/home/seoyoon/turtlebot3_ws/install/turtlebot3_bringup:/home/seoyoon/turtlebot3_ws/install/turtlebot3_node:/home/seoyoon/turtlebot3_ws/install/turtlebot3_navigation2:/home/seoyoon/turtlebot3_ws/install/turtlebot3_fake_node:/home/seoyoon/turtlebot3_ws/install/turtlebot3_manipulation_gazebo:/home/seoyoon/turtlebot3_ws/install/turtlebot3_gazebo:/home/seoyoon/turtlebot3_ws/install/turtlebot3_description:/home/seoyoon/turtlebot3_ws/install/turtlebot3_cartographer:/home/seoyoon/turtlebot3_ws/install/turtlebot3_autorace:/home/seoyoon/turtlebot3_ws/install/dynamixel_sdk_examples:/home/seoyoon/turtlebot3_ws/install/dynamixel_sdk_custom_interfaces:/home/seoyoon/turtlebot3_ws/install/turtlebot3_teleop:/home/seoyoon/turtlebot3_ws/install/turtlebot3_example:/home/seoyoon/turtlebot3_ws/install/turtlebot3_autorace_mission:/home/seoyoon/turtlebot3_ws/install/turtlebot3_autorace_detect:/home/seoyoon/turtlebot3_ws/install/turtlebot3_autorace_camera:/opt/ros/humble LD_LIBRARY_PATH=/home/seoyoon/turtlebot3_ws/install/turtlebot3_msgs/lib:/home/seoyoon/turtlebot3_ws/install/dynamixel_sdk/lib:/home/seoyoon/turtlebot3_ws/install/dynamixel_sdk_custom_interfaces/lib:/usr/lib/x86_64-linux-gnu/gazebo-11/plugins:/opt/ros/humble/opt/rviz_ogre_vendor/lib:/opt/ros/humble/lib/x86_64-linux-gnu:/opt/ros/humble/lib:/usr/lib/x86_64-linux-gnu/gazebo-11/plugins /usr/bin/cmake --build /home/seoyoon/turtlebot3_ws/build/turtlebot3_node -- -j8 -l8
[0.904s] Invoking command in '/home/seoyoon/turtlebot3_ws/build/turtlebot3_node': CMAKE_PREFIX_PATH=/home/seoyoon/turtlebot3_ws/install/turtlebot3_msgs:/home/seoyoon/turtlebot3_ws/install/dynamixel_sdk:/home/seoyoon/turtlebot3_ws/install/turtlebot3:/home/seoyoon/turtlebot3_ws/install/turtlebot3_simulations:/home/seoyoon/turtlebot3_ws/install/turtlebot3_bringup:/home/seoyoon/turtlebot3_ws/install/turtlebot3_node:/home/seoyoon/turtlebot3_ws/install/turtlebot3_navigation2:/home/seoyoon/turtlebot3_ws/install/turtlebot3_fake_node:/home/seoyoon/turtlebot3_ws/install/turtlebot3_manipulation_gazebo:/home/seoyoon/turtlebot3_ws/install/turtlebot3_gazebo:/home/seoyoon/turtlebot3_ws/install/turtlebot3_description:/home/seoyoon/turtlebot3_ws/install/turtlebot3_cartographer:/home/seoyoon/turtlebot3_ws/install/turtlebot3_autorace:/home/seoyoon/turtlebot3_ws/install/dynamixel_sdk_examples:/home/seoyoon/turtlebot3_ws/install/dynamixel_sdk_custom_interfaces:/home/seoyoon/turtlebot3_ws/install/turtlebot3_teleop:/home/seoyoon/turtlebot3_ws/install/turtlebot3_example:/home/seoyoon/turtlebot3_ws/install/turtlebot3_autorace_mission:/home/seoyoon/turtlebot3_ws/install/turtlebot3_autorace_detect:/home/seoyoon/turtlebot3_ws/install/turtlebot3_autorace_camera:/opt/ros/humble LD_LIBRARY_PATH=/home/seoyoon/turtlebot3_ws/install/turtlebot3_msgs/lib:/home/seoyoon/turtlebot3_ws/install/dynamixel_sdk/lib:/home/seoyoon/turtlebot3_ws/install/dynamixel_sdk_custom_interfaces/lib:/usr/lib/x86_64-linux-gnu/gazebo-11/plugins:/opt/ros/humble/opt/rviz_ogre_vendor/lib:/opt/ros/humble/lib/x86_64-linux-gnu:/opt/ros/humble/lib:/usr/lib/x86_64-linux-gnu/gazebo-11/plugins /usr/bin/cmake --install /home/seoyoon/turtlebot3_ws/build/turtlebot3_node
[0.909s] -- Install configuration: ""
[0.909s] -- Execute custom install script
[0.910s] -- Up-to-date symlink: /home/seoyoon/turtlebot3_ws/install/turtlebot3_node/share/turtlebot3_node/param/burger.yaml
[0.910s] -- Up-to-date symlink: /home/seoyoon/turtlebot3_ws/install/turtlebot3_node/share/turtlebot3_node/param/waffle.yaml
[0.910s] -- Up-to-date symlink: /home/seoyoon/turtlebot3_ws/install/turtlebot3_node/share/turtlebot3_node/param/waffle_pi.yaml
[0.910s] -- Up-to-date symlink: /home/seoyoon/turtlebot3_ws/install/turtlebot3_node/lib/turtlebot3_node/turtlebot3_ros
[0.910s] -- Up-to-date symlink: /home/seoyoon/turtlebot3_ws/install/turtlebot3_node/share/ament_index/resource_index/package_run_dependencies/turtlebot3_node
[0.910s] -- Up-to-date symlink: /home/seoyoon/turtlebot3_ws/install/turtlebot3_node/share/ament_index/resource_index/parent_prefix_path/turtlebot3_node
[0.910s] -- Up-to-date symlink: /home/seoyoon/turtlebot3_ws/install/turtlebot3_node/share/turtlebot3_node/environment/ament_prefix_path.sh
[0.910s] -- Up-to-date symlink: /home/seoyoon/turtlebot3_ws/install/turtlebot3_node/share/turtlebot3_node/environment/ament_prefix_path.dsv
[0.911s] -- Up-to-date symlink: /home/seoyoon/turtlebot3_ws/install/turtlebot3_node/share/turtlebot3_node/environment/path.sh
[0.911s] -- Up-to-date symlink: /home/seoyoon/turtlebot3_ws/install/turtlebot3_node/share/turtlebot3_node/environment/path.dsv
[0.911s] -- Up-to-date symlink: /home/seoyoon/turtlebot3_ws/install/turtlebot3_node/share/turtlebot3_node/local_setup.bash
[0.911s] -- Up-to-date symlink: /home/seoyoon/turtlebot3_ws/install/turtlebot3_node/share/turtlebot3_node/local_setup.sh
[0.911s] -- Up-to-date symlink: /home/seoyoon/turtlebot3_ws/install/turtlebot3_node/share/turtlebot3_node/local_setup.zsh
[0.911s] -- Up-to-date symlink: /home/seoyoon/turtlebot3_ws/install/turtlebot3_node/share/turtlebot3_node/local_setup.dsv
[0.911s] -- Symlinking: /home/seoyoon/turtlebot3_ws/install/turtlebot3_node/share/turtlebot3_node/package.dsv
[0.918s] -- Up-to-date symlink: /home/seoyoon/turtlebot3_ws/install/turtlebot3_node/share/ament_index/resource_index/packages/turtlebot3_node
[0.918s] -- Up-to-date symlink: /home/seoyoon/turtlebot3_ws/install/turtlebot3_node/share/turtlebot3_node/cmake/ament_cmake_export_dependencies-extras.cmake
[0.918s] -- Up-to-date symlink: /home/seoyoon/turtlebot3_ws/install/turtlebot3_node/share/turtlebot3_node/cmake/ament_cmake_export_include_directories-extras.cmake
[0.918s] -- Up-to-date symlink: /home/seoyoon/turtlebot3_ws/install/turtlebot3_node/share/turtlebot3_node/cmake/turtlebot3_nodeConfig.cmake
[0.918s] -- Up-to-date symlink: /home/seoyoon/turtlebot3_ws/install/turtlebot3_node/share/turtlebot3_node/cmake/turtlebot3_nodeConfig-version.cmake
[0.918s] -- Up-to-date symlink: /home/seoyoon/turtlebot3_ws/install/turtlebot3_node/share/turtlebot3_node/package.xml
[0.920s] Invoked command in '/home/seoyoon/turtlebot3_ws/build/turtlebot3_node' returned '0': CMAKE_PREFIX_PATH=/home/seoyoon/turtlebot3_ws/install/turtlebot3_msgs:/home/seoyoon/turtlebot3_ws/install/dynamixel_sdk:/home/seoyoon/turtlebot3_ws/install/turtlebot3:/home/seoyoon/turtlebot3_ws/install/turtlebot3_simulations:/home/seoyoon/turtlebot3_ws/install/turtlebot3_bringup:/home/seoyoon/turtlebot3_ws/install/turtlebot3_node:/home/seoyoon/turtlebot3_ws/install/turtlebot3_navigation2:/home/seoyoon/turtlebot3_ws/install/turtlebot3_fake_node:/home/seoyoon/turtlebot3_ws/install/turtlebot3_manipulation_gazebo:/home/seoyoon/turtlebot3_ws/install/turtlebot3_gazebo:/home/seoyoon/turtlebot3_ws/install/turtlebot3_description:/home/seoyoon/turtlebot3_ws/install/turtlebot3_cartographer:/home/seoyoon/turtlebot3_ws/install/turtlebot3_autorace:/home/seoyoon/turtlebot3_ws/install/dynamixel_sdk_examples:/home/seoyoon/turtlebot3_ws/install/dynamixel_sdk_custom_interfaces:/home/seoyoon/turtlebot3_ws/install/turtlebot3_teleop:/home/seoyoon/turtlebot3_ws/install/turtlebot3_example:/home/seoyoon/turtlebot3_ws/install/turtlebot3_autorace_mission:/home/seoyoon/turtlebot3_ws/install/turtlebot3_autorace_detect:/home/seoyoon/turtlebot3_ws/install/turtlebot3_autorace_camera:/opt/ros/humble LD_LIBRARY_PATH=/home/seoyoon/turtlebot3_ws/install/turtlebot3_msgs/lib:/home/seoyoon/turtlebot3_ws/install/dynamixel_sdk/lib:/home/seoyoon/turtlebot3_ws/install/dynamixel_sdk_custom_interfaces/lib:/usr/lib/x86_64-linux-gnu/gazebo-11/plugins:/opt/ros/humble/opt/rviz_ogre_vendor/lib:/opt/ros/humble/lib/x86_64-linux-gnu:/opt/ros/humble/lib:/usr/lib/x86_64-linux-gnu/gazebo-11/plugins /usr/bin/cmake --install /home/seoyoon/turtlebot3_ws/build/turtlebot3_node
