running develop
running egg_info
creating turtlebot3_autorace_detect.egg-info
writing turtlebot3_autorace_detect.egg-info/PKG-INFO
writing dependency_links to turtlebot3_autorace_detect.egg-info/dependency_links.txt
writing entry points to turtlebot3_autorace_detect.egg-info/entry_points.txt
writing requirements to turtlebot3_autorace_detect.egg-info/requires.txt
writing top-level names to turtlebot3_autorace_detect.egg-info/top_level.txt
writing manifest file 'turtlebot3_autorace_detect.egg-info/SOURCES.txt'
reading manifest file 'turtlebot3_autorace_detect.egg-info/SOURCES.txt'
writing manifest file 'turtlebot3_autorace_detect.egg-info/SOURCES.txt'
running build_ext
Creating /home/seoyoon/turtlebot3_ws/install/turtlebot3_autorace_detect/lib/python3.10/site-packages/turtlebot3-autorace-detect.egg-link (link to .)
Installing detect_construction_sign script to /home/seoyoon/turtlebot3_ws/install/turtlebot3_autorace_detect/lib/turtlebot3_autorace_detect
Installing detect_intersection_sign script to /home/seoyoon/turtlebot3_ws/install/turtlebot3_autorace_detect/lib/turtlebot3_autorace_detect
Installing detect_lane script to /home/seoyoon/turtlebot3_ws/install/turtlebot3_autorace_detect/lib/turtlebot3_autorace_detect
Installing detect_level_crossing script to /home/seoyoon/turtlebot3_ws/install/turtlebot3_autorace_detect/lib/turtlebot3_autorace_detect
Installing detect_level_crossing_sign script to /home/seoyoon/turtlebot3_ws/install/turtlebot3_autorace_detect/lib/turtlebot3_autorace_detect
Installing detect_parking_sign script to /home/seoyoon/turtlebot3_ws/install/turtlebot3_autorace_detect/lib/turtlebot3_autorace_detect
Installing detect_traffic_light script to /home/seoyoon/turtlebot3_ws/install/turtlebot3_autorace_detect/lib/turtlebot3_autorace_detect
Installing detect_tunnel_sign script to /home/seoyoon/turtlebot3_ws/install/turtlebot3_autorace_detect/lib/turtlebot3_autorace_detect

Installed /home/seoyoon/turtlebot3_ws/build/turtlebot3_autorace_detect
running symlink_data
creating /home/seoyoon/turtlebot3_ws/install/turtlebot3_autorace_detect/share/ament_index
creating /home/seoyoon/turtlebot3_ws/install/turtlebot3_autorace_detect/share/ament_index/resource_index
creating /home/seoyoon/turtlebot3_ws/install/turtlebot3_autorace_detect/share/ament_index/resource_index/packages
symbolically linking /home/seoyoon/turtlebot3_ws/build/turtlebot3_autorace_detect/resource/turtlebot3_autorace_detect -> /home/seoyoon/turtlebot3_ws/install/turtlebot3_autorace_detect/share/ament_index/resource_index/packages
symbolically linking /home/seoyoon/turtlebot3_ws/build/turtlebot3_autorace_detect/package.xml -> /home/seoyoon/turtlebot3_ws/install/turtlebot3_autorace_detect/share/turtlebot3_autorace_detect
creating /home/seoyoon/turtlebot3_ws/install/turtlebot3_autorace_detect/share/turtlebot3_autorace_detect/launch
symbolically linking /home/seoyoon/turtlebot3_ws/build/turtlebot3_autorace_detect/launch/detect_traffic_light.launch.py -> /home/seoyoon/turtlebot3_ws/install/turtlebot3_autorace_detect/share/turtlebot3_autorace_detect/launch
symbolically linking /home/seoyoon/turtlebot3_ws/build/turtlebot3_autorace_detect/launch/detect_sign.launch.py -> /home/seoyoon/turtlebot3_ws/install/turtlebot3_autorace_detect/share/turtlebot3_autorace_detect/launch
symbolically linking /home/seoyoon/turtlebot3_ws/build/turtlebot3_autorace_detect/launch/detect_level_crossing.launch.py -> /home/seoyoon/turtlebot3_ws/install/turtlebot3_autorace_detect/share/turtlebot3_autorace_detect/launch
symbolically linking /home/seoyoon/turtlebot3_ws/build/turtlebot3_autorace_detect/launch/detect_lane.launch.py -> /home/seoyoon/turtlebot3_ws/install/turtlebot3_autorace_detect/share/turtlebot3_autorace_detect/launch
creating /home/seoyoon/turtlebot3_ws/install/turtlebot3_autorace_detect/share/turtlebot3_autorace_detect/param
creating /home/seoyoon/turtlebot3_ws/install/turtlebot3_autorace_detect/share/turtlebot3_autorace_detect/param/lane
symbolically linking /home/seoyoon/turtlebot3_ws/build/turtlebot3_autorace_detect/param/lane/lane.yaml -> /home/seoyoon/turtlebot3_ws/install/turtlebot3_autorace_detect/share/turtlebot3_autorace_detect/param/lane
creating /home/seoyoon/turtlebot3_ws/install/turtlebot3_autorace_detect/share/turtlebot3_autorace_detect/param/level
symbolically linking /home/seoyoon/turtlebot3_ws/build/turtlebot3_autorace_detect/param/level/level.yaml -> /home/seoyoon/turtlebot3_ws/install/turtlebot3_autorace_detect/share/turtlebot3_autorace_detect/param/level
creating /home/seoyoon/turtlebot3_ws/install/turtlebot3_autorace_detect/share/turtlebot3_autorace_detect/param/traffic_light
symbolically linking /home/seoyoon/turtlebot3_ws/build/turtlebot3_autorace_detect/param/traffic_light/traffic_light.yaml -> /home/seoyoon/turtlebot3_ws/install/turtlebot3_autorace_detect/share/turtlebot3_autorace_detect/param/traffic_light
creating /home/seoyoon/turtlebot3_ws/install/turtlebot3_autorace_detect/share/turtlebot3_autorace_detect/image
symbolically linking /home/seoyoon/turtlebot3_ws/build/turtlebot3_autorace_detect/image/construction.png -> /home/seoyoon/turtlebot3_ws/install/turtlebot3_autorace_detect/share/turtlebot3_autorace_detect/image
symbolically linking /home/seoyoon/turtlebot3_ws/build/turtlebot3_autorace_detect/image/stop.png -> /home/seoyoon/turtlebot3_ws/install/turtlebot3_autorace_detect/share/turtlebot3_autorace_detect/image
symbolically linking /home/seoyoon/turtlebot3_ws/build/turtlebot3_autorace_detect/image/tunnel.png -> /home/seoyoon/turtlebot3_ws/install/turtlebot3_autorace_detect/share/turtlebot3_autorace_detect/image
symbolically linking /home/seoyoon/turtlebot3_ws/build/turtlebot3_autorace_detect/image/intersection.png -> /home/seoyoon/turtlebot3_ws/install/turtlebot3_autorace_detect/share/turtlebot3_autorace_detect/image
symbolically linking /home/seoyoon/turtlebot3_ws/build/turtlebot3_autorace_detect/image/parking.png -> /home/seoyoon/turtlebot3_ws/install/turtlebot3_autorace_detect/share/turtlebot3_autorace_detect/image
symbolically linking /home/seoyoon/turtlebot3_ws/build/turtlebot3_autorace_detect/image/right.png -> /home/seoyoon/turtlebot3_ws/install/turtlebot3_autorace_detect/share/turtlebot3_autorace_detect/image
symbolically linking /home/seoyoon/turtlebot3_ws/build/turtlebot3_autorace_detect/image/left.png -> /home/seoyoon/turtlebot3_ws/install/turtlebot3_autorace_detect/share/turtlebot3_autorace_detect/image
