running develop
running egg_info
writing turtlebot3_autorace_detect.egg-info/PKG-INFO
writing dependency_links to turtlebot3_autorace_detect.egg-info/dependency_links.txt
writing entry points to turtlebot3_autorace_detect.egg-info/entry_points.txt
writing requirements to turtlebot3_autorace_detect.egg-info/requires.txt
writing top-level names to turtlebot3_autorace_detect.egg-info/top_level.txt
reading manifest file 'turtlebot3_autorace_detect.egg-info/SOURCES.txt'
writing manifest file 'turtlebot3_autorace_detect.egg-info/SOURCES.txt'
running build_ext
Creating /home/seoyoon/turtlebot3_ws/install/turtlebot3_autorace_detect/lib/python3.10/site-packages/turtlebot3-autorace-detect.egg-link (link to .)
Installing detect_construction_sign script to /home/seoyoon/turtlebot3_ws/install/turtlebot3_autorace_detect/lib/turtlebot3_autorace_detect
Installing detect_intersection_sign script to /home/seoyoon/turtlebot3_ws/install/turtlebot3_autorace_detect/lib/turtlebot3_autorace_detect
Installing detect_lane script to /home/seoyoon/turtlebot3_ws/install/turtlebot3_autorace_detect/lib/turtlebot3_autorace_detect
Installing detect_level_crossing script to /home/seoyoon/turtlebot3_ws/install/turtlebot3_autorace_detect/lib/turtlebot3_autorace_detect
Installing detect_level_crossing_sign script to /home/seoyoon/turtlebot3_ws/install/turtlebot3_autorace_detect/lib/turtlebot3_autorace_detect
Installing detect_parking script to /home/seoyoon/turtlebot3_ws/install/turtlebot3_autorace_detect/lib/turtlebot3_autorace_detect
Installing detect_parking_sign script to /home/seoyoon/turtlebot3_ws/install/turtlebot3_autorace_detect/lib/turtlebot3_autorace_detect
Installing detect_signcombine script to /home/seoyoon/turtlebot3_ws/install/turtlebot3_autorace_detect/lib/turtlebot3_autorace_detect
Installing detect_traffic_light script to /home/seoyoon/turtlebot3_ws/install/turtlebot3_autorace_detect/lib/turtlebot3_autorace_detect
Installing detect_tunnel_sign script to /home/seoyoon/turtlebot3_ws/install/turtlebot3_autorace_detect/lib/turtlebot3_autorace_detect

Installed /home/seoyoon/turtlebot3_ws/build/turtlebot3_autorace_detect
running symlink_data
symbolically linking /home/seoyoon/turtlebot3_ws/build/turtlebot3_autorace_detect/launch/detect_stop_tunnel.launch.py -> /home/seoyoon/turtlebot3_ws/install/turtlebot3_autorace_detect/share/turtlebot3_autorace_detect/launch
