[0.025s] Invoking command in '/home/seoyoon/turtlebot3_ws/build/dynamixel_sdk_examples': CMAKE_PREFIX_PATH=/home/seoyoon/turtlebot3_ws/install/dynamixel_sdk_custom_interfaces:/home/seoyoon/turtlebot3_ws/install/dynamixel_sdk:/home/seoyoon/turtlebot3_ws/install/turtlebot3:/home/seoyoon/turtlebot3_ws/install/turtlebot3_simulations:/home/seoyoon/turtlebot3_ws/install/turtlebot3_bringup:/home/seoyoon/turtlebot3_ws/install/turtlebot3_node:/home/seoyoon/turtlebot3_ws/install/turtlebot3_navigation2:/home/seoyoon/turtlebot3_ws/install/turtlebot3_fake_node:/home/seoyoon/turtlebot3_ws/install/turtlebot3_msgs:/home/seoyoon/turtlebot3_ws/install/turtlebot3_manipulation_gazebo:/home/seoyoon/turtlebot3_ws/install/turtlebot3_gazebo:/home/seoyoon/turtlebot3_ws/install/turtlebot3_description:/home/seoyoon/turtlebot3_ws/install/turtlebot3_cartographer:/home/seoyoon/turtlebot3_ws/install/turtlebot3_autorace:/home/seoyoon/turtlebot3_ws/install/dynamixel_sdk_examples:/home/seoyoon/turtlebot3_ws/install/turtlebot3_teleop:/home/seoyoon/turtlebot3_ws/install/turtlebot3_example:/home/seoyoon/turtlebot3_ws/install/turtlebot3_autorace_mission:/home/seoyoon/turtlebot3_ws/install/turtlebot3_autorace_detect:/home/seoyoon/turtlebot3_ws/install/turtlebot3_autorace_camera:/opt/ros/humble LD_LIBRARY_PATH=/home/seoyoon/turtlebot3_ws/install/dynamixel_sdk_custom_interfaces/lib:/home/seoyoon/turtlebot3_ws/install/dynamixel_sdk/lib:/home/seoyoon/turtlebot3_ws/install/turtlebot3_msgs/lib:/usr/lib/x86_64-linux-gnu/gazebo-11/plugins:/opt/ros/humble/opt/rviz_ogre_vendor/lib:/opt/ros/humble/lib/x86_64-linux-gnu:/opt/ros/humble/lib:/usr/lib/x86_64-linux-gnu/gazebo-11/plugins /usr/bin/cmake /home/seoyoon/turtlebot3_ws/src/DynamixelSDK/ros/dynamixel_sdk_examples -DCMAKE_INSTALL_PREFIX=/home/seoyoon/turtlebot3_ws/install/dynamixel_sdk_examples
[0.057s] -- Found ament_cmake: 1.3.11 (/opt/ros/humble/share/ament_cmake/cmake)
[0.260s] -- Override CMake install command with custom implementation using symlinks instead of copying resources
[0.269s] -- Found dynamixel_sdk: 3.8.4 (/home/seoyoon/turtlebot3_ws/install/dynamixel_sdk/share/dynamixel_sdk/cmake)
[0.274s] -- Found dynamixel_sdk_custom_interfaces: 3.8.4 (/home/seoyoon/turtlebot3_ws/install/dynamixel_sdk_custom_interfaces/share/dynamixel_sdk_custom_interfaces/cmake)
[0.307s] -- Found rosidl_generator_c: 3.1.6 (/opt/ros/humble/share/rosidl_generator_c/cmake)
[0.311s] -- Found rosidl_adapter: 3.1.6 (/opt/ros/humble/share/rosidl_adapter/cmake)
[0.320s] -- Found rosidl_generator_cpp: 3.1.6 (/opt/ros/humble/share/rosidl_generator_cpp/cmake)
[0.335s] -- Using all available rosidl_typesupport_c: rosidl_typesupport_fastrtps_c;rosidl_typesupport_introspection_c
[0.357s] -- Using all available rosidl_typesupport_cpp: rosidl_typesupport_fastrtps_cpp;rosidl_typesupport_introspection_cpp
[0.399s] -- Found rclcpp: 16.0.12 (/opt/ros/humble/share/rclcpp/cmake)
[0.449s] -- Found rmw_implementation_cmake: 6.1.2 (/opt/ros/humble/share/rmw_implementation_cmake/cmake)
[0.453s] -- Found rmw_fastrtps_cpp: 6.2.7 (/opt/ros/humble/share/rmw_fastrtps_cpp/cmake)
[0.611s] -- Using RMW implementation 'rmw_fastrtps_cpp' as default
[0.682s] -- Found rclpy: 3.3.16 (/opt/ros/humble/share/rclpy/cmake)
[0.684s] -- Found ament_lint_auto: 0.12.12 (/opt/ros/humble/share/ament_lint_auto/cmake)
[0.781s] -- Added test 'copyright' to check source files copyright and LICENSE
[0.782s] -- Added test 'cppcheck' to perform static code analysis on C / C++ code
[0.783s] -- Configured cppcheck include dirs: /home/seoyoon/turtlebot3_ws/src/DynamixelSDK/ros/dynamixel_sdk_examples/include
[0.783s] -- Configured cppcheck exclude dirs and/or files: 
[0.783s] -- Added test 'cpplint' to check C / C++ code against the Google style
[0.784s] -- Configured cpplint exclude dirs and/or files: 
[0.784s] -- Added test 'flake8' to check Python code syntax and style conventions
[0.785s] -- Added test 'lint_cmake' to check CMake code style
[0.785s] -- Added test 'pep257' to check Python code against some of the docstring style conventions in PEP 257
[0.786s] -- Added test 'uncrustify' to check C / C++ code style
[0.786s] -- Configured uncrustify additional arguments: 
[0.787s] -- Added test 'xmllint' to check XML markup files
[0.788s] -- Configuring done
[0.801s] -- Generating done
[0.805s] -- Build files have been written to: /home/seoyoon/turtlebot3_ws/build/dynamixel_sdk_examples
[0.899s] Invoked command in '/home/seoyoon/turtlebot3_ws/build/dynamixel_sdk_examples' returned '0': CMAKE_PREFIX_PATH=/home/seoyoon/turtlebot3_ws/install/dynamixel_sdk_custom_interfaces:/home/seoyoon/turtlebot3_ws/install/dynamixel_sdk:/home/seoyoon/turtlebot3_ws/install/turtlebot3:/home/seoyoon/turtlebot3_ws/install/turtlebot3_simulations:/home/seoyoon/turtlebot3_ws/install/turtlebot3_bringup:/home/seoyoon/turtlebot3_ws/install/turtlebot3_node:/home/seoyoon/turtlebot3_ws/install/turtlebot3_navigation2:/home/seoyoon/turtlebot3_ws/install/turtlebot3_fake_node:/home/seoyoon/turtlebot3_ws/install/turtlebot3_msgs:/home/seoyoon/turtlebot3_ws/install/turtlebot3_manipulation_gazebo:/home/seoyoon/turtlebot3_ws/install/turtlebot3_gazebo:/home/seoyoon/turtlebot3_ws/install/turtlebot3_description:/home/seoyoon/turtlebot3_ws/install/turtlebot3_cartographer:/home/seoyoon/turtlebot3_ws/install/turtlebot3_autorace:/home/seoyoon/turtlebot3_ws/install/dynamixel_sdk_examples:/home/seoyoon/turtlebot3_ws/install/turtlebot3_teleop:/home/seoyoon/turtlebot3_ws/install/turtlebot3_example:/home/seoyoon/turtlebot3_ws/install/turtlebot3_autorace_mission:/home/seoyoon/turtlebot3_ws/install/turtlebot3_autorace_detect:/home/seoyoon/turtlebot3_ws/install/turtlebot3_autorace_camera:/opt/ros/humble LD_LIBRARY_PATH=/home/seoyoon/turtlebot3_ws/install/dynamixel_sdk_custom_interfaces/lib:/home/seoyoon/turtlebot3_ws/install/dynamixel_sdk/lib:/home/seoyoon/turtlebot3_ws/install/turtlebot3_msgs/lib:/usr/lib/x86_64-linux-gnu/gazebo-11/plugins:/opt/ros/humble/opt/rviz_ogre_vendor/lib:/opt/ros/humble/lib/x86_64-linux-gnu:/opt/ros/humble/lib:/usr/lib/x86_64-linux-gnu/gazebo-11/plugins /usr/bin/cmake /home/seoyoon/turtlebot3_ws/src/DynamixelSDK/ros/dynamixel_sdk_examples -DCMAKE_INSTALL_PREFIX=/home/seoyoon/turtlebot3_ws/install/dynamixel_sdk_examples
[0.900s] Invoking command in '/home/seoyoon/turtlebot3_ws/build/dynamixel_sdk_examples': CMAKE_PREFIX_PATH=/home/seoyoon/turtlebot3_ws/install/dynamixel_sdk_custom_interfaces:/home/seoyoon/turtlebot3_ws/install/dynamixel_sdk:/home/seoyoon/turtlebot3_ws/install/turtlebot3:/home/seoyoon/turtlebot3_ws/install/turtlebot3_simulations:/home/seoyoon/turtlebot3_ws/install/turtlebot3_bringup:/home/seoyoon/turtlebot3_ws/install/turtlebot3_node:/home/seoyoon/turtlebot3_ws/install/turtlebot3_navigation2:/home/seoyoon/turtlebot3_ws/install/turtlebot3_fake_node:/home/seoyoon/turtlebot3_ws/install/turtlebot3_msgs:/home/seoyoon/turtlebot3_ws/install/turtlebot3_manipulation_gazebo:/home/seoyoon/turtlebot3_ws/install/turtlebot3_gazebo:/home/seoyoon/turtlebot3_ws/install/turtlebot3_description:/home/seoyoon/turtlebot3_ws/install/turtlebot3_cartographer:/home/seoyoon/turtlebot3_ws/install/turtlebot3_autorace:/home/seoyoon/turtlebot3_ws/install/dynamixel_sdk_examples:/home/seoyoon/turtlebot3_ws/install/turtlebot3_teleop:/home/seoyoon/turtlebot3_ws/install/turtlebot3_example:/home/seoyoon/turtlebot3_ws/install/turtlebot3_autorace_mission:/home/seoyoon/turtlebot3_ws/install/turtlebot3_autorace_detect:/home/seoyoon/turtlebot3_ws/install/turtlebot3_autorace_camera:/opt/ros/humble LD_LIBRARY_PATH=/home/seoyoon/turtlebot3_ws/install/dynamixel_sdk_custom_interfaces/lib:/home/seoyoon/turtlebot3_ws/install/dynamixel_sdk/lib:/home/seoyoon/turtlebot3_ws/install/turtlebot3_msgs/lib:/usr/lib/x86_64-linux-gnu/gazebo-11/plugins:/opt/ros/humble/opt/rviz_ogre_vendor/lib:/opt/ros/humble/lib/x86_64-linux-gnu:/opt/ros/humble/lib:/usr/lib/x86_64-linux-gnu/gazebo-11/plugins /usr/bin/cmake --build /home/seoyoon/turtlebot3_ws/build/dynamixel_sdk_examples -- -j8 -l8
[0.939s] [35m[1mConsolidate compiler generated dependencies of target read_write_node[0m
[0.968s] [100%] Built target read_write_node
[0.992s] Invoked command in '/home/seoyoon/turtlebot3_ws/build/dynamixel_sdk_examples' returned '0': CMAKE_PREFIX_PATH=/home/seoyoon/turtlebot3_ws/install/dynamixel_sdk_custom_interfaces:/home/seoyoon/turtlebot3_ws/install/dynamixel_sdk:/home/seoyoon/turtlebot3_ws/install/turtlebot3:/home/seoyoon/turtlebot3_ws/install/turtlebot3_simulations:/home/seoyoon/turtlebot3_ws/install/turtlebot3_bringup:/home/seoyoon/turtlebot3_ws/install/turtlebot3_node:/home/seoyoon/turtlebot3_ws/install/turtlebot3_navigation2:/home/seoyoon/turtlebot3_ws/install/turtlebot3_fake_node:/home/seoyoon/turtlebot3_ws/install/turtlebot3_msgs:/home/seoyoon/turtlebot3_ws/install/turtlebot3_manipulation_gazebo:/home/seoyoon/turtlebot3_ws/install/turtlebot3_gazebo:/home/seoyoon/turtlebot3_ws/install/turtlebot3_description:/home/seoyoon/turtlebot3_ws/install/turtlebot3_cartographer:/home/seoyoon/turtlebot3_ws/install/turtlebot3_autorace:/home/seoyoon/turtlebot3_ws/install/dynamixel_sdk_examples:/home/seoyoon/turtlebot3_ws/install/turtlebot3_teleop:/home/seoyoon/turtlebot3_ws/install/turtlebot3_example:/home/seoyoon/turtlebot3_ws/install/turtlebot3_autorace_mission:/home/seoyoon/turtlebot3_ws/install/turtlebot3_autorace_detect:/home/seoyoon/turtlebot3_ws/install/turtlebot3_autorace_camera:/opt/ros/humble LD_LIBRARY_PATH=/home/seoyoon/turtlebot3_ws/install/dynamixel_sdk_custom_interfaces/lib:/home/seoyoon/turtlebot3_ws/install/dynamixel_sdk/lib:/home/seoyoon/turtlebot3_ws/install/turtlebot3_msgs/lib:/usr/lib/x86_64-linux-gnu/gazebo-11/plugins:/opt/ros/humble/opt/rviz_ogre_vendor/lib:/opt/ros/humble/lib/x86_64-linux-gnu:/opt/ros/humble/lib:/usr/lib/x86_64-linux-gnu/gazebo-11/plugins /usr/bin/cmake --build /home/seoyoon/turtlebot3_ws/build/dynamixel_sdk_examples -- -j8 -l8
[0.994s] Invoking command in '/home/seoyoon/turtlebot3_ws/build/dynamixel_sdk_examples': CMAKE_PREFIX_PATH=/home/seoyoon/turtlebot3_ws/install/dynamixel_sdk_custom_interfaces:/home/seoyoon/turtlebot3_ws/install/dynamixel_sdk:/home/seoyoon/turtlebot3_ws/install/turtlebot3:/home/seoyoon/turtlebot3_ws/install/turtlebot3_simulations:/home/seoyoon/turtlebot3_ws/install/turtlebot3_bringup:/home/seoyoon/turtlebot3_ws/install/turtlebot3_node:/home/seoyoon/turtlebot3_ws/install/turtlebot3_navigation2:/home/seoyoon/turtlebot3_ws/install/turtlebot3_fake_node:/home/seoyoon/turtlebot3_ws/install/turtlebot3_msgs:/home/seoyoon/turtlebot3_ws/install/turtlebot3_manipulation_gazebo:/home/seoyoon/turtlebot3_ws/install/turtlebot3_gazebo:/home/seoyoon/turtlebot3_ws/install/turtlebot3_description:/home/seoyoon/turtlebot3_ws/install/turtlebot3_cartographer:/home/seoyoon/turtlebot3_ws/install/turtlebot3_autorace:/home/seoyoon/turtlebot3_ws/install/dynamixel_sdk_examples:/home/seoyoon/turtlebot3_ws/install/turtlebot3_teleop:/home/seoyoon/turtlebot3_ws/install/turtlebot3_example:/home/seoyoon/turtlebot3_ws/install/turtlebot3_autorace_mission:/home/seoyoon/turtlebot3_ws/install/turtlebot3_autorace_detect:/home/seoyoon/turtlebot3_ws/install/turtlebot3_autorace_camera:/opt/ros/humble LD_LIBRARY_PATH=/home/seoyoon/turtlebot3_ws/install/dynamixel_sdk_custom_interfaces/lib:/home/seoyoon/turtlebot3_ws/install/dynamixel_sdk/lib:/home/seoyoon/turtlebot3_ws/install/turtlebot3_msgs/lib:/usr/lib/x86_64-linux-gnu/gazebo-11/plugins:/opt/ros/humble/opt/rviz_ogre_vendor/lib:/opt/ros/humble/lib/x86_64-linux-gnu:/opt/ros/humble/lib:/usr/lib/x86_64-linux-gnu/gazebo-11/plugins /usr/bin/cmake --install /home/seoyoon/turtlebot3_ws/build/dynamixel_sdk_examples
[1.003s] -- Install configuration: ""
[1.003s] -- Execute custom install script
[1.003s] -- Up-to-date symlink: /home/seoyoon/turtlebot3_ws/install/dynamixel_sdk_examples/lib/dynamixel_sdk_examples/read_write_node
[1.004s] -- Up-to-date symlink: /home/seoyoon/turtlebot3_ws/install/dynamixel_sdk_examples/lib/dynamixel_sdk_examples/read_write_node.py
[1.004s] -- Up-to-date symlink: /home/seoyoon/turtlebot3_ws/install/dynamixel_sdk_examples/share/ament_index/resource_index/package_run_dependencies/dynamixel_sdk_examples
[1.005s] -- Up-to-date symlink: /home/seoyoon/turtlebot3_ws/install/dynamixel_sdk_examples/share/ament_index/resource_index/parent_prefix_path/dynamixel_sdk_examples
[1.005s] -- Up-to-date symlink: /home/seoyoon/turtlebot3_ws/install/dynamixel_sdk_examples/share/dynamixel_sdk_examples/environment/ament_prefix_path.sh
[1.005s] -- Up-to-date symlink: /home/seoyoon/turtlebot3_ws/install/dynamixel_sdk_examples/share/dynamixel_sdk_examples/environment/ament_prefix_path.dsv
[1.006s] -- Up-to-date symlink: /home/seoyoon/turtlebot3_ws/install/dynamixel_sdk_examples/share/dynamixel_sdk_examples/environment/path.sh
[1.006s] -- Up-to-date symlink: /home/seoyoon/turtlebot3_ws/install/dynamixel_sdk_examples/share/dynamixel_sdk_examples/environment/path.dsv
[1.007s] -- Up-to-date symlink: /home/seoyoon/turtlebot3_ws/install/dynamixel_sdk_examples/share/dynamixel_sdk_examples/local_setup.bash
[1.007s] -- Up-to-date symlink: /home/seoyoon/turtlebot3_ws/install/dynamixel_sdk_examples/share/dynamixel_sdk_examples/local_setup.sh
[1.008s] -- Up-to-date symlink: /home/seoyoon/turtlebot3_ws/install/dynamixel_sdk_examples/share/dynamixel_sdk_examples/local_setup.zsh
[1.008s] -- Up-to-date symlink: /home/seoyoon/turtlebot3_ws/install/dynamixel_sdk_examples/share/dynamixel_sdk_examples/local_setup.dsv
[1.008s] -- Symlinking: /home/seoyoon/turtlebot3_ws/install/dynamixel_sdk_examples/share/dynamixel_sdk_examples/package.dsv
[1.019s] -- Up-to-date symlink: /home/seoyoon/turtlebot3_ws/install/dynamixel_sdk_examples/share/ament_index/resource_index/packages/dynamixel_sdk_examples
[1.019s] -- Up-to-date symlink: /home/seoyoon/turtlebot3_ws/install/dynamixel_sdk_examples/share/dynamixel_sdk_examples/cmake/dynamixel_sdk_examplesConfig.cmake
[1.020s] -- Up-to-date symlink: /home/seoyoon/turtlebot3_ws/install/dynamixel_sdk_examples/share/dynamixel_sdk_examples/cmake/dynamixel_sdk_examplesConfig-version.cmake
[1.020s] -- Up-to-date symlink: /home/seoyoon/turtlebot3_ws/install/dynamixel_sdk_examples/share/dynamixel_sdk_examples/package.xml
[1.025s] Invoked command in '/home/seoyoon/turtlebot3_ws/build/dynamixel_sdk_examples' returned '0': CMAKE_PREFIX_PATH=/home/seoyoon/turtlebot3_ws/install/dynamixel_sdk_custom_interfaces:/home/seoyoon/turtlebot3_ws/install/dynamixel_sdk:/home/seoyoon/turtlebot3_ws/install/turtlebot3:/home/seoyoon/turtlebot3_ws/install/turtlebot3_simulations:/home/seoyoon/turtlebot3_ws/install/turtlebot3_bringup:/home/seoyoon/turtlebot3_ws/install/turtlebot3_node:/home/seoyoon/turtlebot3_ws/install/turtlebot3_navigation2:/home/seoyoon/turtlebot3_ws/install/turtlebot3_fake_node:/home/seoyoon/turtlebot3_ws/install/turtlebot3_msgs:/home/seoyoon/turtlebot3_ws/install/turtlebot3_manipulation_gazebo:/home/seoyoon/turtlebot3_ws/install/turtlebot3_gazebo:/home/seoyoon/turtlebot3_ws/install/turtlebot3_description:/home/seoyoon/turtlebot3_ws/install/turtlebot3_cartographer:/home/seoyoon/turtlebot3_ws/install/turtlebot3_autorace:/home/seoyoon/turtlebot3_ws/install/dynamixel_sdk_examples:/home/seoyoon/turtlebot3_ws/install/turtlebot3_teleop:/home/seoyoon/turtlebot3_ws/install/turtlebot3_example:/home/seoyoon/turtlebot3_ws/install/turtlebot3_autorace_mission:/home/seoyoon/turtlebot3_ws/install/turtlebot3_autorace_detect:/home/seoyoon/turtlebot3_ws/install/turtlebot3_autorace_camera:/opt/ros/humble LD_LIBRARY_PATH=/home/seoyoon/turtlebot3_ws/install/dynamixel_sdk_custom_interfaces/lib:/home/seoyoon/turtlebot3_ws/install/dynamixel_sdk/lib:/home/seoyoon/turtlebot3_ws/install/turtlebot3_msgs/lib:/usr/lib/x86_64-linux-gnu/gazebo-11/plugins:/opt/ros/humble/opt/rviz_ogre_vendor/lib:/opt/ros/humble/lib/x86_64-linux-gnu:/opt/ros/humble/lib:/usr/lib/x86_64-linux-gnu/gazebo-11/plugins /usr/bin/cmake --install /home/seoyoon/turtlebot3_ws/build/dynamixel_sdk_examples
