[0.261s] Invoking command in '/home/seoyoon/turtlebot3_ws/build/turtlebot3_fake_node': CMAKE_PREFIX_PATH=/home/seoyoon/turtlebot3_ws/install/turtlebot3_msgs:/home/seoyoon/turtlebot3_ws/install/turtlebot3:/home/seoyoon/turtlebot3_ws/install/turtlebot3_bringup:/home/seoyoon/turtlebot3_ws/install/turtlebot3_node:/home/seoyoon/turtlebot3_ws/install/turtlebot3_navigation2:/home/seoyoon/turtlebot3_ws/install/turtlebot3_description:/home/seoyoon/turtlebot3_ws/install/turtlebot3_cartographer:/home/seoyoon/turtlebot3_ws/install/dynamixel_sdk_examples:/home/seoyoon/turtlebot3_ws/install/dynamixel_sdk_custom_interfaces:/home/seoyoon/turtlebot3_ws/install/dynamixel_sdk:/home/seoyoon/turtlebot3_ws/install/turtlebot3_teleop:/home/seoyoon/turtlebot3_ws/install/turtlebot3_example:/opt/ros/humble LD_LIBRARY_PATH=/home/seoyoon/turtlebot3_ws/install/turtlebot3_msgs/lib:/home/seoyoon/turtlebot3_ws/install/dynamixel_sdk_custom_interfaces/lib:/home/seoyoon/turtlebot3_ws/install/dynamixel_sdk/lib:/usr/lib/x86_64-linux-gnu/gazebo-11/plugins:/opt/ros/humble/opt/rviz_ogre_vendor/lib:/opt/ros/humble/lib/x86_64-linux-gnu:/opt/ros/humble/lib:/usr/lib/x86_64-linux-gnu/gazebo-11/plugins /usr/bin/cmake /home/seoyoon/turtlebot3_ws/src/turtlebot3_simulations/turtlebot3_fake_node -DAMENT_CMAKE_SYMLINK_INSTALL=1 -DCMAKE_INSTALL_PREFIX=/home/seoyoon/turtlebot3_ws/install/turtlebot3_fake_node
[0.309s] -- The C compiler identification is GNU 11.4.0
[0.354s] -- The CXX compiler identification is GNU 11.4.0
[0.360s] -- Detecting C compiler ABI info
[0.416s] -- Detecting C compiler ABI info - done
[0.422s] -- Check for working C compiler: /usr/bin/cc - skipped
[0.422s] -- Detecting C compile features
[0.423s] -- Detecting C compile features - done
[0.425s] -- Detecting CXX compiler ABI info
[0.486s] -- Detecting CXX compiler ABI info - done
[0.494s] -- Check for working CXX compiler: /usr/bin/c++ - skipped
[0.495s] -- Detecting CXX compile features
[0.495s] -- Detecting CXX compile features - done
[0.498s] -- Found ament_cmake: 1.3.11 (/opt/ros/humble/share/ament_cmake/cmake)
[0.636s] -- Found Python3: /usr/bin/python3 (found version "3.10.12") found components: Interpreter 
[0.691s] -- Override CMake install command with custom implementation using symlinks instead of copying resources
[0.722s] -- Found geometry_msgs: 4.8.0 (/opt/ros/humble/share/geometry_msgs/cmake)
[0.758s] -- Found rosidl_generator_c: 3.1.6 (/opt/ros/humble/share/rosidl_generator_c/cmake)
[0.763s] -- Found rosidl_adapter: 3.1.6 (/opt/ros/humble/share/rosidl_adapter/cmake)
[0.771s] -- Found rosidl_generator_cpp: 3.1.6 (/opt/ros/humble/share/rosidl_generator_cpp/cmake)
[0.784s] -- Using all available rosidl_typesupport_c: rosidl_typesupport_fastrtps_c;rosidl_typesupport_introspection_c
[0.800s] -- Using all available rosidl_typesupport_cpp: rosidl_typesupport_fastrtps_cpp;rosidl_typesupport_introspection_cpp
[0.837s] -- Found nav_msgs: 4.8.0 (/opt/ros/humble/share/nav_msgs/cmake)
[0.852s] -- Found rclcpp: 16.0.12 (/opt/ros/humble/share/rclcpp/cmake)
[0.890s] -- Found rmw_implementation_cmake: 6.1.2 (/opt/ros/humble/share/rmw_implementation_cmake/cmake)
[0.893s] -- Found rmw_fastrtps_cpp: 6.2.7 (/opt/ros/humble/share/rmw_fastrtps_cpp/cmake)
[0.971s] -- Found OpenSSL: /usr/lib/x86_64-linux-gnu/libcrypto.so (found version "3.0.2")  
[1.010s] -- Found FastRTPS: /opt/ros/humble/include  
[1.064s] -- Using RMW implementation 'rmw_fastrtps_cpp' as default
[1.076s] -- Looking for pthread.h
[1.133s] -- Looking for pthread.h - found
[1.133s] -- Performing Test CMAKE_HAVE_LIBC_PTHREAD
[1.191s] -- Performing Test CMAKE_HAVE_LIBC_PTHREAD - Success
[1.192s] -- Found Threads: TRUE  
[1.232s] -- Found sensor_msgs: 4.8.0 (/opt/ros/humble/share/sensor_msgs/cmake)
[1.248s] -- Found tf2: 0.25.12 (/opt/ros/humble/share/tf2/cmake)
[1.260s] -- Found tf2_msgs: 0.25.12 (/opt/ros/humble/share/tf2_msgs/cmake)
[1.299s] -- Found turtlebot3_msgs: 2.4.0 (/home/seoyoon/turtlebot3_ws/install/turtlebot3_msgs/share/turtlebot3_msgs/cmake)
[1.370s] -- Configuring done
[1.377s] -- Generating done
[1.380s] -- Build files have been written to: /home/seoyoon/turtlebot3_ws/build/turtlebot3_fake_node
[1.388s] Invoked command in '/home/seoyoon/turtlebot3_ws/build/turtlebot3_fake_node' returned '0': CMAKE_PREFIX_PATH=/home/seoyoon/turtlebot3_ws/install/turtlebot3_msgs:/home/seoyoon/turtlebot3_ws/install/turtlebot3:/home/seoyoon/turtlebot3_ws/install/turtlebot3_bringup:/home/seoyoon/turtlebot3_ws/install/turtlebot3_node:/home/seoyoon/turtlebot3_ws/install/turtlebot3_navigation2:/home/seoyoon/turtlebot3_ws/install/turtlebot3_description:/home/seoyoon/turtlebot3_ws/install/turtlebot3_cartographer:/home/seoyoon/turtlebot3_ws/install/dynamixel_sdk_examples:/home/seoyoon/turtlebot3_ws/install/dynamixel_sdk_custom_interfaces:/home/seoyoon/turtlebot3_ws/install/dynamixel_sdk:/home/seoyoon/turtlebot3_ws/install/turtlebot3_teleop:/home/seoyoon/turtlebot3_ws/install/turtlebot3_example:/opt/ros/humble LD_LIBRARY_PATH=/home/seoyoon/turtlebot3_ws/install/turtlebot3_msgs/lib:/home/seoyoon/turtlebot3_ws/install/dynamixel_sdk_custom_interfaces/lib:/home/seoyoon/turtlebot3_ws/install/dynamixel_sdk/lib:/usr/lib/x86_64-linux-gnu/gazebo-11/plugins:/opt/ros/humble/opt/rviz_ogre_vendor/lib:/opt/ros/humble/lib/x86_64-linux-gnu:/opt/ros/humble/lib:/usr/lib/x86_64-linux-gnu/gazebo-11/plugins /usr/bin/cmake /home/seoyoon/turtlebot3_ws/src/turtlebot3_simulations/turtlebot3_fake_node -DAMENT_CMAKE_SYMLINK_INSTALL=1 -DCMAKE_INSTALL_PREFIX=/home/seoyoon/turtlebot3_ws/install/turtlebot3_fake_node
[1.389s] Invoking command in '/home/seoyoon/turtlebot3_ws/build/turtlebot3_fake_node': CMAKE_PREFIX_PATH=/home/seoyoon/turtlebot3_ws/install/turtlebot3_msgs:/home/seoyoon/turtlebot3_ws/install/turtlebot3:/home/seoyoon/turtlebot3_ws/install/turtlebot3_bringup:/home/seoyoon/turtlebot3_ws/install/turtlebot3_node:/home/seoyoon/turtlebot3_ws/install/turtlebot3_navigation2:/home/seoyoon/turtlebot3_ws/install/turtlebot3_description:/home/seoyoon/turtlebot3_ws/install/turtlebot3_cartographer:/home/seoyoon/turtlebot3_ws/install/dynamixel_sdk_examples:/home/seoyoon/turtlebot3_ws/install/dynamixel_sdk_custom_interfaces:/home/seoyoon/turtlebot3_ws/install/dynamixel_sdk:/home/seoyoon/turtlebot3_ws/install/turtlebot3_teleop:/home/seoyoon/turtlebot3_ws/install/turtlebot3_example:/opt/ros/humble LD_LIBRARY_PATH=/home/seoyoon/turtlebot3_ws/install/turtlebot3_msgs/lib:/home/seoyoon/turtlebot3_ws/install/dynamixel_sdk_custom_interfaces/lib:/home/seoyoon/turtlebot3_ws/install/dynamixel_sdk/lib:/usr/lib/x86_64-linux-gnu/gazebo-11/plugins:/opt/ros/humble/opt/rviz_ogre_vendor/lib:/opt/ros/humble/lib/x86_64-linux-gnu:/opt/ros/humble/lib:/usr/lib/x86_64-linux-gnu/gazebo-11/plugins /usr/bin/cmake --build /home/seoyoon/turtlebot3_ws/build/turtlebot3_fake_node -- -j8 -l8
[1.426s] [ 50%] [32mBuilding CXX object CMakeFiles/turtlebot3_fake_node.dir/src/turtlebot3_fake_node.cpp.o[0m
[12.954s] [100%] [32m[1mLinking CXX executable turtlebot3_fake_node[0m
[13.740s] [100%] Built target turtlebot3_fake_node
[13.754s] Invoked command in '/home/seoyoon/turtlebot3_ws/build/turtlebot3_fake_node' returned '0': CMAKE_PREFIX_PATH=/home/seoyoon/turtlebot3_ws/install/turtlebot3_msgs:/home/seoyoon/turtlebot3_ws/install/turtlebot3:/home/seoyoon/turtlebot3_ws/install/turtlebot3_bringup:/home/seoyoon/turtlebot3_ws/install/turtlebot3_node:/home/seoyoon/turtlebot3_ws/install/turtlebot3_navigation2:/home/seoyoon/turtlebot3_ws/install/turtlebot3_description:/home/seoyoon/turtlebot3_ws/install/turtlebot3_cartographer:/home/seoyoon/turtlebot3_ws/install/dynamixel_sdk_examples:/home/seoyoon/turtlebot3_ws/install/dynamixel_sdk_custom_interfaces:/home/seoyoon/turtlebot3_ws/install/dynamixel_sdk:/home/seoyoon/turtlebot3_ws/install/turtlebot3_teleop:/home/seoyoon/turtlebot3_ws/install/turtlebot3_example:/opt/ros/humble LD_LIBRARY_PATH=/home/seoyoon/turtlebot3_ws/install/turtlebot3_msgs/lib:/home/seoyoon/turtlebot3_ws/install/dynamixel_sdk_custom_interfaces/lib:/home/seoyoon/turtlebot3_ws/install/dynamixel_sdk/lib:/usr/lib/x86_64-linux-gnu/gazebo-11/plugins:/opt/ros/humble/opt/rviz_ogre_vendor/lib:/opt/ros/humble/lib/x86_64-linux-gnu:/opt/ros/humble/lib:/usr/lib/x86_64-linux-gnu/gazebo-11/plugins /usr/bin/cmake --build /home/seoyoon/turtlebot3_ws/build/turtlebot3_fake_node -- -j8 -l8
[13.756s] Invoking command in '/home/seoyoon/turtlebot3_ws/build/turtlebot3_fake_node': CMAKE_PREFIX_PATH=/home/seoyoon/turtlebot3_ws/install/turtlebot3_msgs:/home/seoyoon/turtlebot3_ws/install/turtlebot3:/home/seoyoon/turtlebot3_ws/install/turtlebot3_bringup:/home/seoyoon/turtlebot3_ws/install/turtlebot3_node:/home/seoyoon/turtlebot3_ws/install/turtlebot3_navigation2:/home/seoyoon/turtlebot3_ws/install/turtlebot3_description:/home/seoyoon/turtlebot3_ws/install/turtlebot3_cartographer:/home/seoyoon/turtlebot3_ws/install/dynamixel_sdk_examples:/home/seoyoon/turtlebot3_ws/install/dynamixel_sdk_custom_interfaces:/home/seoyoon/turtlebot3_ws/install/dynamixel_sdk:/home/seoyoon/turtlebot3_ws/install/turtlebot3_teleop:/home/seoyoon/turtlebot3_ws/install/turtlebot3_example:/opt/ros/humble LD_LIBRARY_PATH=/home/seoyoon/turtlebot3_ws/install/turtlebot3_msgs/lib:/home/seoyoon/turtlebot3_ws/install/dynamixel_sdk_custom_interfaces/lib:/home/seoyoon/turtlebot3_ws/install/dynamixel_sdk/lib:/usr/lib/x86_64-linux-gnu/gazebo-11/plugins:/opt/ros/humble/opt/rviz_ogre_vendor/lib:/opt/ros/humble/lib/x86_64-linux-gnu:/opt/ros/humble/lib:/usr/lib/x86_64-linux-gnu/gazebo-11/plugins /usr/bin/cmake --install /home/seoyoon/turtlebot3_ws/build/turtlebot3_fake_node
[13.767s] -- Install configuration: ""
[13.768s] -- Execute custom install script
[13.769s] -- Symlinking: /home/seoyoon/turtlebot3_ws/install/turtlebot3_fake_node/lib/turtlebot3_fake_node/turtlebot3_fake_node
[13.780s] -- Symlinking: /home/seoyoon/turtlebot3_ws/install/turtlebot3_fake_node/share/turtlebot3_fake_node/launch/rviz2.launch.py
[13.791s] -- Symlinking: /home/seoyoon/turtlebot3_ws/install/turtlebot3_fake_node/share/turtlebot3_fake_node/launch/turtlebot3_fake_node.launch.py
[13.802s] -- Symlinking: /home/seoyoon/turtlebot3_ws/install/turtlebot3_fake_node/share/turtlebot3_fake_node/param/burger.yaml
[13.813s] -- Symlinking: /home/seoyoon/turtlebot3_ws/install/turtlebot3_fake_node/share/turtlebot3_fake_node/param/waffle.yaml
[13.823s] -- Symlinking: /home/seoyoon/turtlebot3_ws/install/turtlebot3_fake_node/share/turtlebot3_fake_node/param/waffle_pi.yaml
[13.834s] -- Symlinking: /home/seoyoon/turtlebot3_ws/install/turtlebot3_fake_node/include//turtlebot3_fake_node/turtlebot3_fake_node.hpp
[13.847s] -- Symlinking: /home/seoyoon/turtlebot3_ws/install/turtlebot3_fake_node/share/ament_index/resource_index/package_run_dependencies/turtlebot3_fake_node
[13.857s] -- Symlinking: /home/seoyoon/turtlebot3_ws/install/turtlebot3_fake_node/share/ament_index/resource_index/parent_prefix_path/turtlebot3_fake_node
[13.869s] -- Symlinking: /home/seoyoon/turtlebot3_ws/install/turtlebot3_fake_node/share/turtlebot3_fake_node/environment/ament_prefix_path.sh
[13.879s] -- Symlinking: /home/seoyoon/turtlebot3_ws/install/turtlebot3_fake_node/share/turtlebot3_fake_node/environment/ament_prefix_path.dsv
[13.890s] -- Symlinking: /home/seoyoon/turtlebot3_ws/install/turtlebot3_fake_node/share/turtlebot3_fake_node/environment/path.sh
[13.904s] -- Symlinking: /home/seoyoon/turtlebot3_ws/install/turtlebot3_fake_node/share/turtlebot3_fake_node/environment/path.dsv
[13.918s] -- Symlinking: /home/seoyoon/turtlebot3_ws/install/turtlebot3_fake_node/share/turtlebot3_fake_node/local_setup.bash
[13.931s] -- Symlinking: /home/seoyoon/turtlebot3_ws/install/turtlebot3_fake_node/share/turtlebot3_fake_node/local_setup.sh
[13.943s] -- Symlinking: /home/seoyoon/turtlebot3_ws/install/turtlebot3_fake_node/share/turtlebot3_fake_node/local_setup.zsh
[13.952s] -- Symlinking: /home/seoyoon/turtlebot3_ws/install/turtlebot3_fake_node/share/turtlebot3_fake_node/local_setup.dsv
[13.963s] -- Symlinking: /home/seoyoon/turtlebot3_ws/install/turtlebot3_fake_node/share/turtlebot3_fake_node/package.dsv
[13.973s] -- Symlinking: /home/seoyoon/turtlebot3_ws/install/turtlebot3_fake_node/share/ament_index/resource_index/packages/turtlebot3_fake_node
[13.990s] -- Symlinking: /home/seoyoon/turtlebot3_ws/install/turtlebot3_fake_node/share/turtlebot3_fake_node/cmake/ament_cmake_export_include_directories-extras.cmake
[13.996s] -- Symlinking: /home/seoyoon/turtlebot3_ws/install/turtlebot3_fake_node/share/turtlebot3_fake_node/cmake/ament_cmake_export_dependencies-extras.cmake
[14.007s] -- Symlinking: /home/seoyoon/turtlebot3_ws/install/turtlebot3_fake_node/share/turtlebot3_fake_node/cmake/turtlebot3_fake_nodeConfig.cmake
[14.018s] -- Symlinking: /home/seoyoon/turtlebot3_ws/install/turtlebot3_fake_node/share/turtlebot3_fake_node/cmake/turtlebot3_fake_nodeConfig-version.cmake
[14.029s] -- Symlinking: /home/seoyoon/turtlebot3_ws/install/turtlebot3_fake_node/share/turtlebot3_fake_node/package.xml
[14.045s] Invoked command in '/home/seoyoon/turtlebot3_ws/build/turtlebot3_fake_node' returned '0': CMAKE_PREFIX_PATH=/home/seoyoon/turtlebot3_ws/install/turtlebot3_msgs:/home/seoyoon/turtlebot3_ws/install/turtlebot3:/home/seoyoon/turtlebot3_ws/install/turtlebot3_bringup:/home/seoyoon/turtlebot3_ws/install/turtlebot3_node:/home/seoyoon/turtlebot3_ws/install/turtlebot3_navigation2:/home/seoyoon/turtlebot3_ws/install/turtlebot3_description:/home/seoyoon/turtlebot3_ws/install/turtlebot3_cartographer:/home/seoyoon/turtlebot3_ws/install/dynamixel_sdk_examples:/home/seoyoon/turtlebot3_ws/install/dynamixel_sdk_custom_interfaces:/home/seoyoon/turtlebot3_ws/install/dynamixel_sdk:/home/seoyoon/turtlebot3_ws/install/turtlebot3_teleop:/home/seoyoon/turtlebot3_ws/install/turtlebot3_example:/opt/ros/humble LD_LIBRARY_PATH=/home/seoyoon/turtlebot3_ws/install/turtlebot3_msgs/lib:/home/seoyoon/turtlebot3_ws/install/dynamixel_sdk_custom_interfaces/lib:/home/seoyoon/turtlebot3_ws/install/dynamixel_sdk/lib:/usr/lib/x86_64-linux-gnu/gazebo-11/plugins:/opt/ros/humble/opt/rviz_ogre_vendor/lib:/opt/ros/humble/lib/x86_64-linux-gnu:/opt/ros/humble/lib:/usr/lib/x86_64-linux-gnu/gazebo-11/plugins /usr/bin/cmake --install /home/seoyoon/turtlebot3_ws/build/turtlebot3_fake_node
