[0.026s] Invoking command in '/home/seoyoon/turtlebot3_ws/build/turtlebot3_description': CMAKE_PREFIX_PATH=/opt/ros/humble /usr/bin/cmake /home/seoyoon/turtlebot3_ws/src/turtlebot3/turtlebot3_description -DAMENT_CMAKE_SYMLINK_INSTALL=1 -DCMAKE_INSTALL_PREFIX=/home/seoyoon/turtlebot3_ws/install/turtlebot3_description
[0.119s] -- The C compiler identification is GNU 11.4.0
[0.187s] -- The CXX compiler identification is GNU 11.4.0
[0.195s] -- Detecting C compiler ABI info
[0.266s] -- Detecting C compiler ABI info - done
[0.276s] -- Check for working C compiler: /usr/bin/cc - skipped
[0.276s] -- Detecting C compile features
[0.276s] -- Detecting C compile features - done
[0.282s] -- Detecting CXX compiler ABI info
[0.353s] -- Detecting CXX compiler ABI info - done
[0.363s] -- Check for working CXX compiler: /usr/bin/c++ - skipped
[0.363s] -- Detecting CXX compile features
[0.364s] -- Detecting CXX compile features - done
[0.367s] -- Found ament_cmake: 1.3.11 (/opt/ros/humble/share/ament_cmake/cmake)
[0.535s] -- Found Python3: /usr/bin/python3 (found version "3.10.12") found components: Interpreter 
[0.612s] -- Override CMake install command with custom implementation using symlinks instead of copying resources
[0.637s] -- Found urdf: 2.6.1 (/opt/ros/humble/share/urdf/cmake)
[0.769s] -- Configuring done
[0.772s] -- Generating done
[0.772s] -- Build files have been written to: /home/seoyoon/turtlebot3_ws/build/turtlebot3_description
[0.781s] Invoked command in '/home/seoyoon/turtlebot3_ws/build/turtlebot3_description' returned '0': CMAKE_PREFIX_PATH=/opt/ros/humble /usr/bin/cmake /home/seoyoon/turtlebot3_ws/src/turtlebot3/turtlebot3_description -DAMENT_CMAKE_SYMLINK_INSTALL=1 -DCMAKE_INSTALL_PREFIX=/home/seoyoon/turtlebot3_ws/install/turtlebot3_description
[0.783s] Invoking command in '/home/seoyoon/turtlebot3_ws/build/turtlebot3_description': CMAKE_PREFIX_PATH=/opt/ros/humble /usr/bin/cmake --build /home/seoyoon/turtlebot3_ws/build/turtlebot3_description -- -j8 -l8
[0.836s] Invoked command in '/home/seoyoon/turtlebot3_ws/build/turtlebot3_description' returned '0': CMAKE_PREFIX_PATH=/opt/ros/humble /usr/bin/cmake --build /home/seoyoon/turtlebot3_ws/build/turtlebot3_description -- -j8 -l8
[0.837s] Invoking command in '/home/seoyoon/turtlebot3_ws/build/turtlebot3_description': CMAKE_PREFIX_PATH=/opt/ros/humble /usr/bin/cmake --install /home/seoyoon/turtlebot3_ws/build/turtlebot3_description
[1.037s] -- Install configuration: ""
[1.037s] -- Execute custom install script
[1.037s] -- Symlinking: /home/seoyoon/turtlebot3_ws/install/turtlebot3_description/share/turtlebot3_description/meshes/bases/burger_base.stl
[1.038s] -- Symlinking: /home/seoyoon/turtlebot3_ws/install/turtlebot3_description/share/turtlebot3_description/meshes/bases/waffle_base.stl
[1.038s] -- Symlinking: /home/seoyoon/turtlebot3_ws/install/turtlebot3_description/share/turtlebot3_description/meshes/bases/waffle_pi_base.stl
[1.038s] -- Symlinking: /home/seoyoon/turtlebot3_ws/install/turtlebot3_description/share/turtlebot3_description/meshes/sensors/astra.dae
[1.038s] -- Symlinking: /home/seoyoon/turtlebot3_ws/install/turtlebot3_description/share/turtlebot3_description/meshes/sensors/astra.jpg
[1.038s] -- Symlinking: /home/seoyoon/turtlebot3_ws/install/turtlebot3_description/share/turtlebot3_description/meshes/sensors/lds.stl
[1.038s] -- Symlinking: /home/seoyoon/turtlebot3_ws/install/turtlebot3_description/share/turtlebot3_description/meshes/sensors/r200.dae
[1.038s] -- Symlinking: /home/seoyoon/turtlebot3_ws/install/turtlebot3_description/share/turtlebot3_description/meshes/sensors/r200.jpg
[1.038s] -- Symlinking: /home/seoyoon/turtlebot3_ws/install/turtlebot3_description/share/turtlebot3_description/meshes/wheels/left_tire.stl
[1.038s] -- Symlinking: /home/seoyoon/turtlebot3_ws/install/turtlebot3_description/share/turtlebot3_description/meshes/wheels/right_tire.stl
[1.038s] -- Symlinking: /home/seoyoon/turtlebot3_ws/install/turtlebot3_description/share/turtlebot3_description/rviz/model.rviz
[1.046s] -- Symlinking: /home/seoyoon/turtlebot3_ws/install/turtlebot3_description/share/turtlebot3_description/urdf/common_properties.urdf
[1.063s] -- Symlinking: /home/seoyoon/turtlebot3_ws/install/turtlebot3_description/share/turtlebot3_description/urdf/turtlebot3_burger.urdf
[1.090s] -- Symlinking: /home/seoyoon/turtlebot3_ws/install/turtlebot3_description/share/turtlebot3_description/urdf/turtlebot3_waffle.urdf
[1.114s] -- Symlinking: /home/seoyoon/turtlebot3_ws/install/turtlebot3_description/share/turtlebot3_description/urdf/turtlebot3_waffle_pi.urdf
[1.135s] -- Symlinking: /home/seoyoon/turtlebot3_ws/install/turtlebot3_description/share/ament_index/resource_index/package_run_dependencies/turtlebot3_description
[1.158s] -- Symlinking: /home/seoyoon/turtlebot3_ws/install/turtlebot3_description/share/ament_index/resource_index/parent_prefix_path/turtlebot3_description
[1.174s] -- Symlinking: /home/seoyoon/turtlebot3_ws/install/turtlebot3_description/share/turtlebot3_description/environment/ament_prefix_path.sh
[1.193s] -- Symlinking: /home/seoyoon/turtlebot3_ws/install/turtlebot3_description/share/turtlebot3_description/environment/ament_prefix_path.dsv
[1.217s] -- Symlinking: /home/seoyoon/turtlebot3_ws/install/turtlebot3_description/share/turtlebot3_description/environment/path.sh
[1.231s] -- Symlinking: /home/seoyoon/turtlebot3_ws/install/turtlebot3_description/share/turtlebot3_description/environment/path.dsv
[1.251s] -- Symlinking: /home/seoyoon/turtlebot3_ws/install/turtlebot3_description/share/turtlebot3_description/local_setup.bash
[1.273s] -- Symlinking: /home/seoyoon/turtlebot3_ws/install/turtlebot3_description/share/turtlebot3_description/local_setup.sh
[1.291s] -- Symlinking: /home/seoyoon/turtlebot3_ws/install/turtlebot3_description/share/turtlebot3_description/local_setup.zsh
[1.311s] -- Symlinking: /home/seoyoon/turtlebot3_ws/install/turtlebot3_description/share/turtlebot3_description/local_setup.dsv
[1.330s] -- Symlinking: /home/seoyoon/turtlebot3_ws/install/turtlebot3_description/share/turtlebot3_description/package.dsv
[1.352s] -- Symlinking: /home/seoyoon/turtlebot3_ws/install/turtlebot3_description/share/ament_index/resource_index/packages/turtlebot3_description
[1.370s] -- Symlinking: /home/seoyoon/turtlebot3_ws/install/turtlebot3_description/share/turtlebot3_description/cmake/turtlebot3_descriptionConfig.cmake
[1.389s] -- Symlinking: /home/seoyoon/turtlebot3_ws/install/turtlebot3_description/share/turtlebot3_description/cmake/turtlebot3_descriptionConfig-version.cmake
[1.410s] -- Symlinking: /home/seoyoon/turtlebot3_ws/install/turtlebot3_description/share/turtlebot3_description/package.xml
[1.437s] Invoked command in '/home/seoyoon/turtlebot3_ws/build/turtlebot3_description' returned '0': CMAKE_PREFIX_PATH=/opt/ros/humble /usr/bin/cmake --install /home/seoyoon/turtlebot3_ws/build/turtlebot3_description
