[0.009s] Invoking command in '/home/seoyoon/turtlebot3_ws/build/turtlebot3_node': AMENT_PREFIX_PATH=/home/seoyoon/turtlebot3_ws/install/turtlebot3_msgs:/home/seoyoon/turtlebot3_ws/install/dynamixel_sdk:${AMENT_PREFIX_PATH} CMAKE_PREFIX_PATH=/home/seoyoon/turtlebot3_ws/install/turtlebot3_msgs:/home/seoyoon/turtlebot3_ws/install/dynamixel_sdk:/opt/ros/humble LD_LIBRARY_PATH=/home/seoyoon/turtlebot3_ws/install/turtlebot3_msgs/lib:/home/seoyoon/turtlebot3_ws/install/dynamixel_sdk/lib:${LD_LIBRARY_PATH} PYTHONPATH=/home/seoyoon/turtlebot3_ws/install/turtlebot3_msgs/local/lib/python3.10/dist-packages:/home/seoyoon/turtlebot3_ws/install/dynamixel_sdk/local/lib/python3.10/dist-packages:${PYTHONPATH} /usr/bin/cmake /home/seoyoon/turtlebot3_ws/src/turtlebot3/turtlebot3_node -DAMENT_CMAKE_SYMLINK_INSTALL=1 -DCMAKE_INSTALL_PREFIX=/home/seoyoon/turtlebot3_ws/install/turtlebot3_node
[0.047s] -- The C compiler identification is GNU 11.4.0
[0.088s] -- The CXX compiler identification is GNU 11.4.0
[0.093s] -- Detecting C compiler ABI info
[0.142s] -- Detecting C compiler ABI info - done
[0.148s] -- Check for working C compiler: /usr/bin/cc - skipped
[0.148s] -- Detecting C compile features
[0.148s] -- Detecting C compile features - done
[0.150s] -- Detecting CXX compiler ABI info
[0.209s] -- Detecting CXX compiler ABI info - done
[0.219s] -- Check for working CXX compiler: /usr/bin/c++ - skipped
[0.219s] -- Detecting CXX compile features
[0.220s] -- Detecting CXX compile features - done
[0.223s] -- Found ament_cmake: 1.3.11 (/opt/ros/humble/share/ament_cmake/cmake)
[0.340s] -- Found Python3: /usr/bin/python3 (found version "3.10.12") found components: Interpreter 
[0.391s] -- Override CMake install command with custom implementation using symlinks instead of copying resources
[0.422s] -- Found dynamixel_sdk: 3.8.4 (/home/seoyoon/turtlebot3_ws/install/dynamixel_sdk/share/dynamixel_sdk/cmake)
[0.424s] -- Found geometry_msgs: 4.8.0 (/opt/ros/humble/share/geometry_msgs/cmake)
[0.453s] -- Found rosidl_generator_c: 3.1.6 (/opt/ros/humble/share/rosidl_generator_c/cmake)
[0.457s] -- Found rosidl_adapter: 3.1.6 (/opt/ros/humble/share/rosidl_adapter/cmake)
[0.464s] -- Found rosidl_generator_cpp: 3.1.6 (/opt/ros/humble/share/rosidl_generator_cpp/cmake)
[0.473s] -- Using all available rosidl_typesupport_c: rosidl_typesupport_fastrtps_c;rosidl_typesupport_introspection_c
[0.485s] -- Using all available rosidl_typesupport_cpp: rosidl_typesupport_fastrtps_cpp;rosidl_typesupport_introspection_cpp
[0.523s] -- Found message_filters: 4.3.7 (/opt/ros/humble/share/message_filters/cmake)
[0.556s] -- Found rmw_implementation_cmake: 6.1.2 (/opt/ros/humble/share/rmw_implementation_cmake/cmake)
[0.558s] -- Found rmw_fastrtps_cpp: 6.2.7 (/opt/ros/humble/share/rmw_fastrtps_cpp/cmake)
[0.622s] -- Found OpenSSL: /usr/lib/x86_64-linux-gnu/libcrypto.so (found version "3.0.2")  
[0.646s] -- Found FastRTPS: /opt/ros/humble/include  
[0.680s] -- Using RMW implementation 'rmw_fastrtps_cpp' as default
[0.687s] -- Looking for pthread.h
[0.740s] -- Looking for pthread.h - found
[0.740s] -- Performing Test CMAKE_HAVE_LIBC_PTHREAD
[0.794s] -- Performing Test CMAKE_HAVE_LIBC_PTHREAD - Success
[0.795s] -- Found Threads: TRUE  
[0.827s] -- Found nav_msgs: 4.8.0 (/opt/ros/humble/share/nav_msgs/cmake)
[0.846s] -- Found sensor_msgs: 4.8.0 (/opt/ros/humble/share/sensor_msgs/cmake)
[0.864s] -- Found std_srvs: 4.8.0 (/opt/ros/humble/share/std_srvs/cmake)
[0.875s] -- Found tf2: 0.25.12 (/opt/ros/humble/share/tf2/cmake)
[0.886s] -- Found tf2_ros: 0.25.12 (/opt/ros/humble/share/tf2_ros/cmake)
[0.967s] -- Found turtlebot3_msgs: 2.4.0 (/home/seoyoon/turtlebot3_ws/install/turtlebot3_msgs/share/turtlebot3_msgs/cmake)
[1.031s] -- Configuring done
[1.044s] -- Generating done
[1.048s] -- Build files have been written to: /home/seoyoon/turtlebot3_ws/build/turtlebot3_node
[1.057s] Invoked command in '/home/seoyoon/turtlebot3_ws/build/turtlebot3_node' returned '0': AMENT_PREFIX_PATH=/home/seoyoon/turtlebot3_ws/install/turtlebot3_msgs:/home/seoyoon/turtlebot3_ws/install/dynamixel_sdk:${AMENT_PREFIX_PATH} CMAKE_PREFIX_PATH=/home/seoyoon/turtlebot3_ws/install/turtlebot3_msgs:/home/seoyoon/turtlebot3_ws/install/dynamixel_sdk:/opt/ros/humble LD_LIBRARY_PATH=/home/seoyoon/turtlebot3_ws/install/turtlebot3_msgs/lib:/home/seoyoon/turtlebot3_ws/install/dynamixel_sdk/lib:${LD_LIBRARY_PATH} PYTHONPATH=/home/seoyoon/turtlebot3_ws/install/turtlebot3_msgs/local/lib/python3.10/dist-packages:/home/seoyoon/turtlebot3_ws/install/dynamixel_sdk/local/lib/python3.10/dist-packages:${PYTHONPATH} /usr/bin/cmake /home/seoyoon/turtlebot3_ws/src/turtlebot3/turtlebot3_node -DAMENT_CMAKE_SYMLINK_INSTALL=1 -DCMAKE_INSTALL_PREFIX=/home/seoyoon/turtlebot3_ws/install/turtlebot3_node
[1.058s] Invoking command in '/home/seoyoon/turtlebot3_ws/build/turtlebot3_node': AMENT_PREFIX_PATH=/home/seoyoon/turtlebot3_ws/install/turtlebot3_msgs:/home/seoyoon/turtlebot3_ws/install/dynamixel_sdk:${AMENT_PREFIX_PATH} CMAKE_PREFIX_PATH=/home/seoyoon/turtlebot3_ws/install/turtlebot3_msgs:/home/seoyoon/turtlebot3_ws/install/dynamixel_sdk:/opt/ros/humble LD_LIBRARY_PATH=/home/seoyoon/turtlebot3_ws/install/turtlebot3_msgs/lib:/home/seoyoon/turtlebot3_ws/install/dynamixel_sdk/lib:${LD_LIBRARY_PATH} PYTHONPATH=/home/seoyoon/turtlebot3_ws/install/turtlebot3_msgs/local/lib/python3.10/dist-packages:/home/seoyoon/turtlebot3_ws/install/dynamixel_sdk/local/lib/python3.10/dist-packages:${PYTHONPATH} /usr/bin/cmake --build /home/seoyoon/turtlebot3_ws/build/turtlebot3_node -- -j8 -l8
[1.099s] [ 14%] [32mBuilding CXX object CMakeFiles/turtlebot3_node_lib.dir/src/diff_drive_controller.cpp.o[0m
[1.099s] [ 14%] [32mBuilding CXX object CMakeFiles/turtlebot3_node_lib.dir/src/devices/reset.cpp.o[0m
[1.099s] [ 28%] [32mBuilding CXX object CMakeFiles/turtlebot3_node_lib.dir/src/dynamixel_sdk_wrapper.cpp.o[0m
[1.099s] [ 28%] [32mBuilding CXX object CMakeFiles/turtlebot3_node_lib.dir/src/odometry.cpp.o[0m
[1.099s] [ 35%] [32mBuilding CXX object CMakeFiles/turtlebot3_node_lib.dir/src/devices/sound.cpp.o[0m
[1.099s] [ 42%] [32mBuilding CXX object CMakeFiles/turtlebot3_node_lib.dir/src/sensors/battery_state.cpp.o[0m
[1.102s] [ 57%] [32mBuilding CXX object CMakeFiles/turtlebot3_node_lib.dir/src/turtlebot3.cpp.o[0m
[1.103s] [ 57%] [32mBuilding CXX object CMakeFiles/turtlebot3_node_lib.dir/src/devices/motor_power.cpp.o[0m
[1.944s] [ 64%] [32mBuilding CXX object CMakeFiles/turtlebot3_node_lib.dir/src/sensors/imu.cpp.o[0m
[5.542s] [ 71%] [32mBuilding CXX object CMakeFiles/turtlebot3_node_lib.dir/src/sensors/joint_state.cpp.o[0m
[7.046s] [ 78%] [32mBuilding CXX object CMakeFiles/turtlebot3_node_lib.dir/src/sensors/sensor_state.cpp.o[0m
[15.849s] [ 85%] [32m[1mLinking CXX static library libturtlebot3_node_lib.a[0m
[16.270s] [ 85%] Built target turtlebot3_node_lib
[16.286s] [ 92%] [32mBuilding CXX object CMakeFiles/turtlebot3_ros.dir/src/node_main.cpp.o[0m
[18.726s] [100%] [32m[1mLinking CXX executable turtlebot3_ros[0m
[20.326s] [100%] Built target turtlebot3_ros
[20.335s] Invoked command in '/home/seoyoon/turtlebot3_ws/build/turtlebot3_node' returned '0': AMENT_PREFIX_PATH=/home/seoyoon/turtlebot3_ws/install/turtlebot3_msgs:/home/seoyoon/turtlebot3_ws/install/dynamixel_sdk:${AMENT_PREFIX_PATH} CMAKE_PREFIX_PATH=/home/seoyoon/turtlebot3_ws/install/turtlebot3_msgs:/home/seoyoon/turtlebot3_ws/install/dynamixel_sdk:/opt/ros/humble LD_LIBRARY_PATH=/home/seoyoon/turtlebot3_ws/install/turtlebot3_msgs/lib:/home/seoyoon/turtlebot3_ws/install/dynamixel_sdk/lib:${LD_LIBRARY_PATH} PYTHONPATH=/home/seoyoon/turtlebot3_ws/install/turtlebot3_msgs/local/lib/python3.10/dist-packages:/home/seoyoon/turtlebot3_ws/install/dynamixel_sdk/local/lib/python3.10/dist-packages:${PYTHONPATH} /usr/bin/cmake --build /home/seoyoon/turtlebot3_ws/build/turtlebot3_node -- -j8 -l8
[20.337s] Invoking command in '/home/seoyoon/turtlebot3_ws/build/turtlebot3_node': AMENT_PREFIX_PATH=/home/seoyoon/turtlebot3_ws/install/turtlebot3_msgs:/home/seoyoon/turtlebot3_ws/install/dynamixel_sdk:${AMENT_PREFIX_PATH} CMAKE_PREFIX_PATH=/home/seoyoon/turtlebot3_ws/install/turtlebot3_msgs:/home/seoyoon/turtlebot3_ws/install/dynamixel_sdk:/opt/ros/humble LD_LIBRARY_PATH=/home/seoyoon/turtlebot3_ws/install/turtlebot3_msgs/lib:/home/seoyoon/turtlebot3_ws/install/dynamixel_sdk/lib:${LD_LIBRARY_PATH} PYTHONPATH=/home/seoyoon/turtlebot3_ws/install/turtlebot3_msgs/local/lib/python3.10/dist-packages:/home/seoyoon/turtlebot3_ws/install/dynamixel_sdk/local/lib/python3.10/dist-packages:${PYTHONPATH} /usr/bin/cmake --install /home/seoyoon/turtlebot3_ws/build/turtlebot3_node
[20.342s] -- Install configuration: ""
[20.342s] -- Execute custom install script
[20.342s] -- Symlinking: /home/seoyoon/turtlebot3_ws/install/turtlebot3_node/share/turtlebot3_node/param/burger.yaml
[20.348s] -- Symlinking: /home/seoyoon/turtlebot3_ws/install/turtlebot3_node/share/turtlebot3_node/param/waffle.yaml
[20.354s] -- Symlinking: /home/seoyoon/turtlebot3_ws/install/turtlebot3_node/share/turtlebot3_node/param/waffle_pi.yaml
[20.361s] -- Symlinking: /home/seoyoon/turtlebot3_ws/install/turtlebot3_node/lib/turtlebot3_node/turtlebot3_ros
[20.368s] -- Symlinking: /home/seoyoon/turtlebot3_ws/install/turtlebot3_node/share/ament_index/resource_index/package_run_dependencies/turtlebot3_node
[20.374s] -- Symlinking: /home/seoyoon/turtlebot3_ws/install/turtlebot3_node/share/ament_index/resource_index/parent_prefix_path/turtlebot3_node
[20.380s] -- Symlinking: /home/seoyoon/turtlebot3_ws/install/turtlebot3_node/share/turtlebot3_node/environment/ament_prefix_path.sh
[20.386s] -- Symlinking: /home/seoyoon/turtlebot3_ws/install/turtlebot3_node/share/turtlebot3_node/environment/ament_prefix_path.dsv
[20.392s] -- Symlinking: /home/seoyoon/turtlebot3_ws/install/turtlebot3_node/share/turtlebot3_node/environment/path.sh
[20.398s] -- Symlinking: /home/seoyoon/turtlebot3_ws/install/turtlebot3_node/share/turtlebot3_node/environment/path.dsv
[20.405s] -- Symlinking: /home/seoyoon/turtlebot3_ws/install/turtlebot3_node/share/turtlebot3_node/local_setup.bash
[20.412s] -- Symlinking: /home/seoyoon/turtlebot3_ws/install/turtlebot3_node/share/turtlebot3_node/local_setup.sh
[20.417s] -- Symlinking: /home/seoyoon/turtlebot3_ws/install/turtlebot3_node/share/turtlebot3_node/local_setup.zsh
[20.424s] -- Symlinking: /home/seoyoon/turtlebot3_ws/install/turtlebot3_node/share/turtlebot3_node/local_setup.dsv
[20.430s] -- Symlinking: /home/seoyoon/turtlebot3_ws/install/turtlebot3_node/share/turtlebot3_node/package.dsv
[20.435s] -- Symlinking: /home/seoyoon/turtlebot3_ws/install/turtlebot3_node/share/ament_index/resource_index/packages/turtlebot3_node
[20.442s] -- Symlinking: /home/seoyoon/turtlebot3_ws/install/turtlebot3_node/share/turtlebot3_node/cmake/ament_cmake_export_dependencies-extras.cmake
[20.448s] -- Symlinking: /home/seoyoon/turtlebot3_ws/install/turtlebot3_node/share/turtlebot3_node/cmake/ament_cmake_export_include_directories-extras.cmake
[20.453s] -- Symlinking: /home/seoyoon/turtlebot3_ws/install/turtlebot3_node/share/turtlebot3_node/cmake/turtlebot3_nodeConfig.cmake
[20.459s] -- Symlinking: /home/seoyoon/turtlebot3_ws/install/turtlebot3_node/share/turtlebot3_node/cmake/turtlebot3_nodeConfig-version.cmake
[20.466s] -- Symlinking: /home/seoyoon/turtlebot3_ws/install/turtlebot3_node/share/turtlebot3_node/package.xml
[20.473s] Invoked command in '/home/seoyoon/turtlebot3_ws/build/turtlebot3_node' returned '0': AMENT_PREFIX_PATH=/home/seoyoon/turtlebot3_ws/install/turtlebot3_msgs:/home/seoyoon/turtlebot3_ws/install/dynamixel_sdk:${AMENT_PREFIX_PATH} CMAKE_PREFIX_PATH=/home/seoyoon/turtlebot3_ws/install/turtlebot3_msgs:/home/seoyoon/turtlebot3_ws/install/dynamixel_sdk:/opt/ros/humble LD_LIBRARY_PATH=/home/seoyoon/turtlebot3_ws/install/turtlebot3_msgs/lib:/home/seoyoon/turtlebot3_ws/install/dynamixel_sdk/lib:${LD_LIBRARY_PATH} PYTHONPATH=/home/seoyoon/turtlebot3_ws/install/turtlebot3_msgs/local/lib/python3.10/dist-packages:/home/seoyoon/turtlebot3_ws/install/dynamixel_sdk/local/lib/python3.10/dist-packages:${PYTHONPATH} /usr/bin/cmake --install /home/seoyoon/turtlebot3_ws/build/turtlebot3_node
