[0.024s] Invoking command in '/home/seoyoon/turtlebot3_ws/build/dynamixel_sdk_examples': AMENT_PREFIX_PATH=/home/seoyoon/turtlebot3_ws/install/dynamixel_sdk_custom_interfaces:/home/seoyoon/turtlebot3_ws/install/dynamixel_sdk:${AMENT_PREFIX_PATH} CMAKE_PREFIX_PATH=/home/seoyoon/turtlebot3_ws/install/dynamixel_sdk_custom_interfaces:/home/seoyoon/turtlebot3_ws/install/dynamixel_sdk:/opt/ros/humble LD_LIBRARY_PATH=/home/seoyoon/turtlebot3_ws/install/dynamixel_sdk_custom_interfaces/lib:/home/seoyoon/turtlebot3_ws/install/dynamixel_sdk/lib:${LD_LIBRARY_PATH} PYTHONPATH=/home/seoyoon/turtlebot3_ws/install/dynamixel_sdk_custom_interfaces/local/lib/python3.10/dist-packages:/home/seoyoon/turtlebot3_ws/install/dynamixel_sdk/local/lib/python3.10/dist-packages:${PYTHONPATH} /usr/bin/cmake /home/seoyoon/turtlebot3_ws/src/DynamixelSDK/ros/dynamixel_sdk_examples -DAMENT_CMAKE_SYMLINK_INSTALL=1 -DCMAKE_INSTALL_PREFIX=/home/seoyoon/turtlebot3_ws/install/dynamixel_sdk_examples
[0.145s] -- The C compiler identification is GNU 11.4.0
[0.226s] -- The CXX compiler identification is GNU 11.4.0
[0.238s] -- Detecting C compiler ABI info
[0.414s] -- Detecting C compiler ABI info - done
[0.434s] -- Check for working C compiler: /usr/bin/cc - skipped
[0.434s] -- Detecting C compile features
[0.435s] -- Detecting C compile features - done
[0.449s] -- Detecting CXX compiler ABI info
[0.636s] -- Detecting CXX compiler ABI info - done
[0.659s] -- Check for working CXX compiler: /usr/bin/c++ - skipped
[0.659s] -- Detecting CXX compile features
[0.660s] -- Detecting CXX compile features - done
[0.670s] -- Found ament_cmake: 1.3.11 (/opt/ros/humble/share/ament_cmake/cmake)
[0.949s] -- Found Python3: /usr/bin/python3 (found version "3.10.12") found components: Interpreter 
[1.042s] -- Override CMake install command with custom implementation using symlinks instead of copying resources
[1.094s] -- Found dynamixel_sdk: 3.8.4 (/home/seoyoon/turtlebot3_ws/install/dynamixel_sdk/share/dynamixel_sdk/cmake)
[1.095s] -- Found dynamixel_sdk_custom_interfaces: 3.8.4 (/home/seoyoon/turtlebot3_ws/install/dynamixel_sdk_custom_interfaces/share/dynamixel_sdk_custom_interfaces/cmake)
[1.126s] -- Found rosidl_generator_c: 3.1.6 (/opt/ros/humble/share/rosidl_generator_c/cmake)
[1.132s] -- Found rosidl_adapter: 3.1.6 (/opt/ros/humble/share/rosidl_adapter/cmake)
[1.139s] -- Found rosidl_generator_cpp: 3.1.6 (/opt/ros/humble/share/rosidl_generator_cpp/cmake)
[1.149s] -- Using all available rosidl_typesupport_c: rosidl_typesupport_fastrtps_c;rosidl_typesupport_introspection_c
[1.163s] -- Using all available rosidl_typesupport_cpp: rosidl_typesupport_fastrtps_cpp;rosidl_typesupport_introspection_cpp
[1.184s] -- Found rclcpp: 16.0.12 (/opt/ros/humble/share/rclcpp/cmake)
[1.230s] -- Found rmw_implementation_cmake: 6.1.2 (/opt/ros/humble/share/rmw_implementation_cmake/cmake)
[1.233s] -- Found rmw_fastrtps_cpp: 6.2.7 (/opt/ros/humble/share/rmw_fastrtps_cpp/cmake)
[1.327s] -- Found OpenSSL: /usr/lib/x86_64-linux-gnu/libcrypto.so (found version "3.0.2")  
[1.363s] -- Found FastRTPS: /opt/ros/humble/include  
[1.399s] -- Using RMW implementation 'rmw_fastrtps_cpp' as default
[1.409s] -- Looking for pthread.h
[1.460s] -- Looking for pthread.h - found
[1.461s] -- Performing Test CMAKE_HAVE_LIBC_PTHREAD
[1.514s] -- Performing Test CMAKE_HAVE_LIBC_PTHREAD - Success
[1.514s] -- Found Threads: TRUE  
[1.564s] -- Found rclpy: 3.3.16 (/opt/ros/humble/share/rclpy/cmake)
[1.566s] -- Found ament_lint_auto: 0.12.12 (/opt/ros/humble/share/ament_lint_auto/cmake)
[1.631s] -- Added test 'copyright' to check source files copyright and LICENSE
[1.631s] -- Added test 'cppcheck' to perform static code analysis on C / C++ code
[1.631s] -- Configured cppcheck include dirs: /home/seoyoon/turtlebot3_ws/src/DynamixelSDK/ros/dynamixel_sdk_examples/include
[1.632s] -- Configured cppcheck exclude dirs and/or files: 
[1.632s] -- Added test 'cpplint' to check C / C++ code against the Google style
[1.632s] -- Configured cpplint exclude dirs and/or files: 
[1.633s] -- Added test 'flake8' to check Python code syntax and style conventions
[1.633s] -- Added test 'lint_cmake' to check CMake code style
[1.634s] -- Added test 'pep257' to check Python code against some of the docstring style conventions in PEP 257
[1.634s] -- Added test 'uncrustify' to check C / C++ code style
[1.634s] -- Configured uncrustify additional arguments: 
[1.635s] -- Added test 'xmllint' to check XML markup files
[1.636s] -- Configuring done
[1.642s] -- Generating done
[1.644s] -- Build files have been written to: /home/seoyoon/turtlebot3_ws/build/dynamixel_sdk_examples
[1.651s] Invoked command in '/home/seoyoon/turtlebot3_ws/build/dynamixel_sdk_examples' returned '0': AMENT_PREFIX_PATH=/home/seoyoon/turtlebot3_ws/install/dynamixel_sdk_custom_interfaces:/home/seoyoon/turtlebot3_ws/install/dynamixel_sdk:${AMENT_PREFIX_PATH} CMAKE_PREFIX_PATH=/home/seoyoon/turtlebot3_ws/install/dynamixel_sdk_custom_interfaces:/home/seoyoon/turtlebot3_ws/install/dynamixel_sdk:/opt/ros/humble LD_LIBRARY_PATH=/home/seoyoon/turtlebot3_ws/install/dynamixel_sdk_custom_interfaces/lib:/home/seoyoon/turtlebot3_ws/install/dynamixel_sdk/lib:${LD_LIBRARY_PATH} PYTHONPATH=/home/seoyoon/turtlebot3_ws/install/dynamixel_sdk_custom_interfaces/local/lib/python3.10/dist-packages:/home/seoyoon/turtlebot3_ws/install/dynamixel_sdk/local/lib/python3.10/dist-packages:${PYTHONPATH} /usr/bin/cmake /home/seoyoon/turtlebot3_ws/src/DynamixelSDK/ros/dynamixel_sdk_examples -DAMENT_CMAKE_SYMLINK_INSTALL=1 -DCMAKE_INSTALL_PREFIX=/home/seoyoon/turtlebot3_ws/install/dynamixel_sdk_examples
[1.652s] Invoking command in '/home/seoyoon/turtlebot3_ws/build/dynamixel_sdk_examples': AMENT_PREFIX_PATH=/home/seoyoon/turtlebot3_ws/install/dynamixel_sdk_custom_interfaces:/home/seoyoon/turtlebot3_ws/install/dynamixel_sdk:${AMENT_PREFIX_PATH} CMAKE_PREFIX_PATH=/home/seoyoon/turtlebot3_ws/install/dynamixel_sdk_custom_interfaces:/home/seoyoon/turtlebot3_ws/install/dynamixel_sdk:/opt/ros/humble LD_LIBRARY_PATH=/home/seoyoon/turtlebot3_ws/install/dynamixel_sdk_custom_interfaces/lib:/home/seoyoon/turtlebot3_ws/install/dynamixel_sdk/lib:${LD_LIBRARY_PATH} PYTHONPATH=/home/seoyoon/turtlebot3_ws/install/dynamixel_sdk_custom_interfaces/local/lib/python3.10/dist-packages:/home/seoyoon/turtlebot3_ws/install/dynamixel_sdk/local/lib/python3.10/dist-packages:${PYTHONPATH} /usr/bin/cmake --build /home/seoyoon/turtlebot3_ws/build/dynamixel_sdk_examples -- -j8 -l8
[1.687s] [ 50%] [32mBuilding CXX object CMakeFiles/read_write_node.dir/src/read_write_node.cpp.o[0m
[11.381s] [100%] [32m[1mLinking CXX executable read_write_node[0m
[11.996s] [100%] Built target read_write_node
[12.009s] Invoked command in '/home/seoyoon/turtlebot3_ws/build/dynamixel_sdk_examples' returned '0': AMENT_PREFIX_PATH=/home/seoyoon/turtlebot3_ws/install/dynamixel_sdk_custom_interfaces:/home/seoyoon/turtlebot3_ws/install/dynamixel_sdk:${AMENT_PREFIX_PATH} CMAKE_PREFIX_PATH=/home/seoyoon/turtlebot3_ws/install/dynamixel_sdk_custom_interfaces:/home/seoyoon/turtlebot3_ws/install/dynamixel_sdk:/opt/ros/humble LD_LIBRARY_PATH=/home/seoyoon/turtlebot3_ws/install/dynamixel_sdk_custom_interfaces/lib:/home/seoyoon/turtlebot3_ws/install/dynamixel_sdk/lib:${LD_LIBRARY_PATH} PYTHONPATH=/home/seoyoon/turtlebot3_ws/install/dynamixel_sdk_custom_interfaces/local/lib/python3.10/dist-packages:/home/seoyoon/turtlebot3_ws/install/dynamixel_sdk/local/lib/python3.10/dist-packages:${PYTHONPATH} /usr/bin/cmake --build /home/seoyoon/turtlebot3_ws/build/dynamixel_sdk_examples -- -j8 -l8
[12.011s] Invoking command in '/home/seoyoon/turtlebot3_ws/build/dynamixel_sdk_examples': AMENT_PREFIX_PATH=/home/seoyoon/turtlebot3_ws/install/dynamixel_sdk_custom_interfaces:/home/seoyoon/turtlebot3_ws/install/dynamixel_sdk:${AMENT_PREFIX_PATH} CMAKE_PREFIX_PATH=/home/seoyoon/turtlebot3_ws/install/dynamixel_sdk_custom_interfaces:/home/seoyoon/turtlebot3_ws/install/dynamixel_sdk:/opt/ros/humble LD_LIBRARY_PATH=/home/seoyoon/turtlebot3_ws/install/dynamixel_sdk_custom_interfaces/lib:/home/seoyoon/turtlebot3_ws/install/dynamixel_sdk/lib:${LD_LIBRARY_PATH} PYTHONPATH=/home/seoyoon/turtlebot3_ws/install/dynamixel_sdk_custom_interfaces/local/lib/python3.10/dist-packages:/home/seoyoon/turtlebot3_ws/install/dynamixel_sdk/local/lib/python3.10/dist-packages:${PYTHONPATH} /usr/bin/cmake --install /home/seoyoon/turtlebot3_ws/build/dynamixel_sdk_examples
[12.018s] -- Install configuration: ""
[12.019s] -- Execute custom install script
[12.019s] -- Symlinking: /home/seoyoon/turtlebot3_ws/install/dynamixel_sdk_examples/lib/dynamixel_sdk_examples/read_write_node
[12.027s] -- Symlinking: /home/seoyoon/turtlebot3_ws/install/dynamixel_sdk_examples/lib/dynamixel_sdk_examples/read_write_node.py
[12.035s] -- Symlinking: /home/seoyoon/turtlebot3_ws/install/dynamixel_sdk_examples/share/ament_index/resource_index/package_run_dependencies/dynamixel_sdk_examples
[12.043s] -- Symlinking: /home/seoyoon/turtlebot3_ws/install/dynamixel_sdk_examples/share/ament_index/resource_index/parent_prefix_path/dynamixel_sdk_examples
[12.052s] -- Symlinking: /home/seoyoon/turtlebot3_ws/install/dynamixel_sdk_examples/share/dynamixel_sdk_examples/environment/ament_prefix_path.sh
[12.060s] -- Symlinking: /home/seoyoon/turtlebot3_ws/install/dynamixel_sdk_examples/share/dynamixel_sdk_examples/environment/ament_prefix_path.dsv
[12.067s] -- Symlinking: /home/seoyoon/turtlebot3_ws/install/dynamixel_sdk_examples/share/dynamixel_sdk_examples/environment/path.sh
[12.075s] -- Symlinking: /home/seoyoon/turtlebot3_ws/install/dynamixel_sdk_examples/share/dynamixel_sdk_examples/environment/path.dsv
[12.083s] -- Symlinking: /home/seoyoon/turtlebot3_ws/install/dynamixel_sdk_examples/share/dynamixel_sdk_examples/local_setup.bash
[12.091s] -- Symlinking: /home/seoyoon/turtlebot3_ws/install/dynamixel_sdk_examples/share/dynamixel_sdk_examples/local_setup.sh
[12.099s] -- Symlinking: /home/seoyoon/turtlebot3_ws/install/dynamixel_sdk_examples/share/dynamixel_sdk_examples/local_setup.zsh
[12.107s] -- Symlinking: /home/seoyoon/turtlebot3_ws/install/dynamixel_sdk_examples/share/dynamixel_sdk_examples/local_setup.dsv
[12.115s] -- Symlinking: /home/seoyoon/turtlebot3_ws/install/dynamixel_sdk_examples/share/dynamixel_sdk_examples/package.dsv
[12.122s] -- Symlinking: /home/seoyoon/turtlebot3_ws/install/dynamixel_sdk_examples/share/ament_index/resource_index/packages/dynamixel_sdk_examples
[12.130s] -- Symlinking: /home/seoyoon/turtlebot3_ws/install/dynamixel_sdk_examples/share/dynamixel_sdk_examples/cmake/dynamixel_sdk_examplesConfig.cmake
[12.137s] -- Symlinking: /home/seoyoon/turtlebot3_ws/install/dynamixel_sdk_examples/share/dynamixel_sdk_examples/cmake/dynamixel_sdk_examplesConfig-version.cmake
[12.145s] -- Symlinking: /home/seoyoon/turtlebot3_ws/install/dynamixel_sdk_examples/share/dynamixel_sdk_examples/package.xml
[12.155s] Invoked command in '/home/seoyoon/turtlebot3_ws/build/dynamixel_sdk_examples' returned '0': AMENT_PREFIX_PATH=/home/seoyoon/turtlebot3_ws/install/dynamixel_sdk_custom_interfaces:/home/seoyoon/turtlebot3_ws/install/dynamixel_sdk:${AMENT_PREFIX_PATH} CMAKE_PREFIX_PATH=/home/seoyoon/turtlebot3_ws/install/dynamixel_sdk_custom_interfaces:/home/seoyoon/turtlebot3_ws/install/dynamixel_sdk:/opt/ros/humble LD_LIBRARY_PATH=/home/seoyoon/turtlebot3_ws/install/dynamixel_sdk_custom_interfaces/lib:/home/seoyoon/turtlebot3_ws/install/dynamixel_sdk/lib:${LD_LIBRARY_PATH} PYTHONPATH=/home/seoyoon/turtlebot3_ws/install/dynamixel_sdk_custom_interfaces/local/lib/python3.10/dist-packages:/home/seoyoon/turtlebot3_ws/install/dynamixel_sdk/local/lib/python3.10/dist-packages:${PYTHONPATH} /usr/bin/cmake --install /home/seoyoon/turtlebot3_ws/build/dynamixel_sdk_examples
