[0.026s] Invoking command in '/home/seoyoon/turtlebot3_ws/build/turtlebot3_navigation2': CMAKE_PREFIX_PATH=${CMAKE_PREFIX_PATH}:/home/seoyoon/turtlebot3_ws/install/turtlebot3_teleop:/home/seoyoon/turtlebot3_ws/install/turtlebot3_example:/home/seoyoon/turtlebot3_ws/install/turtlebot3_autorace_mission:/home/seoyoon/turtlebot3_ws/install/turtlebot3_autorace_detect:/home/seoyoon/turtlebot3_ws/install/turtlebot3_autorace_camera:/opt/ros/humble /usr/bin/cmake /home/seoyoon/turtlebot3_ws/src/turtlebot3/turtlebot3_navigation2 -DAMENT_CMAKE_SYMLINK_INSTALL=1 -DCMAKE_INSTALL_PREFIX=/home/seoyoon/turtlebot3_ws/install/turtlebot3_navigation2
[0.060s] -- Found ament_cmake: 1.3.11 (/opt/ros/humble/share/ament_cmake/cmake)
[0.269s] -- Override CMake install command with custom implementation using symlinks instead of copying resources
[0.382s] -- Configuring done
[0.393s] -- Generating done
[0.395s] -- Build files have been written to: /home/seoyoon/turtlebot3_ws/build/turtlebot3_navigation2
[0.627s] Invoked command in '/home/seoyoon/turtlebot3_ws/build/turtlebot3_navigation2' returned '0': CMAKE_PREFIX_PATH=${CMAKE_PREFIX_PATH}:/home/seoyoon/turtlebot3_ws/install/turtlebot3_teleop:/home/seoyoon/turtlebot3_ws/install/turtlebot3_example:/home/seoyoon/turtlebot3_ws/install/turtlebot3_autorace_mission:/home/seoyoon/turtlebot3_ws/install/turtlebot3_autorace_detect:/home/seoyoon/turtlebot3_ws/install/turtlebot3_autorace_camera:/opt/ros/humble /usr/bin/cmake /home/seoyoon/turtlebot3_ws/src/turtlebot3/turtlebot3_navigation2 -DAMENT_CMAKE_SYMLINK_INSTALL=1 -DCMAKE_INSTALL_PREFIX=/home/seoyoon/turtlebot3_ws/install/turtlebot3_navigation2
[0.628s] Invoking command in '/home/seoyoon/turtlebot3_ws/build/turtlebot3_navigation2': CMAKE_PREFIX_PATH=${CMAKE_PREFIX_PATH}:/home/seoyoon/turtlebot3_ws/install/turtlebot3_teleop:/home/seoyoon/turtlebot3_ws/install/turtlebot3_example:/home/seoyoon/turtlebot3_ws/install/turtlebot3_autorace_mission:/home/seoyoon/turtlebot3_ws/install/turtlebot3_autorace_detect:/home/seoyoon/turtlebot3_ws/install/turtlebot3_autorace_camera:/opt/ros/humble /usr/bin/cmake --build /home/seoyoon/turtlebot3_ws/build/turtlebot3_navigation2 -- -j8 -l8
[0.676s] Invoked command in '/home/seoyoon/turtlebot3_ws/build/turtlebot3_navigation2' returned '0': CMAKE_PREFIX_PATH=${CMAKE_PREFIX_PATH}:/home/seoyoon/turtlebot3_ws/install/turtlebot3_teleop:/home/seoyoon/turtlebot3_ws/install/turtlebot3_example:/home/seoyoon/turtlebot3_ws/install/turtlebot3_autorace_mission:/home/seoyoon/turtlebot3_ws/install/turtlebot3_autorace_detect:/home/seoyoon/turtlebot3_ws/install/turtlebot3_autorace_camera:/opt/ros/humble /usr/bin/cmake --build /home/seoyoon/turtlebot3_ws/build/turtlebot3_navigation2 -- -j8 -l8
[0.677s] Invoking command in '/home/seoyoon/turtlebot3_ws/build/turtlebot3_navigation2': CMAKE_PREFIX_PATH=${CMAKE_PREFIX_PATH}:/home/seoyoon/turtlebot3_ws/install/turtlebot3_teleop:/home/seoyoon/turtlebot3_ws/install/turtlebot3_example:/home/seoyoon/turtlebot3_ws/install/turtlebot3_autorace_mission:/home/seoyoon/turtlebot3_ws/install/turtlebot3_autorace_detect:/home/seoyoon/turtlebot3_ws/install/turtlebot3_autorace_camera:/opt/ros/humble /usr/bin/cmake --install /home/seoyoon/turtlebot3_ws/build/turtlebot3_navigation2
[0.733s] -- Install configuration: ""
[0.733s] -- Execute custom install script
[0.734s] -- Up-to-date symlink: /home/seoyoon/turtlebot3_ws/install/turtlebot3_navigation2/share/turtlebot3_navigation2/launch/navigation2.launch.py
[0.734s] -- Up-to-date symlink: /home/seoyoon/turtlebot3_ws/install/turtlebot3_navigation2/share/turtlebot3_navigation2/map/map.pgm
[0.734s] -- Up-to-date symlink: /home/seoyoon/turtlebot3_ws/install/turtlebot3_navigation2/share/turtlebot3_navigation2/map/map.yaml
[0.734s] -- Up-to-date symlink: /home/seoyoon/turtlebot3_ws/install/turtlebot3_navigation2/share/turtlebot3_navigation2/param/burger.yaml
[0.734s] -- Up-to-date symlink: /home/seoyoon/turtlebot3_ws/install/turtlebot3_navigation2/share/turtlebot3_navigation2/param/burger_cam.yaml
[0.734s] -- Up-to-date symlink: /home/seoyoon/turtlebot3_ws/install/turtlebot3_navigation2/share/turtlebot3_navigation2/param/humble/burger.yaml
[0.734s] -- Up-to-date symlink: /home/seoyoon/turtlebot3_ws/install/turtlebot3_navigation2/share/turtlebot3_navigation2/param/humble/burger_cam.yaml
[0.734s] -- Up-to-date symlink: /home/seoyoon/turtlebot3_ws/install/turtlebot3_navigation2/share/turtlebot3_navigation2/param/humble/waffle.yaml
[0.734s] -- Up-to-date symlink: /home/seoyoon/turtlebot3_ws/install/turtlebot3_navigation2/share/turtlebot3_navigation2/param/humble/waffle_pi.yaml
[0.734s] -- Up-to-date symlink: /home/seoyoon/turtlebot3_ws/install/turtlebot3_navigation2/share/turtlebot3_navigation2/param/waffle.yaml
[0.734s] -- Up-to-date symlink: /home/seoyoon/turtlebot3_ws/install/turtlebot3_navigation2/share/turtlebot3_navigation2/param/waffle_pi.yaml
[0.734s] -- Up-to-date symlink: /home/seoyoon/turtlebot3_ws/install/turtlebot3_navigation2/share/turtlebot3_navigation2/rviz/tb3_navigation2.rviz
[0.734s] -- Up-to-date symlink: /home/seoyoon/turtlebot3_ws/install/turtlebot3_navigation2/share/ament_index/resource_index/package_run_dependencies/turtlebot3_navigation2
[0.734s] -- Up-to-date symlink: /home/seoyoon/turtlebot3_ws/install/turtlebot3_navigation2/share/ament_index/resource_index/parent_prefix_path/turtlebot3_navigation2
[0.734s] -- Up-to-date symlink: /home/seoyoon/turtlebot3_ws/install/turtlebot3_navigation2/share/turtlebot3_navigation2/environment/ament_prefix_path.sh
[0.734s] -- Up-to-date symlink: /home/seoyoon/turtlebot3_ws/install/turtlebot3_navigation2/share/turtlebot3_navigation2/environment/ament_prefix_path.dsv
[0.735s] -- Up-to-date symlink: /home/seoyoon/turtlebot3_ws/install/turtlebot3_navigation2/share/turtlebot3_navigation2/environment/path.sh
[0.735s] -- Up-to-date symlink: /home/seoyoon/turtlebot3_ws/install/turtlebot3_navigation2/share/turtlebot3_navigation2/environment/path.dsv
[0.735s] -- Up-to-date symlink: /home/seoyoon/turtlebot3_ws/install/turtlebot3_navigation2/share/turtlebot3_navigation2/local_setup.bash
[0.735s] -- Up-to-date symlink: /home/seoyoon/turtlebot3_ws/install/turtlebot3_navigation2/share/turtlebot3_navigation2/local_setup.sh
[0.735s] -- Up-to-date symlink: /home/seoyoon/turtlebot3_ws/install/turtlebot3_navigation2/share/turtlebot3_navigation2/local_setup.zsh
[0.735s] -- Up-to-date symlink: /home/seoyoon/turtlebot3_ws/install/turtlebot3_navigation2/share/turtlebot3_navigation2/local_setup.dsv
[0.735s] -- Symlinking: /home/seoyoon/turtlebot3_ws/install/turtlebot3_navigation2/share/turtlebot3_navigation2/package.dsv
[0.735s] -- Up-to-date symlink: /home/seoyoon/turtlebot3_ws/install/turtlebot3_navigation2/share/ament_index/resource_index/packages/turtlebot3_navigation2
[0.735s] -- Up-to-date symlink: /home/seoyoon/turtlebot3_ws/install/turtlebot3_navigation2/share/turtlebot3_navigation2/cmake/turtlebot3_navigation2Config.cmake
[0.735s] -- Up-to-date symlink: /home/seoyoon/turtlebot3_ws/install/turtlebot3_navigation2/share/turtlebot3_navigation2/cmake/turtlebot3_navigation2Config-version.cmake
[0.735s] -- Up-to-date symlink: /home/seoyoon/turtlebot3_ws/install/turtlebot3_navigation2/share/turtlebot3_navigation2/package.xml
[0.785s] Invoked command in '/home/seoyoon/turtlebot3_ws/build/turtlebot3_navigation2' returned '0': CMAKE_PREFIX_PATH=${CMAKE_PREFIX_PATH}:/home/seoyoon/turtlebot3_ws/install/turtlebot3_teleop:/home/seoyoon/turtlebot3_ws/install/turtlebot3_example:/home/seoyoon/turtlebot3_ws/install/turtlebot3_autorace_mission:/home/seoyoon/turtlebot3_ws/install/turtlebot3_autorace_detect:/home/seoyoon/turtlebot3_ws/install/turtlebot3_autorace_camera:/opt/ros/humble /usr/bin/cmake --install /home/seoyoon/turtlebot3_ws/build/turtlebot3_navigation2
