[1.494s] Invoking command in '/home/seoyoon/turtlebot3_ws/build/turtlebot3_autorace_mission': PYTHONPATH=/home/seoyoon/turtlebot3_ws/build/turtlebot3_autorace_mission/prefix_override:/usr/lib/python3/dist-packages/colcon_core/task/python/colcon_distutils_commands:/home/seoyoon/turtlebot3_ws/install/turtlebot3_autorace_mission/lib/python3.10/site-packages:${PYTHONPATH} /usr/bin/python3 -W ignore:setup.py install is deprecated -W ignore:easy_install command is deprecated setup.py develop --editable --build-directory /home/seoyoon/turtlebot3_ws/build/turtlebot3_autorace_mission/build --no-deps symlink_data
[1.898s] running develop
[2.123s] running egg_info
[2.123s] writing turtlebot3_autorace_mission.egg-info/PKG-INFO
[2.123s] writing dependency_links to turtlebot3_autorace_mission.egg-info/dependency_links.txt
[2.123s] writing entry points to turtlebot3_autorace_mission.egg-info/entry_points.txt
[2.123s] writing requirements to turtlebot3_autorace_mission.egg-info/requires.txt
[2.123s] writing top-level names to turtlebot3_autorace_mission.egg-info/top_level.txt
[2.125s] reading manifest file 'turtlebot3_autorace_mission.egg-info/SOURCES.txt'
[2.126s] writing manifest file 'turtlebot3_autorace_mission.egg-info/SOURCES.txt'
[2.127s] running build_ext
[2.127s] Creating /home/seoyoon/turtlebot3_ws/install/turtlebot3_autorace_mission/lib/python3.10/site-packages/turtlebot3-autorace-mission.egg-link (link to .)
[2.128s] Installing avoid_construction script to /home/seoyoon/turtlebot3_ws/install/turtlebot3_autorace_mission/lib/turtlebot3_autorace_mission
[2.128s] Installing control_lane script to /home/seoyoon/turtlebot3_ws/install/turtlebot3_autorace_mission/lib/turtlebot3_autorace_mission
[2.128s] Installing control_parking script to /home/seoyoon/turtlebot3_ws/install/turtlebot3_autorace_mission/lib/turtlebot3_autorace_mission
[2.128s] Installing mission_tunnel script to /home/seoyoon/turtlebot3_ws/install/turtlebot3_autorace_mission/lib/turtlebot3_autorace_mission
[2.128s] 
[2.128s] Installed /home/seoyoon/turtlebot3_ws/build/turtlebot3_autorace_mission
[2.128s] running symlink_data
[2.298s] Invoked command in '/home/seoyoon/turtlebot3_ws/build/turtlebot3_autorace_mission' returned '0': PYTHONPATH=/home/seoyoon/turtlebot3_ws/build/turtlebot3_autorace_mission/prefix_override:/usr/lib/python3/dist-packages/colcon_core/task/python/colcon_distutils_commands:/home/seoyoon/turtlebot3_ws/install/turtlebot3_autorace_mission/lib/python3.10/site-packages:${PYTHONPATH} /usr/bin/python3 -W ignore:setup.py install is deprecated -W ignore:easy_install command is deprecated setup.py develop --editable --build-directory /home/seoyoon/turtlebot3_ws/build/turtlebot3_autorace_mission/build --no-deps symlink_data
