[0.792s] Invoking command in '/home/seoyoon/turtlebot3_ws/build/turtlebot3_cartographer': CMAKE_PREFIX_PATH=${CMAKE_PREFIX_PATH}:/home/seoyoon/turtlebot3_ws/install/turtlebot3_teleop:/home/seoyoon/turtlebot3_ws/install/turtlebot3_example:/opt/ros/humble /usr/bin/cmake --build /home/seoyoon/turtlebot3_ws/build/turtlebot3_cartographer -- -j8 -l8
[0.845s] Invoked command in '/home/seoyoon/turtlebot3_ws/build/turtlebot3_cartographer' returned '0': CMAKE_PREFIX_PATH=${CMAKE_PREFIX_PATH}:/home/seoyoon/turtlebot3_ws/install/turtlebot3_teleop:/home/seoyoon/turtlebot3_ws/install/turtlebot3_example:/opt/ros/humble /usr/bin/cmake --build /home/seoyoon/turtlebot3_ws/build/turtlebot3_cartographer -- -j8 -l8
[0.851s] Invoking command in '/home/seoyoon/turtlebot3_ws/build/turtlebot3_cartographer': CMAKE_PREFIX_PATH=${CMAKE_PREFIX_PATH}:/home/seoyoon/turtlebot3_ws/install/turtlebot3_teleop:/home/seoyoon/turtlebot3_ws/install/turtlebot3_example:/opt/ros/humble /usr/bin/cmake --install /home/seoyoon/turtlebot3_ws/build/turtlebot3_cartographer
[0.859s] -- Install configuration: ""
[0.859s] -- Execute custom install script
[0.859s] -- Up-to-date symlink: /home/seoyoon/turtlebot3_ws/install/turtlebot3_cartographer/share/turtlebot3_cartographer/config/turtlebot3_lds_2d.lua
[0.859s] -- Up-to-date symlink: /home/seoyoon/turtlebot3_ws/install/turtlebot3_cartographer/share/turtlebot3_cartographer/launch/cartographer.launch.py
[0.859s] -- Up-to-date symlink: /home/seoyoon/turtlebot3_ws/install/turtlebot3_cartographer/share/turtlebot3_cartographer/launch/occupancy_grid.launch.py
[0.860s] -- Up-to-date symlink: /home/seoyoon/turtlebot3_ws/install/turtlebot3_cartographer/share/turtlebot3_cartographer/rviz/tb3_cartographer.rviz
[0.860s] -- Up-to-date symlink: /home/seoyoon/turtlebot3_ws/install/turtlebot3_cartographer/share/ament_index/resource_index/package_run_dependencies/turtlebot3_cartographer
[0.861s] -- Up-to-date symlink: /home/seoyoon/turtlebot3_ws/install/turtlebot3_cartographer/share/ament_index/resource_index/parent_prefix_path/turtlebot3_cartographer
[0.861s] -- Up-to-date symlink: /home/seoyoon/turtlebot3_ws/install/turtlebot3_cartographer/share/turtlebot3_cartographer/environment/ament_prefix_path.sh
[0.861s] -- Up-to-date symlink: /home/seoyoon/turtlebot3_ws/install/turtlebot3_cartographer/share/turtlebot3_cartographer/environment/ament_prefix_path.dsv
[0.861s] -- Up-to-date symlink: /home/seoyoon/turtlebot3_ws/install/turtlebot3_cartographer/share/turtlebot3_cartographer/environment/path.sh
[0.861s] -- Up-to-date symlink: /home/seoyoon/turtlebot3_ws/install/turtlebot3_cartographer/share/turtlebot3_cartographer/environment/path.dsv
[0.861s] -- Up-to-date symlink: /home/seoyoon/turtlebot3_ws/install/turtlebot3_cartographer/share/turtlebot3_cartographer/local_setup.bash
[0.861s] -- Up-to-date symlink: /home/seoyoon/turtlebot3_ws/install/turtlebot3_cartographer/share/turtlebot3_cartographer/local_setup.sh
[0.862s] -- Up-to-date symlink: /home/seoyoon/turtlebot3_ws/install/turtlebot3_cartographer/share/turtlebot3_cartographer/local_setup.zsh
[0.862s] -- Up-to-date symlink: /home/seoyoon/turtlebot3_ws/install/turtlebot3_cartographer/share/turtlebot3_cartographer/local_setup.dsv
[0.862s] -- Symlinking: /home/seoyoon/turtlebot3_ws/install/turtlebot3_cartographer/share/turtlebot3_cartographer/package.dsv
[0.865s] -- Up-to-date symlink: /home/seoyoon/turtlebot3_ws/install/turtlebot3_cartographer/share/ament_index/resource_index/packages/turtlebot3_cartographer
[0.865s] -- Up-to-date symlink: /home/seoyoon/turtlebot3_ws/install/turtlebot3_cartographer/share/turtlebot3_cartographer/cmake/turtlebot3_cartographerConfig.cmake
[0.865s] -- Up-to-date symlink: /home/seoyoon/turtlebot3_ws/install/turtlebot3_cartographer/share/turtlebot3_cartographer/cmake/turtlebot3_cartographerConfig-version.cmake
[0.865s] -- Up-to-date symlink: /home/seoyoon/turtlebot3_ws/install/turtlebot3_cartographer/share/turtlebot3_cartographer/package.xml
[0.897s] Invoked command in '/home/seoyoon/turtlebot3_ws/build/turtlebot3_cartographer' returned '0': CMAKE_PREFIX_PATH=${CMAKE_PREFIX_PATH}:/home/seoyoon/turtlebot3_ws/install/turtlebot3_teleop:/home/seoyoon/turtlebot3_ws/install/turtlebot3_example:/opt/ros/humble /usr/bin/cmake --install /home/seoyoon/turtlebot3_ws/build/turtlebot3_cartographer
